<?xml version="1.0" encoding="UTF-8"?>
<testsuite name="ru.stqa.pft.addressbook.tests.GroupModificationTest" tests="1" skipped="0" failures="0" errors="0" timestamp="2020-09-22T19:10:57" hostname="WIN-NSFR499DEQ9" time="1.861">
  <properties/>
  <testcase name="testGroupModification" classname="ru.stqa.pft.addressbook.tests.GroupModificationTest" time="1.861"/>
  <system-out><![CDATA[22:10:57.380 [Test worker] INFO  r.s.pft.addressbook.tests.TestBase - Start testtestGroupModification with parameters []
Hibernate: select groupdata0_.group_id as group_id1_2_, groupdata0_.group_footer as group_fo2_2_, groupdata0_.group_header as group_he3_2_, groupdata0_.group_name as group_na4_2_ from group_list groupdata0_
Hibernate: select contacts0_.group_id as group_id2_0_0_, contacts0_.id as id1_0_0_, contactdat1_.id as id1_1_1_, contactdat1_.address as address2_1_1_, contactdat1_.bmonth as bmonth3_1_1_, contactdat1_.byear as byear4_1_1_, contactdat1_.email as email5_1_1_, contactdat1_.email2 as email6_1_1_, contactdat1_.email3 as email7_1_1_, contactdat1_.firstname as firstnam8_1_1_, contactdat1_.home as home9_1_1_, contactdat1_.lastname as lastnam10_1_1_, contactdat1_.middlename as middlen11_1_1_, contactdat1_.mobile as mobile12_1_1_, contactdat1_.photo as photo13_1_1_, contactdat1_.work as work14_1_1_ from address_in_groups contacts0_ inner join addressbook contactdat1_ on contacts0_.id=contactdat1_.id where contacts0_.group_id=?
Hibernate: select contacts0_.group_id as group_id2_0_0_, contacts0_.id as id1_0_0_, contactdat1_.id as id1_1_1_, contactdat1_.address as address2_1_1_, contactdat1_.bmonth as bmonth3_1_1_, contactdat1_.byear as byear4_1_1_, contactdat1_.email as email5_1_1_, contactdat1_.email2 as email6_1_1_, contactdat1_.email3 as email7_1_1_, contactdat1_.firstname as firstnam8_1_1_, contactdat1_.home as home9_1_1_, contactdat1_.lastname as lastnam10_1_1_, contactdat1_.middlename as middlen11_1_1_, contactdat1_.mobile as mobile12_1_1_, contactdat1_.photo as photo13_1_1_, contactdat1_.work as work14_1_1_ from address_in_groups contacts0_ inner join addressbook contactdat1_ on contacts0_.id=contactdat1_.id where contacts0_.group_id=?
Hibernate: select contacts0_.group_id as group_id2_0_0_, contacts0_.id as id1_0_0_, contactdat1_.id as id1_1_1_, contactdat1_.address as address2_1_1_, contactdat1_.bmonth as bmonth3_1_1_, contactdat1_.byear as byear4_1_1_, contactdat1_.email as email5_1_1_, contactdat1_.email2 as email6_1_1_, contactdat1_.email3 as email7_1_1_, contactdat1_.firstname as firstnam8_1_1_, contactdat1_.home as home9_1_1_, contactdat1_.lastname as lastnam10_1_1_, contactdat1_.middlename as middlen11_1_1_, contactdat1_.mobile as mobile12_1_1_, contactdat1_.photo as photo13_1_1_, contactdat1_.work as work14_1_1_ from address_in_groups contacts0_ inner join addressbook contactdat1_ on contacts0_.id=contactdat1_.id where contacts0_.group_id=?
Hibernate: select contacts0_.group_id as group_id2_0_0_, contacts0_.id as id1_0_0_, contactdat1_.id as id1_1_1_, contactdat1_.address as address2_1_1_, contactdat1_.bmonth as bmonth3_1_1_, contactdat1_.byear as byear4_1_1_, contactdat1_.email as email5_1_1_, contactdat1_.email2 as email6_1_1_, contactdat1_.email3 as email7_1_1_, contactdat1_.firstname as firstnam8_1_1_, contactdat1_.home as home9_1_1_, contactdat1_.lastname as lastnam10_1_1_, contactdat1_.middlename as middlen11_1_1_, contactdat1_.mobile as mobile12_1_1_, contactdat1_.photo as photo13_1_1_, contactdat1_.work as work14_1_1_ from address_in_groups contacts0_ inner join addressbook contactdat1_ on contacts0_.id=contactdat1_.id where contacts0_.group_id=?
Hibernate: select contacts0_.group_id as group_id2_0_0_, contacts0_.id as id1_0_0_, contactdat1_.id as id1_1_1_, contactdat1_.address as address2_1_1_, contactdat1_.bmonth as bmonth3_1_1_, contactdat1_.byear as byear4_1_1_, contactdat1_.email as email5_1_1_, contactdat1_.email2 as email6_1_1_, contactdat1_.email3 as email7_1_1_, contactdat1_.firstname as firstnam8_1_1_, contactdat1_.home as home9_1_1_, contactdat1_.lastname as lastnam10_1_1_, contactdat1_.middlename as middlen11_1_1_, contactdat1_.mobile as mobile12_1_1_, contactdat1_.photo as photo13_1_1_, contactdat1_.work as work14_1_1_ from address_in_groups contacts0_ inner join addressbook contactdat1_ on contacts0_.id=contactdat1_.id where contacts0_.group_id=?
Hibernate: select contacts0_.group_id as group_id2_0_0_, contacts0_.id as id1_0_0_, contactdat1_.id as id1_1_1_, contactdat1_.address as address2_1_1_, contactdat1_.bmonth as bmonth3_1_1_, contactdat1_.byear as byear4_1_1_, contactdat1_.email as email5_1_1_, contactdat1_.email2 as email6_1_1_, contactdat1_.email3 as email7_1_1_, contactdat1_.firstname as firstnam8_1_1_, contactdat1_.home as home9_1_1_, contactdat1_.lastname as lastnam10_1_1_, contactdat1_.middlename as middlen11_1_1_, contactdat1_.mobile as mobile12_1_1_, contactdat1_.photo as photo13_1_1_, contactdat1_.work as work14_1_1_ from address_in_groups contacts0_ inner join addressbook contactdat1_ on contacts0_.id=contactdat1_.id where contacts0_.group_id=?
Hibernate: select contacts0_.group_id as group_id2_0_0_, contacts0_.id as id1_0_0_, contactdat1_.id as id1_1_1_, contactdat1_.address as address2_1_1_, contactdat1_.bmonth as bmonth3_1_1_, contactdat1_.byear as byear4_1_1_, contactdat1_.email as email5_1_1_, contactdat1_.email2 as email6_1_1_, contactdat1_.email3 as email7_1_1_, contactdat1_.firstname as firstnam8_1_1_, contactdat1_.home as home9_1_1_, contactdat1_.lastname as lastnam10_1_1_, contactdat1_.middlename as middlen11_1_1_, contactdat1_.mobile as mobile12_1_1_, contactdat1_.photo as photo13_1_1_, contactdat1_.work as work14_1_1_ from address_in_groups contacts0_ inner join addressbook contactdat1_ on contacts0_.id=contactdat1_.id where contacts0_.group_id=?
Hibernate: select contacts0_.group_id as group_id2_0_0_, contacts0_.id as id1_0_0_, contactdat1_.id as id1_1_1_, contactdat1_.address as address2_1_1_, contactdat1_.bmonth as bmonth3_1_1_, contactdat1_.byear as byear4_1_1_, contactdat1_.email as email5_1_1_, contactdat1_.email2 as email6_1_1_, contactdat1_.email3 as email7_1_1_, contactdat1_.firstname as firstnam8_1_1_, contactdat1_.home as home9_1_1_, contactdat1_.lastname as lastnam10_1_1_, contactdat1_.middlename as middlen11_1_1_, contactdat1_.mobile as mobile12_1_1_, contactdat1_.photo as photo13_1_1_, contactdat1_.work as work14_1_1_ from address_in_groups contacts0_ inner join addressbook contactdat1_ on contacts0_.id=contactdat1_.id where contacts0_.group_id=?
Hibernate: select contacts0_.group_id as group_id2_0_0_, contacts0_.id as id1_0_0_, contactdat1_.id as id1_1_1_, contactdat1_.address as address2_1_1_, contactdat1_.bmonth as bmonth3_1_1_, contactdat1_.byear as byear4_1_1_, contactdat1_.email as email5_1_1_, contactdat1_.email2 as email6_1_1_, contactdat1_.email3 as email7_1_1_, contactdat1_.firstname as firstnam8_1_1_, contactdat1_.home as home9_1_1_, contactdat1_.lastname as lastnam10_1_1_, contactdat1_.middlename as middlen11_1_1_, contactdat1_.mobile as mobile12_1_1_, contactdat1_.photo as photo13_1_1_, contactdat1_.work as work14_1_1_ from address_in_groups contacts0_ inner join addressbook contactdat1_ on contacts0_.id=contactdat1_.id where contacts0_.group_id=?
Hibernate: select contacts0_.group_id as group_id2_0_0_, contacts0_.id as id1_0_0_, contactdat1_.id as id1_1_1_, contactdat1_.address as address2_1_1_, contactdat1_.bmonth as bmonth3_1_1_, contactdat1_.byear as byear4_1_1_, contactdat1_.email as email5_1_1_, contactdat1_.email2 as email6_1_1_, contactdat1_.email3 as email7_1_1_, contactdat1_.firstname as firstnam8_1_1_, contactdat1_.home as home9_1_1_, contactdat1_.lastname as lastnam10_1_1_, contactdat1_.middlename as middlen11_1_1_, contactdat1_.mobile as mobile12_1_1_, contactdat1_.photo as photo13_1_1_, contactdat1_.work as work14_1_1_ from address_in_groups contacts0_ inner join addressbook contactdat1_ on contacts0_.id=contactdat1_.id where contacts0_.group_id=?
Hibernate: select contacts0_.group_id as group_id2_0_0_, contacts0_.id as id1_0_0_, contactdat1_.id as id1_1_1_, contactdat1_.address as address2_1_1_, contactdat1_.bmonth as bmonth3_1_1_, contactdat1_.byear as byear4_1_1_, contactdat1_.email as email5_1_1_, contactdat1_.email2 as email6_1_1_, contactdat1_.email3 as email7_1_1_, contactdat1_.firstname as firstnam8_1_1_, contactdat1_.home as home9_1_1_, contactdat1_.lastname as lastnam10_1_1_, contactdat1_.middlename as middlen11_1_1_, contactdat1_.mobile as mobile12_1_1_, contactdat1_.photo as photo13_1_1_, contactdat1_.work as work14_1_1_ from address_in_groups contacts0_ inner join addressbook contactdat1_ on contacts0_.id=contactdat1_.id where contacts0_.group_id=?
Hibernate: select contacts0_.group_id as group_id2_0_0_, contacts0_.id as id1_0_0_, contactdat1_.id as id1_1_1_, contactdat1_.address as address2_1_1_, contactdat1_.bmonth as bmonth3_1_1_, contactdat1_.byear as byear4_1_1_, contactdat1_.email as email5_1_1_, contactdat1_.email2 as email6_1_1_, contactdat1_.email3 as email7_1_1_, contactdat1_.firstname as firstnam8_1_1_, contactdat1_.home as home9_1_1_, contactdat1_.lastname as lastnam10_1_1_, contactdat1_.middlename as middlen11_1_1_, contactdat1_.mobile as mobile12_1_1_, contactdat1_.photo as photo13_1_1_, contactdat1_.work as work14_1_1_ from address_in_groups contacts0_ inner join addressbook contactdat1_ on contacts0_.id=contactdat1_.id where contacts0_.group_id=?
Hibernate: select contacts0_.group_id as group_id2_0_0_, contacts0_.id as id1_0_0_, contactdat1_.id as id1_1_1_, contactdat1_.address as address2_1_1_, contactdat1_.bmonth as bmonth3_1_1_, contactdat1_.byear as byear4_1_1_, contactdat1_.email as email5_1_1_, contactdat1_.email2 as email6_1_1_, contactdat1_.email3 as email7_1_1_, contactdat1_.firstname as firstnam8_1_1_, contactdat1_.home as home9_1_1_, contactdat1_.lastname as lastnam10_1_1_, contactdat1_.middlename as middlen11_1_1_, contactdat1_.mobile as mobile12_1_1_, contactdat1_.photo as photo13_1_1_, contactdat1_.work as work14_1_1_ from address_in_groups contacts0_ inner join addressbook contactdat1_ on contacts0_.id=contactdat1_.id where contacts0_.group_id=?
Hibernate: select contacts0_.group_id as group_id2_0_0_, contacts0_.id as id1_0_0_, contactdat1_.id as id1_1_1_, contactdat1_.address as address2_1_1_, contactdat1_.bmonth as bmonth3_1_1_, contactdat1_.byear as byear4_1_1_, contactdat1_.email as email5_1_1_, contactdat1_.email2 as email6_1_1_, contactdat1_.email3 as email7_1_1_, contactdat1_.firstname as firstnam8_1_1_, contactdat1_.home as home9_1_1_, contactdat1_.lastname as lastnam10_1_1_, contactdat1_.middlename as middlen11_1_1_, contactdat1_.mobile as mobile12_1_1_, contactdat1_.photo as photo13_1_1_, contactdat1_.work as work14_1_1_ from address_in_groups contacts0_ inner join addressbook contactdat1_ on contacts0_.id=contactdat1_.id where contacts0_.group_id=?
Hibernate: select contacts0_.group_id as group_id2_0_0_, contacts0_.id as id1_0_0_, contactdat1_.id as id1_1_1_, contactdat1_.address as address2_1_1_, contactdat1_.bmonth as bmonth3_1_1_, contactdat1_.byear as byear4_1_1_, contactdat1_.email as email5_1_1_, contactdat1_.email2 as email6_1_1_, contactdat1_.email3 as email7_1_1_, contactdat1_.firstname as firstnam8_1_1_, contactdat1_.home as home9_1_1_, contactdat1_.lastname as lastnam10_1_1_, contactdat1_.middlename as middlen11_1_1_, contactdat1_.mobile as mobile12_1_1_, contactdat1_.photo as photo13_1_1_, contactdat1_.work as work14_1_1_ from address_in_groups contacts0_ inner join addressbook contactdat1_ on contacts0_.id=contactdat1_.id where contacts0_.group_id=?
Hibernate: select contacts0_.group_id as group_id2_0_0_, contacts0_.id as id1_0_0_, contactdat1_.id as id1_1_1_, contactdat1_.address as address2_1_1_, contactdat1_.bmonth as bmonth3_1_1_, contactdat1_.byear as byear4_1_1_, contactdat1_.email as email5_1_1_, contactdat1_.email2 as email6_1_1_, contactdat1_.email3 as email7_1_1_, contactdat1_.firstname as firstnam8_1_1_, contactdat1_.home as home9_1_1_, contactdat1_.lastname as lastnam10_1_1_, contactdat1_.middlename as middlen11_1_1_, contactdat1_.mobile as mobile12_1_1_, contactdat1_.photo as photo13_1_1_, contactdat1_.work as work14_1_1_ from address_in_groups contacts0_ inner join addressbook contactdat1_ on contacts0_.id=contactdat1_.id where contacts0_.group_id=?
Hibernate: select contacts0_.group_id as group_id2_0_0_, contacts0_.id as id1_0_0_, contactdat1_.id as id1_1_1_, contactdat1_.address as address2_1_1_, contactdat1_.bmonth as bmonth3_1_1_, contactdat1_.byear as byear4_1_1_, contactdat1_.email as email5_1_1_, contactdat1_.email2 as email6_1_1_, contactdat1_.email3 as email7_1_1_, contactdat1_.firstname as firstnam8_1_1_, contactdat1_.home as home9_1_1_, contactdat1_.lastname as lastnam10_1_1_, contactdat1_.middlename as middlen11_1_1_, contactdat1_.mobile as mobile12_1_1_, contactdat1_.photo as photo13_1_1_, contactdat1_.work as work14_1_1_ from address_in_groups contacts0_ inner join addressbook contactdat1_ on contacts0_.id=contactdat1_.id where contacts0_.group_id=?
Hibernate: select contacts0_.group_id as group_id2_0_0_, contacts0_.id as id1_0_0_, contactdat1_.id as id1_1_1_, contactdat1_.address as address2_1_1_, contactdat1_.bmonth as bmonth3_1_1_, contactdat1_.byear as byear4_1_1_, contactdat1_.email as email5_1_1_, contactdat1_.email2 as email6_1_1_, contactdat1_.email3 as email7_1_1_, contactdat1_.firstname as firstnam8_1_1_, contactdat1_.home as home9_1_1_, contactdat1_.lastname as lastnam10_1_1_, contactdat1_.middlename as middlen11_1_1_, contactdat1_.mobile as mobile12_1_1_, contactdat1_.photo as photo13_1_1_, contactdat1_.work as work14_1_1_ from address_in_groups contacts0_ inner join addressbook contactdat1_ on contacts0_.id=contactdat1_.id where contacts0_.group_id=?
Hibernate: select contacts0_.group_id as group_id2_0_0_, contacts0_.id as id1_0_0_, contactdat1_.id as id1_1_1_, contactdat1_.address as address2_1_1_, contactdat1_.bmonth as bmonth3_1_1_, contactdat1_.byear as byear4_1_1_, contactdat1_.email as email5_1_1_, contactdat1_.email2 as email6_1_1_, contactdat1_.email3 as email7_1_1_, contactdat1_.firstname as firstnam8_1_1_, contactdat1_.home as home9_1_1_, contactdat1_.lastname as lastnam10_1_1_, contactdat1_.middlename as middlen11_1_1_, contactdat1_.mobile as mobile12_1_1_, contactdat1_.photo as photo13_1_1_, contactdat1_.work as work14_1_1_ from address_in_groups contacts0_ inner join addressbook contactdat1_ on contacts0_.id=contactdat1_.id where contacts0_.group_id=?
Hibernate: select contacts0_.group_id as group_id2_0_0_, contacts0_.id as id1_0_0_, contactdat1_.id as id1_1_1_, contactdat1_.address as address2_1_1_, contactdat1_.bmonth as bmonth3_1_1_, contactdat1_.byear as byear4_1_1_, contactdat1_.email as email5_1_1_, contactdat1_.email2 as email6_1_1_, contactdat1_.email3 as email7_1_1_, contactdat1_.firstname as firstnam8_1_1_, contactdat1_.home as home9_1_1_, contactdat1_.lastname as lastnam10_1_1_, contactdat1_.middlename as middlen11_1_1_, contactdat1_.mobile as mobile12_1_1_, contactdat1_.photo as photo13_1_1_, contactdat1_.work as work14_1_1_ from address_in_groups contacts0_ inner join addressbook contactdat1_ on contacts0_.id=contactdat1_.id where contacts0_.group_id=?
Hibernate: select contacts0_.group_id as group_id2_0_0_, contacts0_.id as id1_0_0_, contactdat1_.id as id1_1_1_, contactdat1_.address as address2_1_1_, contactdat1_.bmonth as bmonth3_1_1_, contactdat1_.byear as byear4_1_1_, contactdat1_.email as email5_1_1_, contactdat1_.email2 as email6_1_1_, contactdat1_.email3 as email7_1_1_, contactdat1_.firstname as firstnam8_1_1_, contactdat1_.home as home9_1_1_, contactdat1_.lastname as lastnam10_1_1_, contactdat1_.middlename as middlen11_1_1_, contactdat1_.mobile as mobile12_1_1_, contactdat1_.photo as photo13_1_1_, contactdat1_.work as work14_1_1_ from address_in_groups contacts0_ inner join addressbook contactdat1_ on contacts0_.id=contactdat1_.id where contacts0_.group_id=?
Hibernate: select contacts0_.group_id as group_id2_0_0_, contacts0_.id as id1_0_0_, contactdat1_.id as id1_1_1_, contactdat1_.address as address2_1_1_, contactdat1_.bmonth as bmonth3_1_1_, contactdat1_.byear as byear4_1_1_, contactdat1_.email as email5_1_1_, contactdat1_.email2 as email6_1_1_, contactdat1_.email3 as email7_1_1_, contactdat1_.firstname as firstnam8_1_1_, contactdat1_.home as home9_1_1_, contactdat1_.lastname as lastnam10_1_1_, contactdat1_.middlename as middlen11_1_1_, contactdat1_.mobile as mobile12_1_1_, contactdat1_.photo as photo13_1_1_, contactdat1_.work as work14_1_1_ from address_in_groups contacts0_ inner join addressbook contactdat1_ on contacts0_.id=contactdat1_.id where contacts0_.group_id=?
Hibernate: select contacts0_.group_id as group_id2_0_0_, contacts0_.id as id1_0_0_, contactdat1_.id as id1_1_1_, contactdat1_.address as address2_1_1_, contactdat1_.bmonth as bmonth3_1_1_, contactdat1_.byear as byear4_1_1_, contactdat1_.email as email5_1_1_, contactdat1_.email2 as email6_1_1_, contactdat1_.email3 as email7_1_1_, contactdat1_.firstname as firstnam8_1_1_, contactdat1_.home as home9_1_1_, contactdat1_.lastname as lastnam10_1_1_, contactdat1_.middlename as middlen11_1_1_, contactdat1_.mobile as mobile12_1_1_, contactdat1_.photo as photo13_1_1_, contactdat1_.work as work14_1_1_ from address_in_groups contacts0_ inner join addressbook contactdat1_ on contacts0_.id=contactdat1_.id where contacts0_.group_id=?
Hibernate: select contacts0_.group_id as group_id2_0_0_, contacts0_.id as id1_0_0_, contactdat1_.id as id1_1_1_, contactdat1_.address as address2_1_1_, contactdat1_.bmonth as bmonth3_1_1_, contactdat1_.byear as byear4_1_1_, contactdat1_.email as email5_1_1_, contactdat1_.email2 as email6_1_1_, contactdat1_.email3 as email7_1_1_, contactdat1_.firstname as firstnam8_1_1_, contactdat1_.home as home9_1_1_, contactdat1_.lastname as lastnam10_1_1_, contactdat1_.middlename as middlen11_1_1_, contactdat1_.mobile as mobile12_1_1_, contactdat1_.photo as photo13_1_1_, contactdat1_.work as work14_1_1_ from address_in_groups contacts0_ inner join addressbook contactdat1_ on contacts0_.id=contactdat1_.id where contacts0_.group_id=?
Hibernate: select contacts0_.group_id as group_id2_0_0_, contacts0_.id as id1_0_0_, contactdat1_.id as id1_1_1_, contactdat1_.address as address2_1_1_, contactdat1_.bmonth as bmonth3_1_1_, contactdat1_.byear as byear4_1_1_, contactdat1_.email as email5_1_1_, contactdat1_.email2 as email6_1_1_, contactdat1_.email3 as email7_1_1_, contactdat1_.firstname as firstnam8_1_1_, contactdat1_.home as home9_1_1_, contactdat1_.lastname as lastnam10_1_1_, contactdat1_.middlename as middlen11_1_1_, contactdat1_.mobile as mobile12_1_1_, contactdat1_.photo as photo13_1_1_, contactdat1_.work as work14_1_1_ from address_in_groups contacts0_ inner join addressbook contactdat1_ on contacts0_.id=contactdat1_.id where contacts0_.group_id=?
Hibernate: select contacts0_.group_id as group_id2_0_0_, contacts0_.id as id1_0_0_, contactdat1_.id as id1_1_1_, contactdat1_.address as address2_1_1_, contactdat1_.bmonth as bmonth3_1_1_, contactdat1_.byear as byear4_1_1_, contactdat1_.email as email5_1_1_, contactdat1_.email2 as email6_1_1_, contactdat1_.email3 as email7_1_1_, contactdat1_.firstname as firstnam8_1_1_, contactdat1_.home as home9_1_1_, contactdat1_.lastname as lastnam10_1_1_, contactdat1_.middlename as middlen11_1_1_, contactdat1_.mobile as mobile12_1_1_, contactdat1_.photo as photo13_1_1_, contactdat1_.work as work14_1_1_ from address_in_groups contacts0_ inner join addressbook contactdat1_ on contacts0_.id=contactdat1_.id where contacts0_.group_id=?
Hibernate: select contacts0_.group_id as group_id2_0_0_, contacts0_.id as id1_0_0_, contactdat1_.id as id1_1_1_, contactdat1_.address as address2_1_1_, contactdat1_.bmonth as bmonth3_1_1_, contactdat1_.byear as byear4_1_1_, contactdat1_.email as email5_1_1_, contactdat1_.email2 as email6_1_1_, contactdat1_.email3 as email7_1_1_, contactdat1_.firstname as firstnam8_1_1_, contactdat1_.home as home9_1_1_, contactdat1_.lastname as lastnam10_1_1_, contactdat1_.middlename as middlen11_1_1_, contactdat1_.mobile as mobile12_1_1_, contactdat1_.photo as photo13_1_1_, contactdat1_.work as work14_1_1_ from address_in_groups contacts0_ inner join addressbook contactdat1_ on contacts0_.id=contactdat1_.id where contacts0_.group_id=?
Hibernate: select contacts0_.group_id as group_id2_0_0_, contacts0_.id as id1_0_0_, contactdat1_.id as id1_1_1_, contactdat1_.address as address2_1_1_, contactdat1_.bmonth as bmonth3_1_1_, contactdat1_.byear as byear4_1_1_, contactdat1_.email as email5_1_1_, contactdat1_.email2 as email6_1_1_, contactdat1_.email3 as email7_1_1_, contactdat1_.firstname as firstnam8_1_1_, contactdat1_.home as home9_1_1_, contactdat1_.lastname as lastnam10_1_1_, contactdat1_.middlename as middlen11_1_1_, contactdat1_.mobile as mobile12_1_1_, contactdat1_.photo as photo13_1_1_, contactdat1_.work as work14_1_1_ from address_in_groups contacts0_ inner join addressbook contactdat1_ on contacts0_.id=contactdat1_.id where contacts0_.group_id=?
Hibernate: select contacts0_.group_id as group_id2_0_0_, contacts0_.id as id1_0_0_, contactdat1_.id as id1_1_1_, contactdat1_.address as address2_1_1_, contactdat1_.bmonth as bmonth3_1_1_, contactdat1_.byear as byear4_1_1_, contactdat1_.email as email5_1_1_, contactdat1_.email2 as email6_1_1_, contactdat1_.email3 as email7_1_1_, contactdat1_.firstname as firstnam8_1_1_, contactdat1_.home as home9_1_1_, contactdat1_.lastname as lastnam10_1_1_, contactdat1_.middlename as middlen11_1_1_, contactdat1_.mobile as mobile12_1_1_, contactdat1_.photo as photo13_1_1_, contactdat1_.work as work14_1_1_ from address_in_groups contacts0_ inner join addressbook contactdat1_ on contacts0_.id=contactdat1_.id where contacts0_.group_id=?
Hibernate: select contacts0_.group_id as group_id2_0_0_, contacts0_.id as id1_0_0_, contactdat1_.id as id1_1_1_, contactdat1_.address as address2_1_1_, contactdat1_.bmonth as bmonth3_1_1_, contactdat1_.byear as byear4_1_1_, contactdat1_.email as email5_1_1_, contactdat1_.email2 as email6_1_1_, contactdat1_.email3 as email7_1_1_, contactdat1_.firstname as firstnam8_1_1_, contactdat1_.home as home9_1_1_, contactdat1_.lastname as lastnam10_1_1_, contactdat1_.middlename as middlen11_1_1_, contactdat1_.mobile as mobile12_1_1_, contactdat1_.photo as photo13_1_1_, contactdat1_.work as work14_1_1_ from address_in_groups contacts0_ inner join addressbook contactdat1_ on contacts0_.id=contactdat1_.id where contacts0_.group_id=?
Hibernate: select contacts0_.group_id as group_id2_0_0_, contacts0_.id as id1_0_0_, contactdat1_.id as id1_1_1_, contactdat1_.address as address2_1_1_, contactdat1_.bmonth as bmonth3_1_1_, contactdat1_.byear as byear4_1_1_, contactdat1_.email as email5_1_1_, contactdat1_.email2 as email6_1_1_, contactdat1_.email3 as email7_1_1_, contactdat1_.firstname as firstnam8_1_1_, contactdat1_.home as home9_1_1_, contactdat1_.lastname as lastnam10_1_1_, contactdat1_.middlename as middlen11_1_1_, contactdat1_.mobile as mobile12_1_1_, contactdat1_.photo as photo13_1_1_, contactdat1_.work as work14_1_1_ from address_in_groups contacts0_ inner join addressbook contactdat1_ on contacts0_.id=contactdat1_.id where contacts0_.group_id=?
Hibernate: select contacts0_.group_id as group_id2_0_0_, contacts0_.id as id1_0_0_, contactdat1_.id as id1_1_1_, contactdat1_.address as address2_1_1_, contactdat1_.bmonth as bmonth3_1_1_, contactdat1_.byear as byear4_1_1_, contactdat1_.email as email5_1_1_, contactdat1_.email2 as email6_1_1_, contactdat1_.email3 as email7_1_1_, contactdat1_.firstname as firstnam8_1_1_, contactdat1_.home as home9_1_1_, contactdat1_.lastname as lastnam10_1_1_, contactdat1_.middlename as middlen11_1_1_, contactdat1_.mobile as mobile12_1_1_, contactdat1_.photo as photo13_1_1_, contactdat1_.work as work14_1_1_ from address_in_groups contacts0_ inner join addressbook contactdat1_ on contacts0_.id=contactdat1_.id where contacts0_.group_id=?
Hibernate: select contacts0_.group_id as group_id2_0_0_, contacts0_.id as id1_0_0_, contactdat1_.id as id1_1_1_, contactdat1_.address as address2_1_1_, contactdat1_.bmonth as bmonth3_1_1_, contactdat1_.byear as byear4_1_1_, contactdat1_.email as email5_1_1_, contactdat1_.email2 as email6_1_1_, contactdat1_.email3 as email7_1_1_, contactdat1_.firstname as firstnam8_1_1_, contactdat1_.home as home9_1_1_, contactdat1_.lastname as lastnam10_1_1_, contactdat1_.middlename as middlen11_1_1_, contactdat1_.mobile as mobile12_1_1_, contactdat1_.photo as photo13_1_1_, contactdat1_.work as work14_1_1_ from address_in_groups contacts0_ inner join addressbook contactdat1_ on contacts0_.id=contactdat1_.id where contacts0_.group_id=?
Hibernate: select contacts0_.group_id as group_id2_0_0_, contacts0_.id as id1_0_0_, contactdat1_.id as id1_1_1_, contactdat1_.address as address2_1_1_, contactdat1_.bmonth as bmonth3_1_1_, contactdat1_.byear as byear4_1_1_, contactdat1_.email as email5_1_1_, contactdat1_.email2 as email6_1_1_, contactdat1_.email3 as email7_1_1_, contactdat1_.firstname as firstnam8_1_1_, contactdat1_.home as home9_1_1_, contactdat1_.lastname as lastnam10_1_1_, contactdat1_.middlename as middlen11_1_1_, contactdat1_.mobile as mobile12_1_1_, contactdat1_.photo as photo13_1_1_, contactdat1_.work as work14_1_1_ from address_in_groups contacts0_ inner join addressbook contactdat1_ on contacts0_.id=contactdat1_.id where contacts0_.group_id=?
Hibernate: select contacts0_.group_id as group_id2_0_0_, contacts0_.id as id1_0_0_, contactdat1_.id as id1_1_1_, contactdat1_.address as address2_1_1_, contactdat1_.bmonth as bmonth3_1_1_, contactdat1_.byear as byear4_1_1_, contactdat1_.email as email5_1_1_, contactdat1_.email2 as email6_1_1_, contactdat1_.email3 as email7_1_1_, contactdat1_.firstname as firstnam8_1_1_, contactdat1_.home as home9_1_1_, contactdat1_.lastname as lastnam10_1_1_, contactdat1_.middlename as middlen11_1_1_, contactdat1_.mobile as mobile12_1_1_, contactdat1_.photo as photo13_1_1_, contactdat1_.work as work14_1_1_ from address_in_groups contacts0_ inner join addressbook contactdat1_ on contacts0_.id=contactdat1_.id where contacts0_.group_id=?
Hibernate: select contacts0_.group_id as group_id2_0_0_, contacts0_.id as id1_0_0_, contactdat1_.id as id1_1_1_, contactdat1_.address as address2_1_1_, contactdat1_.bmonth as bmonth3_1_1_, contactdat1_.byear as byear4_1_1_, contactdat1_.email as email5_1_1_, contactdat1_.email2 as email6_1_1_, contactdat1_.email3 as email7_1_1_, contactdat1_.firstname as firstnam8_1_1_, contactdat1_.home as home9_1_1_, contactdat1_.lastname as lastnam10_1_1_, contactdat1_.middlename as middlen11_1_1_, contactdat1_.mobile as mobile12_1_1_, contactdat1_.photo as photo13_1_1_, contactdat1_.work as work14_1_1_ from address_in_groups contacts0_ inner join addressbook contactdat1_ on contacts0_.id=contactdat1_.id where contacts0_.group_id=?
Hibernate: select contacts0_.group_id as group_id2_0_0_, contacts0_.id as id1_0_0_, contactdat1_.id as id1_1_1_, contactdat1_.address as address2_1_1_, contactdat1_.bmonth as bmonth3_1_1_, contactdat1_.byear as byear4_1_1_, contactdat1_.email as email5_1_1_, contactdat1_.email2 as email6_1_1_, contactdat1_.email3 as email7_1_1_, contactdat1_.firstname as firstnam8_1_1_, contactdat1_.home as home9_1_1_, contactdat1_.lastname as lastnam10_1_1_, contactdat1_.middlename as middlen11_1_1_, contactdat1_.mobile as mobile12_1_1_, contactdat1_.photo as photo13_1_1_, contactdat1_.work as work14_1_1_ from address_in_groups contacts0_ inner join addressbook contactdat1_ on contacts0_.id=contactdat1_.id where contacts0_.group_id=?
Hibernate: select contacts0_.group_id as group_id2_0_0_, contacts0_.id as id1_0_0_, contactdat1_.id as id1_1_1_, contactdat1_.address as address2_1_1_, contactdat1_.bmonth as bmonth3_1_1_, contactdat1_.byear as byear4_1_1_, contactdat1_.email as email5_1_1_, contactdat1_.email2 as email6_1_1_, contactdat1_.email3 as email7_1_1_, contactdat1_.firstname as firstnam8_1_1_, contactdat1_.home as home9_1_1_, contactdat1_.lastname as lastnam10_1_1_, contactdat1_.middlename as middlen11_1_1_, contactdat1_.mobile as mobile12_1_1_, contactdat1_.photo as photo13_1_1_, contactdat1_.work as work14_1_1_ from address_in_groups contacts0_ inner join addressbook contactdat1_ on contacts0_.id=contactdat1_.id where contacts0_.group_id=?
Hibernate: select contacts0_.group_id as group_id2_0_0_, contacts0_.id as id1_0_0_, contactdat1_.id as id1_1_1_, contactdat1_.address as address2_1_1_, contactdat1_.bmonth as bmonth3_1_1_, contactdat1_.byear as byear4_1_1_, contactdat1_.email as email5_1_1_, contactdat1_.email2 as email6_1_1_, contactdat1_.email3 as email7_1_1_, contactdat1_.firstname as firstnam8_1_1_, contactdat1_.home as home9_1_1_, contactdat1_.lastname as lastnam10_1_1_, contactdat1_.middlename as middlen11_1_1_, contactdat1_.mobile as mobile12_1_1_, contactdat1_.photo as photo13_1_1_, contactdat1_.work as work14_1_1_ from address_in_groups contacts0_ inner join addressbook contactdat1_ on contacts0_.id=contactdat1_.id where contacts0_.group_id=?
Hibernate: select contacts0_.group_id as group_id2_0_0_, contacts0_.id as id1_0_0_, contactdat1_.id as id1_1_1_, contactdat1_.address as address2_1_1_, contactdat1_.bmonth as bmonth3_1_1_, contactdat1_.byear as byear4_1_1_, contactdat1_.email as email5_1_1_, contactdat1_.email2 as email6_1_1_, contactdat1_.email3 as email7_1_1_, contactdat1_.firstname as firstnam8_1_1_, contactdat1_.home as home9_1_1_, contactdat1_.lastname as lastnam10_1_1_, contactdat1_.middlename as middlen11_1_1_, contactdat1_.mobile as mobile12_1_1_, contactdat1_.photo as photo13_1_1_, contactdat1_.work as work14_1_1_ from address_in_groups contacts0_ inner join addressbook contactdat1_ on contacts0_.id=contactdat1_.id where contacts0_.group_id=?
Hibernate: select contacts0_.group_id as group_id2_0_0_, contacts0_.id as id1_0_0_, contactdat1_.id as id1_1_1_, contactdat1_.address as address2_1_1_, contactdat1_.bmonth as bmonth3_1_1_, contactdat1_.byear as byear4_1_1_, contactdat1_.email as email5_1_1_, contactdat1_.email2 as email6_1_1_, contactdat1_.email3 as email7_1_1_, contactdat1_.firstname as firstnam8_1_1_, contactdat1_.home as home9_1_1_, contactdat1_.lastname as lastnam10_1_1_, contactdat1_.middlename as middlen11_1_1_, contactdat1_.mobile as mobile12_1_1_, contactdat1_.photo as photo13_1_1_, contactdat1_.work as work14_1_1_ from address_in_groups contacts0_ inner join addressbook contactdat1_ on contacts0_.id=contactdat1_.id where contacts0_.group_id=?
Hibernate: select contacts0_.group_id as group_id2_0_0_, contacts0_.id as id1_0_0_, contactdat1_.id as id1_1_1_, contactdat1_.address as address2_1_1_, contactdat1_.bmonth as bmonth3_1_1_, contactdat1_.byear as byear4_1_1_, contactdat1_.email as email5_1_1_, contactdat1_.email2 as email6_1_1_, contactdat1_.email3 as email7_1_1_, contactdat1_.firstname as firstnam8_1_1_, contactdat1_.home as home9_1_1_, contactdat1_.lastname as lastnam10_1_1_, contactdat1_.middlename as middlen11_1_1_, contactdat1_.mobile as mobile12_1_1_, contactdat1_.photo as photo13_1_1_, contactdat1_.work as work14_1_1_ from address_in_groups contacts0_ inner join addressbook contactdat1_ on contacts0_.id=contactdat1_.id where contacts0_.group_id=?
Hibernate: select contacts0_.group_id as group_id2_0_0_, contacts0_.id as id1_0_0_, contactdat1_.id as id1_1_1_, contactdat1_.address as address2_1_1_, contactdat1_.bmonth as bmonth3_1_1_, contactdat1_.byear as byear4_1_1_, contactdat1_.email as email5_1_1_, contactdat1_.email2 as email6_1_1_, contactdat1_.email3 as email7_1_1_, contactdat1_.firstname as firstnam8_1_1_, contactdat1_.home as home9_1_1_, contactdat1_.lastname as lastnam10_1_1_, contactdat1_.middlename as middlen11_1_1_, contactdat1_.mobile as mobile12_1_1_, contactdat1_.photo as photo13_1_1_, contactdat1_.work as work14_1_1_ from address_in_groups contacts0_ inner join addressbook contactdat1_ on contacts0_.id=contactdat1_.id where contacts0_.group_id=?
Hibernate: select contacts0_.group_id as group_id2_0_0_, contacts0_.id as id1_0_0_, contactdat1_.id as id1_1_1_, contactdat1_.address as address2_1_1_, contactdat1_.bmonth as bmonth3_1_1_, contactdat1_.byear as byear4_1_1_, contactdat1_.email as email5_1_1_, contactdat1_.email2 as email6_1_1_, contactdat1_.email3 as email7_1_1_, contactdat1_.firstname as firstnam8_1_1_, contactdat1_.home as home9_1_1_, contactdat1_.lastname as lastnam10_1_1_, contactdat1_.middlename as middlen11_1_1_, contactdat1_.mobile as mobile12_1_1_, contactdat1_.photo as photo13_1_1_, contactdat1_.work as work14_1_1_ from address_in_groups contacts0_ inner join addressbook contactdat1_ on contacts0_.id=contactdat1_.id where contacts0_.group_id=?
Hibernate: select contacts0_.group_id as group_id2_0_0_, contacts0_.id as id1_0_0_, contactdat1_.id as id1_1_1_, contactdat1_.address as address2_1_1_, contactdat1_.bmonth as bmonth3_1_1_, contactdat1_.byear as byear4_1_1_, contactdat1_.email as email5_1_1_, contactdat1_.email2 as email6_1_1_, contactdat1_.email3 as email7_1_1_, contactdat1_.firstname as firstnam8_1_1_, contactdat1_.home as home9_1_1_, contactdat1_.lastname as lastnam10_1_1_, contactdat1_.middlename as middlen11_1_1_, contactdat1_.mobile as mobile12_1_1_, contactdat1_.photo as photo13_1_1_, contactdat1_.work as work14_1_1_ from address_in_groups contacts0_ inner join addressbook contactdat1_ on contacts0_.id=contactdat1_.id where contacts0_.group_id=?
Hibernate: select contacts0_.group_id as group_id2_0_0_, contacts0_.id as id1_0_0_, contactdat1_.id as id1_1_1_, contactdat1_.address as address2_1_1_, contactdat1_.bmonth as bmonth3_1_1_, contactdat1_.byear as byear4_1_1_, contactdat1_.email as email5_1_1_, contactdat1_.email2 as email6_1_1_, contactdat1_.email3 as email7_1_1_, contactdat1_.firstname as firstnam8_1_1_, contactdat1_.home as home9_1_1_, contactdat1_.lastname as lastnam10_1_1_, contactdat1_.middlename as middlen11_1_1_, contactdat1_.mobile as mobile12_1_1_, contactdat1_.photo as photo13_1_1_, contactdat1_.work as work14_1_1_ from address_in_groups contacts0_ inner join addressbook contactdat1_ on contacts0_.id=contactdat1_.id where contacts0_.group_id=?
Hibernate: select contacts0_.group_id as group_id2_0_0_, contacts0_.id as id1_0_0_, contactdat1_.id as id1_1_1_, contactdat1_.address as address2_1_1_, contactdat1_.bmonth as bmonth3_1_1_, contactdat1_.byear as byear4_1_1_, contactdat1_.email as email5_1_1_, contactdat1_.email2 as email6_1_1_, contactdat1_.email3 as email7_1_1_, contactdat1_.firstname as firstnam8_1_1_, contactdat1_.home as home9_1_1_, contactdat1_.lastname as lastnam10_1_1_, contactdat1_.middlename as middlen11_1_1_, contactdat1_.mobile as mobile12_1_1_, contactdat1_.photo as photo13_1_1_, contactdat1_.work as work14_1_1_ from address_in_groups contacts0_ inner join addressbook contactdat1_ on contacts0_.id=contactdat1_.id where contacts0_.group_id=?
Hibernate: select contacts0_.group_id as group_id2_0_0_, contacts0_.id as id1_0_0_, contactdat1_.id as id1_1_1_, contactdat1_.address as address2_1_1_, contactdat1_.bmonth as bmonth3_1_1_, contactdat1_.byear as byear4_1_1_, contactdat1_.email as email5_1_1_, contactdat1_.email2 as email6_1_1_, contactdat1_.email3 as email7_1_1_, contactdat1_.firstname as firstnam8_1_1_, contactdat1_.home as home9_1_1_, contactdat1_.lastname as lastnam10_1_1_, contactdat1_.middlename as middlen11_1_1_, contactdat1_.mobile as mobile12_1_1_, contactdat1_.photo as photo13_1_1_, contactdat1_.work as work14_1_1_ from address_in_groups contacts0_ inner join addressbook contactdat1_ on contacts0_.id=contactdat1_.id where contacts0_.group_id=?
Hibernate: select contacts0_.group_id as group_id2_0_0_, contacts0_.id as id1_0_0_, contactdat1_.id as id1_1_1_, contactdat1_.address as address2_1_1_, contactdat1_.bmonth as bmonth3_1_1_, contactdat1_.byear as byear4_1_1_, contactdat1_.email as email5_1_1_, contactdat1_.email2 as email6_1_1_, contactdat1_.email3 as email7_1_1_, contactdat1_.firstname as firstnam8_1_1_, contactdat1_.home as home9_1_1_, contactdat1_.lastname as lastnam10_1_1_, contactdat1_.middlename as middlen11_1_1_, contactdat1_.mobile as mobile12_1_1_, contactdat1_.photo as photo13_1_1_, contactdat1_.work as work14_1_1_ from address_in_groups contacts0_ inner join addressbook contactdat1_ on contacts0_.id=contactdat1_.id where contacts0_.group_id=?
Hibernate: select contacts0_.group_id as group_id2_0_0_, contacts0_.id as id1_0_0_, contactdat1_.id as id1_1_1_, contactdat1_.address as address2_1_1_, contactdat1_.bmonth as bmonth3_1_1_, contactdat1_.byear as byear4_1_1_, contactdat1_.email as email5_1_1_, contactdat1_.email2 as email6_1_1_, contactdat1_.email3 as email7_1_1_, contactdat1_.firstname as firstnam8_1_1_, contactdat1_.home as home9_1_1_, contactdat1_.lastname as lastnam10_1_1_, contactdat1_.middlename as middlen11_1_1_, contactdat1_.mobile as mobile12_1_1_, contactdat1_.photo as photo13_1_1_, contactdat1_.work as work14_1_1_ from address_in_groups contacts0_ inner join addressbook contactdat1_ on contacts0_.id=contactdat1_.id where contacts0_.group_id=?
Hibernate: select contacts0_.group_id as group_id2_0_0_, contacts0_.id as id1_0_0_, contactdat1_.id as id1_1_1_, contactdat1_.address as address2_1_1_, contactdat1_.bmonth as bmonth3_1_1_, contactdat1_.byear as byear4_1_1_, contactdat1_.email as email5_1_1_, contactdat1_.email2 as email6_1_1_, contactdat1_.email3 as email7_1_1_, contactdat1_.firstname as firstnam8_1_1_, contactdat1_.home as home9_1_1_, contactdat1_.lastname as lastnam10_1_1_, contactdat1_.middlename as middlen11_1_1_, contactdat1_.mobile as mobile12_1_1_, contactdat1_.photo as photo13_1_1_, contactdat1_.work as work14_1_1_ from address_in_groups contacts0_ inner join addressbook contactdat1_ on contacts0_.id=contactdat1_.id where contacts0_.group_id=?
Hibernate: select contacts0_.group_id as group_id2_0_0_, contacts0_.id as id1_0_0_, contactdat1_.id as id1_1_1_, contactdat1_.address as address2_1_1_, contactdat1_.bmonth as bmonth3_1_1_, contactdat1_.byear as byear4_1_1_, contactdat1_.email as email5_1_1_, contactdat1_.email2 as email6_1_1_, contactdat1_.email3 as email7_1_1_, contactdat1_.firstname as firstnam8_1_1_, contactdat1_.home as home9_1_1_, contactdat1_.lastname as lastnam10_1_1_, contactdat1_.middlename as middlen11_1_1_, contactdat1_.mobile as mobile12_1_1_, contactdat1_.photo as photo13_1_1_, contactdat1_.work as work14_1_1_ from address_in_groups contacts0_ inner join addressbook contactdat1_ on contacts0_.id=contactdat1_.id where contacts0_.group_id=?
Hibernate: select contacts0_.group_id as group_id2_0_0_, contacts0_.id as id1_0_0_, contactdat1_.id as id1_1_1_, contactdat1_.address as address2_1_1_, contactdat1_.bmonth as bmonth3_1_1_, contactdat1_.byear as byear4_1_1_, contactdat1_.email as email5_1_1_, contactdat1_.email2 as email6_1_1_, contactdat1_.email3 as email7_1_1_, contactdat1_.firstname as firstnam8_1_1_, contactdat1_.home as home9_1_1_, contactdat1_.lastname as lastnam10_1_1_, contactdat1_.middlename as middlen11_1_1_, contactdat1_.mobile as mobile12_1_1_, contactdat1_.photo as photo13_1_1_, contactdat1_.work as work14_1_1_ from address_in_groups contacts0_ inner join addressbook contactdat1_ on contacts0_.id=contactdat1_.id where contacts0_.group_id=?
Hibernate: select contacts0_.group_id as group_id2_0_0_, contacts0_.id as id1_0_0_, contactdat1_.id as id1_1_1_, contactdat1_.address as address2_1_1_, contactdat1_.bmonth as bmonth3_1_1_, contactdat1_.byear as byear4_1_1_, contactdat1_.email as email5_1_1_, contactdat1_.email2 as email6_1_1_, contactdat1_.email3 as email7_1_1_, contactdat1_.firstname as firstnam8_1_1_, contactdat1_.home as home9_1_1_, contactdat1_.lastname as lastnam10_1_1_, contactdat1_.middlename as middlen11_1_1_, contactdat1_.mobile as mobile12_1_1_, contactdat1_.photo as photo13_1_1_, contactdat1_.work as work14_1_1_ from address_in_groups contacts0_ inner join addressbook contactdat1_ on contacts0_.id=contactdat1_.id where contacts0_.group_id=?
Hibernate: select contacts0_.group_id as group_id2_0_0_, contacts0_.id as id1_0_0_, contactdat1_.id as id1_1_1_, contactdat1_.address as address2_1_1_, contactdat1_.bmonth as bmonth3_1_1_, contactdat1_.byear as byear4_1_1_, contactdat1_.email as email5_1_1_, contactdat1_.email2 as email6_1_1_, contactdat1_.email3 as email7_1_1_, contactdat1_.firstname as firstnam8_1_1_, contactdat1_.home as home9_1_1_, contactdat1_.lastname as lastnam10_1_1_, contactdat1_.middlename as middlen11_1_1_, contactdat1_.mobile as mobile12_1_1_, contactdat1_.photo as photo13_1_1_, contactdat1_.work as work14_1_1_ from address_in_groups contacts0_ inner join addressbook contactdat1_ on contacts0_.id=contactdat1_.id where contacts0_.group_id=?
Hibernate: select contacts0_.group_id as group_id2_0_0_, contacts0_.id as id1_0_0_, contactdat1_.id as id1_1_1_, contactdat1_.address as address2_1_1_, contactdat1_.bmonth as bmonth3_1_1_, contactdat1_.byear as byear4_1_1_, contactdat1_.email as email5_1_1_, contactdat1_.email2 as email6_1_1_, contactdat1_.email3 as email7_1_1_, contactdat1_.firstname as firstnam8_1_1_, contactdat1_.home as home9_1_1_, contactdat1_.lastname as lastnam10_1_1_, contactdat1_.middlename as middlen11_1_1_, contactdat1_.mobile as mobile12_1_1_, contactdat1_.photo as photo13_1_1_, contactdat1_.work as work14_1_1_ from address_in_groups contacts0_ inner join addressbook contactdat1_ on contacts0_.id=contactdat1_.id where contacts0_.group_id=?
Hibernate: select contacts0_.group_id as group_id2_0_0_, contacts0_.id as id1_0_0_, contactdat1_.id as id1_1_1_, contactdat1_.address as address2_1_1_, contactdat1_.bmonth as bmonth3_1_1_, contactdat1_.byear as byear4_1_1_, contactdat1_.email as email5_1_1_, contactdat1_.email2 as email6_1_1_, contactdat1_.email3 as email7_1_1_, contactdat1_.firstname as firstnam8_1_1_, contactdat1_.home as home9_1_1_, contactdat1_.lastname as lastnam10_1_1_, contactdat1_.middlename as middlen11_1_1_, contactdat1_.mobile as mobile12_1_1_, contactdat1_.photo as photo13_1_1_, contactdat1_.work as work14_1_1_ from address_in_groups contacts0_ inner join addressbook contactdat1_ on contacts0_.id=contactdat1_.id where contacts0_.group_id=?
Hibernate: select contacts0_.group_id as group_id2_0_0_, contacts0_.id as id1_0_0_, contactdat1_.id as id1_1_1_, contactdat1_.address as address2_1_1_, contactdat1_.bmonth as bmonth3_1_1_, contactdat1_.byear as byear4_1_1_, contactdat1_.email as email5_1_1_, contactdat1_.email2 as email6_1_1_, contactdat1_.email3 as email7_1_1_, contactdat1_.firstname as firstnam8_1_1_, contactdat1_.home as home9_1_1_, contactdat1_.lastname as lastnam10_1_1_, contactdat1_.middlename as middlen11_1_1_, contactdat1_.mobile as mobile12_1_1_, contactdat1_.photo as photo13_1_1_, contactdat1_.work as work14_1_1_ from address_in_groups contacts0_ inner join addressbook contactdat1_ on contacts0_.id=contactdat1_.id where contacts0_.group_id=?
Hibernate: select contacts0_.group_id as group_id2_0_0_, contacts0_.id as id1_0_0_, contactdat1_.id as id1_1_1_, contactdat1_.address as address2_1_1_, contactdat1_.bmonth as bmonth3_1_1_, contactdat1_.byear as byear4_1_1_, contactdat1_.email as email5_1_1_, contactdat1_.email2 as email6_1_1_, contactdat1_.email3 as email7_1_1_, contactdat1_.firstname as firstnam8_1_1_, contactdat1_.home as home9_1_1_, contactdat1_.lastname as lastnam10_1_1_, contactdat1_.middlename as middlen11_1_1_, contactdat1_.mobile as mobile12_1_1_, contactdat1_.photo as photo13_1_1_, contactdat1_.work as work14_1_1_ from address_in_groups contacts0_ inner join addressbook contactdat1_ on contacts0_.id=contactdat1_.id where contacts0_.group_id=?
Hibernate: select contacts0_.group_id as group_id2_0_0_, contacts0_.id as id1_0_0_, contactdat1_.id as id1_1_1_, contactdat1_.address as address2_1_1_, contactdat1_.bmonth as bmonth3_1_1_, contactdat1_.byear as byear4_1_1_, contactdat1_.email as email5_1_1_, contactdat1_.email2 as email6_1_1_, contactdat1_.email3 as email7_1_1_, contactdat1_.firstname as firstnam8_1_1_, contactdat1_.home as home9_1_1_, contactdat1_.lastname as lastnam10_1_1_, contactdat1_.middlename as middlen11_1_1_, contactdat1_.mobile as mobile12_1_1_, contactdat1_.photo as photo13_1_1_, contactdat1_.work as work14_1_1_ from address_in_groups contacts0_ inner join addressbook contactdat1_ on contacts0_.id=contactdat1_.id where contacts0_.group_id=?
Hibernate: select contacts0_.group_id as group_id2_0_0_, contacts0_.id as id1_0_0_, contactdat1_.id as id1_1_1_, contactdat1_.address as address2_1_1_, contactdat1_.bmonth as bmonth3_1_1_, contactdat1_.byear as byear4_1_1_, contactdat1_.email as email5_1_1_, contactdat1_.email2 as email6_1_1_, contactdat1_.email3 as email7_1_1_, contactdat1_.firstname as firstnam8_1_1_, contactdat1_.home as home9_1_1_, contactdat1_.lastname as lastnam10_1_1_, contactdat1_.middlename as middlen11_1_1_, contactdat1_.mobile as mobile12_1_1_, contactdat1_.photo as photo13_1_1_, contactdat1_.work as work14_1_1_ from address_in_groups contacts0_ inner join addressbook contactdat1_ on contacts0_.id=contactdat1_.id where contacts0_.group_id=?
Hibernate: select contacts0_.group_id as group_id2_0_0_, contacts0_.id as id1_0_0_, contactdat1_.id as id1_1_1_, contactdat1_.address as address2_1_1_, contactdat1_.bmonth as bmonth3_1_1_, contactdat1_.byear as byear4_1_1_, contactdat1_.email as email5_1_1_, contactdat1_.email2 as email6_1_1_, contactdat1_.email3 as email7_1_1_, contactdat1_.firstname as firstnam8_1_1_, contactdat1_.home as home9_1_1_, contactdat1_.lastname as lastnam10_1_1_, contactdat1_.middlename as middlen11_1_1_, contactdat1_.mobile as mobile12_1_1_, contactdat1_.photo as photo13_1_1_, contactdat1_.work as work14_1_1_ from address_in_groups contacts0_ inner join addressbook contactdat1_ on contacts0_.id=contactdat1_.id where contacts0_.group_id=?
Hibernate: select contacts0_.group_id as group_id2_0_0_, contacts0_.id as id1_0_0_, contactdat1_.id as id1_1_1_, contactdat1_.address as address2_1_1_, contactdat1_.bmonth as bmonth3_1_1_, contactdat1_.byear as byear4_1_1_, contactdat1_.email as email5_1_1_, contactdat1_.email2 as email6_1_1_, contactdat1_.email3 as email7_1_1_, contactdat1_.firstname as firstnam8_1_1_, contactdat1_.home as home9_1_1_, contactdat1_.lastname as lastnam10_1_1_, contactdat1_.middlename as middlen11_1_1_, contactdat1_.mobile as mobile12_1_1_, contactdat1_.photo as photo13_1_1_, contactdat1_.work as work14_1_1_ from address_in_groups contacts0_ inner join addressbook contactdat1_ on contacts0_.id=contactdat1_.id where contacts0_.group_id=?
Hibernate: select contacts0_.group_id as group_id2_0_0_, contacts0_.id as id1_0_0_, contactdat1_.id as id1_1_1_, contactdat1_.address as address2_1_1_, contactdat1_.bmonth as bmonth3_1_1_, contactdat1_.byear as byear4_1_1_, contactdat1_.email as email5_1_1_, contactdat1_.email2 as email6_1_1_, contactdat1_.email3 as email7_1_1_, contactdat1_.firstname as firstnam8_1_1_, contactdat1_.home as home9_1_1_, contactdat1_.lastname as lastnam10_1_1_, contactdat1_.middlename as middlen11_1_1_, contactdat1_.mobile as mobile12_1_1_, contactdat1_.photo as photo13_1_1_, contactdat1_.work as work14_1_1_ from address_in_groups contacts0_ inner join addressbook contactdat1_ on contacts0_.id=contactdat1_.id where contacts0_.group_id=?
Hibernate: select contacts0_.group_id as group_id2_0_0_, contacts0_.id as id1_0_0_, contactdat1_.id as id1_1_1_, contactdat1_.address as address2_1_1_, contactdat1_.bmonth as bmonth3_1_1_, contactdat1_.byear as byear4_1_1_, contactdat1_.email as email5_1_1_, contactdat1_.email2 as email6_1_1_, contactdat1_.email3 as email7_1_1_, contactdat1_.firstname as firstnam8_1_1_, contactdat1_.home as home9_1_1_, contactdat1_.lastname as lastnam10_1_1_, contactdat1_.middlename as middlen11_1_1_, contactdat1_.mobile as mobile12_1_1_, contactdat1_.photo as photo13_1_1_, contactdat1_.work as work14_1_1_ from address_in_groups contacts0_ inner join addressbook contactdat1_ on contacts0_.id=contactdat1_.id where contacts0_.group_id=?
Hibernate: select contacts0_.group_id as group_id2_0_0_, contacts0_.id as id1_0_0_, contactdat1_.id as id1_1_1_, contactdat1_.address as address2_1_1_, contactdat1_.bmonth as bmonth3_1_1_, contactdat1_.byear as byear4_1_1_, contactdat1_.email as email5_1_1_, contactdat1_.email2 as email6_1_1_, contactdat1_.email3 as email7_1_1_, contactdat1_.firstname as firstnam8_1_1_, contactdat1_.home as home9_1_1_, contactdat1_.lastname as lastnam10_1_1_, contactdat1_.middlename as middlen11_1_1_, contactdat1_.mobile as mobile12_1_1_, contactdat1_.photo as photo13_1_1_, contactdat1_.work as work14_1_1_ from address_in_groups contacts0_ inner join addressbook contactdat1_ on contacts0_.id=contactdat1_.id where contacts0_.group_id=?
Hibernate: select contacts0_.group_id as group_id2_0_0_, contacts0_.id as id1_0_0_, contactdat1_.id as id1_1_1_, contactdat1_.address as address2_1_1_, contactdat1_.bmonth as bmonth3_1_1_, contactdat1_.byear as byear4_1_1_, contactdat1_.email as email5_1_1_, contactdat1_.email2 as email6_1_1_, contactdat1_.email3 as email7_1_1_, contactdat1_.firstname as firstnam8_1_1_, contactdat1_.home as home9_1_1_, contactdat1_.lastname as lastnam10_1_1_, contactdat1_.middlename as middlen11_1_1_, contactdat1_.mobile as mobile12_1_1_, contactdat1_.photo as photo13_1_1_, contactdat1_.work as work14_1_1_ from address_in_groups contacts0_ inner join addressbook contactdat1_ on contacts0_.id=contactdat1_.id where contacts0_.group_id=?
Hibernate: select contacts0_.group_id as group_id2_0_0_, contacts0_.id as id1_0_0_, contactdat1_.id as id1_1_1_, contactdat1_.address as address2_1_1_, contactdat1_.bmonth as bmonth3_1_1_, contactdat1_.byear as byear4_1_1_, contactdat1_.email as email5_1_1_, contactdat1_.email2 as email6_1_1_, contactdat1_.email3 as email7_1_1_, contactdat1_.firstname as firstnam8_1_1_, contactdat1_.home as home9_1_1_, contactdat1_.lastname as lastnam10_1_1_, contactdat1_.middlename as middlen11_1_1_, contactdat1_.mobile as mobile12_1_1_, contactdat1_.photo as photo13_1_1_, contactdat1_.work as work14_1_1_ from address_in_groups contacts0_ inner join addressbook contactdat1_ on contacts0_.id=contactdat1_.id where contacts0_.group_id=?
Hibernate: select contacts0_.group_id as group_id2_0_0_, contacts0_.id as id1_0_0_, contactdat1_.id as id1_1_1_, contactdat1_.address as address2_1_1_, contactdat1_.bmonth as bmonth3_1_1_, contactdat1_.byear as byear4_1_1_, contactdat1_.email as email5_1_1_, contactdat1_.email2 as email6_1_1_, contactdat1_.email3 as email7_1_1_, contactdat1_.firstname as firstnam8_1_1_, contactdat1_.home as home9_1_1_, contactdat1_.lastname as lastnam10_1_1_, contactdat1_.middlename as middlen11_1_1_, contactdat1_.mobile as mobile12_1_1_, contactdat1_.photo as photo13_1_1_, contactdat1_.work as work14_1_1_ from address_in_groups contacts0_ inner join addressbook contactdat1_ on contacts0_.id=contactdat1_.id where contacts0_.group_id=?
Hibernate: select contacts0_.group_id as group_id2_0_0_, contacts0_.id as id1_0_0_, contactdat1_.id as id1_1_1_, contactdat1_.address as address2_1_1_, contactdat1_.bmonth as bmonth3_1_1_, contactdat1_.byear as byear4_1_1_, contactdat1_.email as email5_1_1_, contactdat1_.email2 as email6_1_1_, contactdat1_.email3 as email7_1_1_, contactdat1_.firstname as firstnam8_1_1_, contactdat1_.home as home9_1_1_, contactdat1_.lastname as lastnam10_1_1_, contactdat1_.middlename as middlen11_1_1_, contactdat1_.mobile as mobile12_1_1_, contactdat1_.photo as photo13_1_1_, contactdat1_.work as work14_1_1_ from address_in_groups contacts0_ inner join addressbook contactdat1_ on contacts0_.id=contactdat1_.id where contacts0_.group_id=?
Hibernate: select contacts0_.group_id as group_id2_0_0_, contacts0_.id as id1_0_0_, contactdat1_.id as id1_1_1_, contactdat1_.address as address2_1_1_, contactdat1_.bmonth as bmonth3_1_1_, contactdat1_.byear as byear4_1_1_, contactdat1_.email as email5_1_1_, contactdat1_.email2 as email6_1_1_, contactdat1_.email3 as email7_1_1_, contactdat1_.firstname as firstnam8_1_1_, contactdat1_.home as home9_1_1_, contactdat1_.lastname as lastnam10_1_1_, contactdat1_.middlename as middlen11_1_1_, contactdat1_.mobile as mobile12_1_1_, contactdat1_.photo as photo13_1_1_, contactdat1_.work as work14_1_1_ from address_in_groups contacts0_ inner join addressbook contactdat1_ on contacts0_.id=contactdat1_.id where contacts0_.group_id=?
Hibernate: select contacts0_.group_id as group_id2_0_0_, contacts0_.id as id1_0_0_, contactdat1_.id as id1_1_1_, contactdat1_.address as address2_1_1_, contactdat1_.bmonth as bmonth3_1_1_, contactdat1_.byear as byear4_1_1_, contactdat1_.email as email5_1_1_, contactdat1_.email2 as email6_1_1_, contactdat1_.email3 as email7_1_1_, contactdat1_.firstname as firstnam8_1_1_, contactdat1_.home as home9_1_1_, contactdat1_.lastname as lastnam10_1_1_, contactdat1_.middlename as middlen11_1_1_, contactdat1_.mobile as mobile12_1_1_, contactdat1_.photo as photo13_1_1_, contactdat1_.work as work14_1_1_ from address_in_groups contacts0_ inner join addressbook contactdat1_ on contacts0_.id=contactdat1_.id where contacts0_.group_id=?
Hibernate: select contacts0_.group_id as group_id2_0_0_, contacts0_.id as id1_0_0_, contactdat1_.id as id1_1_1_, contactdat1_.address as address2_1_1_, contactdat1_.bmonth as bmonth3_1_1_, contactdat1_.byear as byear4_1_1_, contactdat1_.email as email5_1_1_, contactdat1_.email2 as email6_1_1_, contactdat1_.email3 as email7_1_1_, contactdat1_.firstname as firstnam8_1_1_, contactdat1_.home as home9_1_1_, contactdat1_.lastname as lastnam10_1_1_, contactdat1_.middlename as middlen11_1_1_, contactdat1_.mobile as mobile12_1_1_, contactdat1_.photo as photo13_1_1_, contactdat1_.work as work14_1_1_ from address_in_groups contacts0_ inner join addressbook contactdat1_ on contacts0_.id=contactdat1_.id where contacts0_.group_id=?
Hibernate: select contacts0_.group_id as group_id2_0_0_, contacts0_.id as id1_0_0_, contactdat1_.id as id1_1_1_, contactdat1_.address as address2_1_1_, contactdat1_.bmonth as bmonth3_1_1_, contactdat1_.byear as byear4_1_1_, contactdat1_.email as email5_1_1_, contactdat1_.email2 as email6_1_1_, contactdat1_.email3 as email7_1_1_, contactdat1_.firstname as firstnam8_1_1_, contactdat1_.home as home9_1_1_, contactdat1_.lastname as lastnam10_1_1_, contactdat1_.middlename as middlen11_1_1_, contactdat1_.mobile as mobile12_1_1_, contactdat1_.photo as photo13_1_1_, contactdat1_.work as work14_1_1_ from address_in_groups contacts0_ inner join addressbook contactdat1_ on contacts0_.id=contactdat1_.id where contacts0_.group_id=?
Hibernate: select contacts0_.group_id as group_id2_0_0_, contacts0_.id as id1_0_0_, contactdat1_.id as id1_1_1_, contactdat1_.address as address2_1_1_, contactdat1_.bmonth as bmonth3_1_1_, contactdat1_.byear as byear4_1_1_, contactdat1_.email as email5_1_1_, contactdat1_.email2 as email6_1_1_, contactdat1_.email3 as email7_1_1_, contactdat1_.firstname as firstnam8_1_1_, contactdat1_.home as home9_1_1_, contactdat1_.lastname as lastnam10_1_1_, contactdat1_.middlename as middlen11_1_1_, contactdat1_.mobile as mobile12_1_1_, contactdat1_.photo as photo13_1_1_, contactdat1_.work as work14_1_1_ from address_in_groups contacts0_ inner join addressbook contactdat1_ on contacts0_.id=contactdat1_.id where contacts0_.group_id=?
Hibernate: select contacts0_.group_id as group_id2_0_0_, contacts0_.id as id1_0_0_, contactdat1_.id as id1_1_1_, contactdat1_.address as address2_1_1_, contactdat1_.bmonth as bmonth3_1_1_, contactdat1_.byear as byear4_1_1_, contactdat1_.email as email5_1_1_, contactdat1_.email2 as email6_1_1_, contactdat1_.email3 as email7_1_1_, contactdat1_.firstname as firstnam8_1_1_, contactdat1_.home as home9_1_1_, contactdat1_.lastname as lastnam10_1_1_, contactdat1_.middlename as middlen11_1_1_, contactdat1_.mobile as mobile12_1_1_, contactdat1_.photo as photo13_1_1_, contactdat1_.work as work14_1_1_ from address_in_groups contacts0_ inner join addressbook contactdat1_ on contacts0_.id=contactdat1_.id where contacts0_.group_id=?
Hibernate: select groupdata0_.group_id as group_id1_2_, groupdata0_.group_footer as group_fo2_2_, groupdata0_.group_header as group_he3_2_, groupdata0_.group_name as group_na4_2_ from group_list groupdata0_
Hibernate: select contacts0_.group_id as group_id2_0_0_, contacts0_.id as id1_0_0_, contactdat1_.id as id1_1_1_, contactdat1_.address as address2_1_1_, contactdat1_.bmonth as bmonth3_1_1_, contactdat1_.byear as byear4_1_1_, contactdat1_.email as email5_1_1_, contactdat1_.email2 as email6_1_1_, contactdat1_.email3 as email7_1_1_, contactdat1_.firstname as firstnam8_1_1_, contactdat1_.home as home9_1_1_, contactdat1_.lastname as lastnam10_1_1_, contactdat1_.middlename as middlen11_1_1_, contactdat1_.mobile as mobile12_1_1_, contactdat1_.photo as photo13_1_1_, contactdat1_.work as work14_1_1_ from address_in_groups contacts0_ inner join addressbook contactdat1_ on contacts0_.id=contactdat1_.id where contacts0_.group_id=?
Hibernate: select contacts0_.group_id as group_id2_0_0_, contacts0_.id as id1_0_0_, contactdat1_.id as id1_1_1_, contactdat1_.address as address2_1_1_, contactdat1_.bmonth as bmonth3_1_1_, contactdat1_.byear as byear4_1_1_, contactdat1_.email as email5_1_1_, contactdat1_.email2 as email6_1_1_, contactdat1_.email3 as email7_1_1_, contactdat1_.firstname as firstnam8_1_1_, contactdat1_.home as home9_1_1_, contactdat1_.lastname as lastnam10_1_1_, contactdat1_.middlename as middlen11_1_1_, contactdat1_.mobile as mobile12_1_1_, contactdat1_.photo as photo13_1_1_, contactdat1_.work as work14_1_1_ from address_in_groups contacts0_ inner join addressbook contactdat1_ on contacts0_.id=contactdat1_.id where contacts0_.group_id=?
Hibernate: select contacts0_.group_id as group_id2_0_0_, contacts0_.id as id1_0_0_, contactdat1_.id as id1_1_1_, contactdat1_.address as address2_1_1_, contactdat1_.bmonth as bmonth3_1_1_, contactdat1_.byear as byear4_1_1_, contactdat1_.email as email5_1_1_, contactdat1_.email2 as email6_1_1_, contactdat1_.email3 as email7_1_1_, contactdat1_.firstname as firstnam8_1_1_, contactdat1_.home as home9_1_1_, contactdat1_.lastname as lastnam10_1_1_, contactdat1_.middlename as middlen11_1_1_, contactdat1_.mobile as mobile12_1_1_, contactdat1_.photo as photo13_1_1_, contactdat1_.work as work14_1_1_ from address_in_groups contacts0_ inner join addressbook contactdat1_ on contacts0_.id=contactdat1_.id where contacts0_.group_id=?
Hibernate: select contacts0_.group_id as group_id2_0_0_, contacts0_.id as id1_0_0_, contactdat1_.id as id1_1_1_, contactdat1_.address as address2_1_1_, contactdat1_.bmonth as bmonth3_1_1_, contactdat1_.byear as byear4_1_1_, contactdat1_.email as email5_1_1_, contactdat1_.email2 as email6_1_1_, contactdat1_.email3 as email7_1_1_, contactdat1_.firstname as firstnam8_1_1_, contactdat1_.home as home9_1_1_, contactdat1_.lastname as lastnam10_1_1_, contactdat1_.middlename as middlen11_1_1_, contactdat1_.mobile as mobile12_1_1_, contactdat1_.photo as photo13_1_1_, contactdat1_.work as work14_1_1_ from address_in_groups contacts0_ inner join addressbook contactdat1_ on contacts0_.id=contactdat1_.id where contacts0_.group_id=?
Hibernate: select contacts0_.group_id as group_id2_0_0_, contacts0_.id as id1_0_0_, contactdat1_.id as id1_1_1_, contactdat1_.address as address2_1_1_, contactdat1_.bmonth as bmonth3_1_1_, contactdat1_.byear as byear4_1_1_, contactdat1_.email as email5_1_1_, contactdat1_.email2 as email6_1_1_, contactdat1_.email3 as email7_1_1_, contactdat1_.firstname as firstnam8_1_1_, contactdat1_.home as home9_1_1_, contactdat1_.lastname as lastnam10_1_1_, contactdat1_.middlename as middlen11_1_1_, contactdat1_.mobile as mobile12_1_1_, contactdat1_.photo as photo13_1_1_, contactdat1_.work as work14_1_1_ from address_in_groups contacts0_ inner join addressbook contactdat1_ on contacts0_.id=contactdat1_.id where contacts0_.group_id=?
Hibernate: select contacts0_.group_id as group_id2_0_0_, contacts0_.id as id1_0_0_, contactdat1_.id as id1_1_1_, contactdat1_.address as address2_1_1_, contactdat1_.bmonth as bmonth3_1_1_, contactdat1_.byear as byear4_1_1_, contactdat1_.email as email5_1_1_, contactdat1_.email2 as email6_1_1_, contactdat1_.email3 as email7_1_1_, contactdat1_.firstname as firstnam8_1_1_, contactdat1_.home as home9_1_1_, contactdat1_.lastname as lastnam10_1_1_, contactdat1_.middlename as middlen11_1_1_, contactdat1_.mobile as mobile12_1_1_, contactdat1_.photo as photo13_1_1_, contactdat1_.work as work14_1_1_ from address_in_groups contacts0_ inner join addressbook contactdat1_ on contacts0_.id=contactdat1_.id where contacts0_.group_id=?
Hibernate: select contacts0_.group_id as group_id2_0_0_, contacts0_.id as id1_0_0_, contactdat1_.id as id1_1_1_, contactdat1_.address as address2_1_1_, contactdat1_.bmonth as bmonth3_1_1_, contactdat1_.byear as byear4_1_1_, contactdat1_.email as email5_1_1_, contactdat1_.email2 as email6_1_1_, contactdat1_.email3 as email7_1_1_, contactdat1_.firstname as firstnam8_1_1_, contactdat1_.home as home9_1_1_, contactdat1_.lastname as lastnam10_1_1_, contactdat1_.middlename as middlen11_1_1_, contactdat1_.mobile as mobile12_1_1_, contactdat1_.photo as photo13_1_1_, contactdat1_.work as work14_1_1_ from address_in_groups contacts0_ inner join addressbook contactdat1_ on contacts0_.id=contactdat1_.id where contacts0_.group_id=?
Hibernate: select contacts0_.group_id as group_id2_0_0_, contacts0_.id as id1_0_0_, contactdat1_.id as id1_1_1_, contactdat1_.address as address2_1_1_, contactdat1_.bmonth as bmonth3_1_1_, contactdat1_.byear as byear4_1_1_, contactdat1_.email as email5_1_1_, contactdat1_.email2 as email6_1_1_, contactdat1_.email3 as email7_1_1_, contactdat1_.firstname as firstnam8_1_1_, contactdat1_.home as home9_1_1_, contactdat1_.lastname as lastnam10_1_1_, contactdat1_.middlename as middlen11_1_1_, contactdat1_.mobile as mobile12_1_1_, contactdat1_.photo as photo13_1_1_, contactdat1_.work as work14_1_1_ from address_in_groups contacts0_ inner join addressbook contactdat1_ on contacts0_.id=contactdat1_.id where contacts0_.group_id=?
Hibernate: select contacts0_.group_id as group_id2_0_0_, contacts0_.id as id1_0_0_, contactdat1_.id as id1_1_1_, contactdat1_.address as address2_1_1_, contactdat1_.bmonth as bmonth3_1_1_, contactdat1_.byear as byear4_1_1_, contactdat1_.email as email5_1_1_, contactdat1_.email2 as email6_1_1_, contactdat1_.email3 as email7_1_1_, contactdat1_.firstname as firstnam8_1_1_, contactdat1_.home as home9_1_1_, contactdat1_.lastname as lastnam10_1_1_, contactdat1_.middlename as middlen11_1_1_, contactdat1_.mobile as mobile12_1_1_, contactdat1_.photo as photo13_1_1_, contactdat1_.work as work14_1_1_ from address_in_groups contacts0_ inner join addressbook contactdat1_ on contacts0_.id=contactdat1_.id where contacts0_.group_id=?
Hibernate: select contacts0_.group_id as group_id2_0_0_, contacts0_.id as id1_0_0_, contactdat1_.id as id1_1_1_, contactdat1_.address as address2_1_1_, contactdat1_.bmonth as bmonth3_1_1_, contactdat1_.byear as byear4_1_1_, contactdat1_.email as email5_1_1_, contactdat1_.email2 as email6_1_1_, contactdat1_.email3 as email7_1_1_, contactdat1_.firstname as firstnam8_1_1_, contactdat1_.home as home9_1_1_, contactdat1_.lastname as lastnam10_1_1_, contactdat1_.middlename as middlen11_1_1_, contactdat1_.mobile as mobile12_1_1_, contactdat1_.photo as photo13_1_1_, contactdat1_.work as work14_1_1_ from address_in_groups contacts0_ inner join addressbook contactdat1_ on contacts0_.id=contactdat1_.id where contacts0_.group_id=?
Hibernate: select contacts0_.group_id as group_id2_0_0_, contacts0_.id as id1_0_0_, contactdat1_.id as id1_1_1_, contactdat1_.address as address2_1_1_, contactdat1_.bmonth as bmonth3_1_1_, contactdat1_.byear as byear4_1_1_, contactdat1_.email as email5_1_1_, contactdat1_.email2 as email6_1_1_, contactdat1_.email3 as email7_1_1_, contactdat1_.firstname as firstnam8_1_1_, contactdat1_.home as home9_1_1_, contactdat1_.lastname as lastnam10_1_1_, contactdat1_.middlename as middlen11_1_1_, contactdat1_.mobile as mobile12_1_1_, contactdat1_.photo as photo13_1_1_, contactdat1_.work as work14_1_1_ from address_in_groups contacts0_ inner join addressbook contactdat1_ on contacts0_.id=contactdat1_.id where contacts0_.group_id=?
Hibernate: select contacts0_.group_id as group_id2_0_0_, contacts0_.id as id1_0_0_, contactdat1_.id as id1_1_1_, contactdat1_.address as address2_1_1_, contactdat1_.bmonth as bmonth3_1_1_, contactdat1_.byear as byear4_1_1_, contactdat1_.email as email5_1_1_, contactdat1_.email2 as email6_1_1_, contactdat1_.email3 as email7_1_1_, contactdat1_.firstname as firstnam8_1_1_, contactdat1_.home as home9_1_1_, contactdat1_.lastname as lastnam10_1_1_, contactdat1_.middlename as middlen11_1_1_, contactdat1_.mobile as mobile12_1_1_, contactdat1_.photo as photo13_1_1_, contactdat1_.work as work14_1_1_ from address_in_groups contacts0_ inner join addressbook contactdat1_ on contacts0_.id=contactdat1_.id where contacts0_.group_id=?
Hibernate: select contacts0_.group_id as group_id2_0_0_, contacts0_.id as id1_0_0_, contactdat1_.id as id1_1_1_, contactdat1_.address as address2_1_1_, contactdat1_.bmonth as bmonth3_1_1_, contactdat1_.byear as byear4_1_1_, contactdat1_.email as email5_1_1_, contactdat1_.email2 as email6_1_1_, contactdat1_.email3 as email7_1_1_, contactdat1_.firstname as firstnam8_1_1_, contactdat1_.home as home9_1_1_, contactdat1_.lastname as lastnam10_1_1_, contactdat1_.middlename as middlen11_1_1_, contactdat1_.mobile as mobile12_1_1_, contactdat1_.photo as photo13_1_1_, contactdat1_.work as work14_1_1_ from address_in_groups contacts0_ inner join addressbook contactdat1_ on contacts0_.id=contactdat1_.id where contacts0_.group_id=?
Hibernate: select contacts0_.group_id as group_id2_0_0_, contacts0_.id as id1_0_0_, contactdat1_.id as id1_1_1_, contactdat1_.address as address2_1_1_, contactdat1_.bmonth as bmonth3_1_1_, contactdat1_.byear as byear4_1_1_, contactdat1_.email as email5_1_1_, contactdat1_.email2 as email6_1_1_, contactdat1_.email3 as email7_1_1_, contactdat1_.firstname as firstnam8_1_1_, contactdat1_.home as home9_1_1_, contactdat1_.lastname as lastnam10_1_1_, contactdat1_.middlename as middlen11_1_1_, contactdat1_.mobile as mobile12_1_1_, contactdat1_.photo as photo13_1_1_, contactdat1_.work as work14_1_1_ from address_in_groups contacts0_ inner join addressbook contactdat1_ on contacts0_.id=contactdat1_.id where contacts0_.group_id=?
Hibernate: select contacts0_.group_id as group_id2_0_0_, contacts0_.id as id1_0_0_, contactdat1_.id as id1_1_1_, contactdat1_.address as address2_1_1_, contactdat1_.bmonth as bmonth3_1_1_, contactdat1_.byear as byear4_1_1_, contactdat1_.email as email5_1_1_, contactdat1_.email2 as email6_1_1_, contactdat1_.email3 as email7_1_1_, contactdat1_.firstname as firstnam8_1_1_, contactdat1_.home as home9_1_1_, contactdat1_.lastname as lastnam10_1_1_, contactdat1_.middlename as middlen11_1_1_, contactdat1_.mobile as mobile12_1_1_, contactdat1_.photo as photo13_1_1_, contactdat1_.work as work14_1_1_ from address_in_groups contacts0_ inner join addressbook contactdat1_ on contacts0_.id=contactdat1_.id where contacts0_.group_id=?
Hibernate: select contacts0_.group_id as group_id2_0_0_, contacts0_.id as id1_0_0_, contactdat1_.id as id1_1_1_, contactdat1_.address as address2_1_1_, contactdat1_.bmonth as bmonth3_1_1_, contactdat1_.byear as byear4_1_1_, contactdat1_.email as email5_1_1_, contactdat1_.email2 as email6_1_1_, contactdat1_.email3 as email7_1_1_, contactdat1_.firstname as firstnam8_1_1_, contactdat1_.home as home9_1_1_, contactdat1_.lastname as lastnam10_1_1_, contactdat1_.middlename as middlen11_1_1_, contactdat1_.mobile as mobile12_1_1_, contactdat1_.photo as photo13_1_1_, contactdat1_.work as work14_1_1_ from address_in_groups contacts0_ inner join addressbook contactdat1_ on contacts0_.id=contactdat1_.id where contacts0_.group_id=?
Hibernate: select contacts0_.group_id as group_id2_0_0_, contacts0_.id as id1_0_0_, contactdat1_.id as id1_1_1_, contactdat1_.address as address2_1_1_, contactdat1_.bmonth as bmonth3_1_1_, contactdat1_.byear as byear4_1_1_, contactdat1_.email as email5_1_1_, contactdat1_.email2 as email6_1_1_, contactdat1_.email3 as email7_1_1_, contactdat1_.firstname as firstnam8_1_1_, contactdat1_.home as home9_1_1_, contactdat1_.lastname as lastnam10_1_1_, contactdat1_.middlename as middlen11_1_1_, contactdat1_.mobile as mobile12_1_1_, contactdat1_.photo as photo13_1_1_, contactdat1_.work as work14_1_1_ from address_in_groups contacts0_ inner join addressbook contactdat1_ on contacts0_.id=contactdat1_.id where contacts0_.group_id=?
Hibernate: select contacts0_.group_id as group_id2_0_0_, contacts0_.id as id1_0_0_, contactdat1_.id as id1_1_1_, contactdat1_.address as address2_1_1_, contactdat1_.bmonth as bmonth3_1_1_, contactdat1_.byear as byear4_1_1_, contactdat1_.email as email5_1_1_, contactdat1_.email2 as email6_1_1_, contactdat1_.email3 as email7_1_1_, contactdat1_.firstname as firstnam8_1_1_, contactdat1_.home as home9_1_1_, contactdat1_.lastname as lastnam10_1_1_, contactdat1_.middlename as middlen11_1_1_, contactdat1_.mobile as mobile12_1_1_, contactdat1_.photo as photo13_1_1_, contactdat1_.work as work14_1_1_ from address_in_groups contacts0_ inner join addressbook contactdat1_ on contacts0_.id=contactdat1_.id where contacts0_.group_id=?
Hibernate: select contacts0_.group_id as group_id2_0_0_, contacts0_.id as id1_0_0_, contactdat1_.id as id1_1_1_, contactdat1_.address as address2_1_1_, contactdat1_.bmonth as bmonth3_1_1_, contactdat1_.byear as byear4_1_1_, contactdat1_.email as email5_1_1_, contactdat1_.email2 as email6_1_1_, contactdat1_.email3 as email7_1_1_, contactdat1_.firstname as firstnam8_1_1_, contactdat1_.home as home9_1_1_, contactdat1_.lastname as lastnam10_1_1_, contactdat1_.middlename as middlen11_1_1_, contactdat1_.mobile as mobile12_1_1_, contactdat1_.photo as photo13_1_1_, contactdat1_.work as work14_1_1_ from address_in_groups contacts0_ inner join addressbook contactdat1_ on contacts0_.id=contactdat1_.id where contacts0_.group_id=?
Hibernate: select contacts0_.group_id as group_id2_0_0_, contacts0_.id as id1_0_0_, contactdat1_.id as id1_1_1_, contactdat1_.address as address2_1_1_, contactdat1_.bmonth as bmonth3_1_1_, contactdat1_.byear as byear4_1_1_, contactdat1_.email as email5_1_1_, contactdat1_.email2 as email6_1_1_, contactdat1_.email3 as email7_1_1_, contactdat1_.firstname as firstnam8_1_1_, contactdat1_.home as home9_1_1_, contactdat1_.lastname as lastnam10_1_1_, contactdat1_.middlename as middlen11_1_1_, contactdat1_.mobile as mobile12_1_1_, contactdat1_.photo as photo13_1_1_, contactdat1_.work as work14_1_1_ from address_in_groups contacts0_ inner join addressbook contactdat1_ on contacts0_.id=contactdat1_.id where contacts0_.group_id=?
Hibernate: select contacts0_.group_id as group_id2_0_0_, contacts0_.id as id1_0_0_, contactdat1_.id as id1_1_1_, contactdat1_.address as address2_1_1_, contactdat1_.bmonth as bmonth3_1_1_, contactdat1_.byear as byear4_1_1_, contactdat1_.email as email5_1_1_, contactdat1_.email2 as email6_1_1_, contactdat1_.email3 as email7_1_1_, contactdat1_.firstname as firstnam8_1_1_, contactdat1_.home as home9_1_1_, contactdat1_.lastname as lastnam10_1_1_, contactdat1_.middlename as middlen11_1_1_, contactdat1_.mobile as mobile12_1_1_, contactdat1_.photo as photo13_1_1_, contactdat1_.work as work14_1_1_ from address_in_groups contacts0_ inner join addressbook contactdat1_ on contacts0_.id=contactdat1_.id where contacts0_.group_id=?
Hibernate: select contacts0_.group_id as group_id2_0_0_, contacts0_.id as id1_0_0_, contactdat1_.id as id1_1_1_, contactdat1_.address as address2_1_1_, contactdat1_.bmonth as bmonth3_1_1_, contactdat1_.byear as byear4_1_1_, contactdat1_.email as email5_1_1_, contactdat1_.email2 as email6_1_1_, contactdat1_.email3 as email7_1_1_, contactdat1_.firstname as firstnam8_1_1_, contactdat1_.home as home9_1_1_, contactdat1_.lastname as lastnam10_1_1_, contactdat1_.middlename as middlen11_1_1_, contactdat1_.mobile as mobile12_1_1_, contactdat1_.photo as photo13_1_1_, contactdat1_.work as work14_1_1_ from address_in_groups contacts0_ inner join addressbook contactdat1_ on contacts0_.id=contactdat1_.id where contacts0_.group_id=?
Hibernate: select contacts0_.group_id as group_id2_0_0_, contacts0_.id as id1_0_0_, contactdat1_.id as id1_1_1_, contactdat1_.address as address2_1_1_, contactdat1_.bmonth as bmonth3_1_1_, contactdat1_.byear as byear4_1_1_, contactdat1_.email as email5_1_1_, contactdat1_.email2 as email6_1_1_, contactdat1_.email3 as email7_1_1_, contactdat1_.firstname as firstnam8_1_1_, contactdat1_.home as home9_1_1_, contactdat1_.lastname as lastnam10_1_1_, contactdat1_.middlename as middlen11_1_1_, contactdat1_.mobile as mobile12_1_1_, contactdat1_.photo as photo13_1_1_, contactdat1_.work as work14_1_1_ from address_in_groups contacts0_ inner join addressbook contactdat1_ on contacts0_.id=contactdat1_.id where contacts0_.group_id=?
Hibernate: select contacts0_.group_id as group_id2_0_0_, contacts0_.id as id1_0_0_, contactdat1_.id as id1_1_1_, contactdat1_.address as address2_1_1_, contactdat1_.bmonth as bmonth3_1_1_, contactdat1_.byear as byear4_1_1_, contactdat1_.email as email5_1_1_, contactdat1_.email2 as email6_1_1_, contactdat1_.email3 as email7_1_1_, contactdat1_.firstname as firstnam8_1_1_, contactdat1_.home as home9_1_1_, contactdat1_.lastname as lastnam10_1_1_, contactdat1_.middlename as middlen11_1_1_, contactdat1_.mobile as mobile12_1_1_, contactdat1_.photo as photo13_1_1_, contactdat1_.work as work14_1_1_ from address_in_groups contacts0_ inner join addressbook contactdat1_ on contacts0_.id=contactdat1_.id where contacts0_.group_id=?
Hibernate: select contacts0_.group_id as group_id2_0_0_, contacts0_.id as id1_0_0_, contactdat1_.id as id1_1_1_, contactdat1_.address as address2_1_1_, contactdat1_.bmonth as bmonth3_1_1_, contactdat1_.byear as byear4_1_1_, contactdat1_.email as email5_1_1_, contactdat1_.email2 as email6_1_1_, contactdat1_.email3 as email7_1_1_, contactdat1_.firstname as firstnam8_1_1_, contactdat1_.home as home9_1_1_, contactdat1_.lastname as lastnam10_1_1_, contactdat1_.middlename as middlen11_1_1_, contactdat1_.mobile as mobile12_1_1_, contactdat1_.photo as photo13_1_1_, contactdat1_.work as work14_1_1_ from address_in_groups contacts0_ inner join addressbook contactdat1_ on contacts0_.id=contactdat1_.id where contacts0_.group_id=?
Hibernate: select contacts0_.group_id as group_id2_0_0_, contacts0_.id as id1_0_0_, contactdat1_.id as id1_1_1_, contactdat1_.address as address2_1_1_, contactdat1_.bmonth as bmonth3_1_1_, contactdat1_.byear as byear4_1_1_, contactdat1_.email as email5_1_1_, contactdat1_.email2 as email6_1_1_, contactdat1_.email3 as email7_1_1_, contactdat1_.firstname as firstnam8_1_1_, contactdat1_.home as home9_1_1_, contactdat1_.lastname as lastnam10_1_1_, contactdat1_.middlename as middlen11_1_1_, contactdat1_.mobile as mobile12_1_1_, contactdat1_.photo as photo13_1_1_, contactdat1_.work as work14_1_1_ from address_in_groups contacts0_ inner join addressbook contactdat1_ on contacts0_.id=contactdat1_.id where contacts0_.group_id=?
Hibernate: select contacts0_.group_id as group_id2_0_0_, contacts0_.id as id1_0_0_, contactdat1_.id as id1_1_1_, contactdat1_.address as address2_1_1_, contactdat1_.bmonth as bmonth3_1_1_, contactdat1_.byear as byear4_1_1_, contactdat1_.email as email5_1_1_, contactdat1_.email2 as email6_1_1_, contactdat1_.email3 as email7_1_1_, contactdat1_.firstname as firstnam8_1_1_, contactdat1_.home as home9_1_1_, contactdat1_.lastname as lastnam10_1_1_, contactdat1_.middlename as middlen11_1_1_, contactdat1_.mobile as mobile12_1_1_, contactdat1_.photo as photo13_1_1_, contactdat1_.work as work14_1_1_ from address_in_groups contacts0_ inner join addressbook contactdat1_ on contacts0_.id=contactdat1_.id where contacts0_.group_id=?
Hibernate: select contacts0_.group_id as group_id2_0_0_, contacts0_.id as id1_0_0_, contactdat1_.id as id1_1_1_, contactdat1_.address as address2_1_1_, contactdat1_.bmonth as bmonth3_1_1_, contactdat1_.byear as byear4_1_1_, contactdat1_.email as email5_1_1_, contactdat1_.email2 as email6_1_1_, contactdat1_.email3 as email7_1_1_, contactdat1_.firstname as firstnam8_1_1_, contactdat1_.home as home9_1_1_, contactdat1_.lastname as lastnam10_1_1_, contactdat1_.middlename as middlen11_1_1_, contactdat1_.mobile as mobile12_1_1_, contactdat1_.photo as photo13_1_1_, contactdat1_.work as work14_1_1_ from address_in_groups contacts0_ inner join addressbook contactdat1_ on contacts0_.id=contactdat1_.id where contacts0_.group_id=?
Hibernate: select contacts0_.group_id as group_id2_0_0_, contacts0_.id as id1_0_0_, contactdat1_.id as id1_1_1_, contactdat1_.address as address2_1_1_, contactdat1_.bmonth as bmonth3_1_1_, contactdat1_.byear as byear4_1_1_, contactdat1_.email as email5_1_1_, contactdat1_.email2 as email6_1_1_, contactdat1_.email3 as email7_1_1_, contactdat1_.firstname as firstnam8_1_1_, contactdat1_.home as home9_1_1_, contactdat1_.lastname as lastnam10_1_1_, contactdat1_.middlename as middlen11_1_1_, contactdat1_.mobile as mobile12_1_1_, contactdat1_.photo as photo13_1_1_, contactdat1_.work as work14_1_1_ from address_in_groups contacts0_ inner join addressbook contactdat1_ on contacts0_.id=contactdat1_.id where contacts0_.group_id=?
Hibernate: select contacts0_.group_id as group_id2_0_0_, contacts0_.id as id1_0_0_, contactdat1_.id as id1_1_1_, contactdat1_.address as address2_1_1_, contactdat1_.bmonth as bmonth3_1_1_, contactdat1_.byear as byear4_1_1_, contactdat1_.email as email5_1_1_, contactdat1_.email2 as email6_1_1_, contactdat1_.email3 as email7_1_1_, contactdat1_.firstname as firstnam8_1_1_, contactdat1_.home as home9_1_1_, contactdat1_.lastname as lastnam10_1_1_, contactdat1_.middlename as middlen11_1_1_, contactdat1_.mobile as mobile12_1_1_, contactdat1_.photo as photo13_1_1_, contactdat1_.work as work14_1_1_ from address_in_groups contacts0_ inner join addressbook contactdat1_ on contacts0_.id=contactdat1_.id where contacts0_.group_id=?
Hibernate: select contacts0_.group_id as group_id2_0_0_, contacts0_.id as id1_0_0_, contactdat1_.id as id1_1_1_, contactdat1_.address as address2_1_1_, contactdat1_.bmonth as bmonth3_1_1_, contactdat1_.byear as byear4_1_1_, contactdat1_.email as email5_1_1_, contactdat1_.email2 as email6_1_1_, contactdat1_.email3 as email7_1_1_, contactdat1_.firstname as firstnam8_1_1_, contactdat1_.home as home9_1_1_, contactdat1_.lastname as lastnam10_1_1_, contactdat1_.middlename as middlen11_1_1_, contactdat1_.mobile as mobile12_1_1_, contactdat1_.photo as photo13_1_1_, contactdat1_.work as work14_1_1_ from address_in_groups contacts0_ inner join addressbook contactdat1_ on contacts0_.id=contactdat1_.id where contacts0_.group_id=?
Hibernate: select contacts0_.group_id as group_id2_0_0_, contacts0_.id as id1_0_0_, contactdat1_.id as id1_1_1_, contactdat1_.address as address2_1_1_, contactdat1_.bmonth as bmonth3_1_1_, contactdat1_.byear as byear4_1_1_, contactdat1_.email as email5_1_1_, contactdat1_.email2 as email6_1_1_, contactdat1_.email3 as email7_1_1_, contactdat1_.firstname as firstnam8_1_1_, contactdat1_.home as home9_1_1_, contactdat1_.lastname as lastnam10_1_1_, contactdat1_.middlename as middlen11_1_1_, contactdat1_.mobile as mobile12_1_1_, contactdat1_.photo as photo13_1_1_, contactdat1_.work as work14_1_1_ from address_in_groups contacts0_ inner join addressbook contactdat1_ on contacts0_.id=contactdat1_.id where contacts0_.group_id=?
[...]
Hibernate: select contacts0_.group_id as group_id2_0_0_, contacts0_.id as id1_0_0_, contactdat1_.id as id1_1_1_, contactdat1_.address as address2_1_1_, contactdat1_.bmonth as bmonth3_1_1_, contactdat1_.byear as byear4_1_1_, contactdat1_.email as email5_1_1_, contactdat1_.email2 as email6_1_1_, contactdat1_.email3 as email7_1_1_, contactdat1_.firstname as firstnam8_1_1_, contactdat1_.home as home9_1_1_, contactdat1_.lastname as lastnam10_1_1_, contactdat1_.middlename as middlen11_1_1_, contactdat1_.mobile as mobile12_1_1_, contactdat1_.photo as photo13_1_1_, contactdat1_.work as work14_1_1_ from address_in_groups contacts0_ inner join addressbook contactdat1_ on contacts0_.id=contactdat1_.id where contacts0_.group_id=?
Hibernate: select contacts0_.group_id as group_id2_0_0_, contacts0_.id as id1_0_0_, contactdat1_.id as id1_1_1_, contactdat1_.address as address2_1_1_, contactdat1_.bmonth as bmonth3_1_1_, contactdat1_.byear as byear4_1_1_, contactdat1_.email as email5_1_1_, contactdat1_.email2 as email6_1_1_, contactdat1_.email3 as email7_1_1_, contactdat1_.firstname as firstnam8_1_1_, contactdat1_.home as home9_1_1_, contactdat1_.lastname as lastnam10_1_1_, contactdat1_.middlename as middlen11_1_1_, contactdat1_.mobile as mobile12_1_1_, contactdat1_.photo as photo13_1_1_, contactdat1_.work as work14_1_1_ from address_in_groups contacts0_ inner join addressbook contactdat1_ on contacts0_.id=contactdat1_.id where contacts0_.group_id=?
Hibernate: select contacts0_.group_id as group_id2_0_0_, contacts0_.id as id1_0_0_, contactdat1_.id as id1_1_1_, contactdat1_.address as address2_1_1_, contactdat1_.bmonth as bmonth3_1_1_, contactdat1_.byear as byear4_1_1_, contactdat1_.email as email5_1_1_, contactdat1_.email2 as email6_1_1_, contactdat1_.email3 as email7_1_1_, contactdat1_.firstname as firstnam8_1_1_, contactdat1_.home as home9_1_1_, contactdat1_.lastname as lastnam10_1_1_, contactdat1_.middlename as middlen11_1_1_, contactdat1_.mobile as mobile12_1_1_, contactdat1_.photo as photo13_1_1_, contactdat1_.work as work14_1_1_ from address_in_groups contacts0_ inner join addressbook contactdat1_ on contacts0_.id=contactdat1_.id where contacts0_.group_id=?
Hibernate: select contacts0_.group_id as group_id2_0_0_, contacts0_.id as id1_0_0_, contactdat1_.id as id1_1_1_, contactdat1_.address as address2_1_1_, contactdat1_.bmonth as bmonth3_1_1_, contactdat1_.byear as byear4_1_1_, contactdat1_.email as email5_1_1_, contactdat1_.email2 as email6_1_1_, contactdat1_.email3 as email7_1_1_, contactdat1_.firstname as firstnam8_1_1_, contactdat1_.home as home9_1_1_, contactdat1_.lastname as lastnam10_1_1_, contactdat1_.middlename as middlen11_1_1_, contactdat1_.mobile as mobile12_1_1_, contactdat1_.photo as photo13_1_1_, contactdat1_.work as work14_1_1_ from address_in_groups contacts0_ inner join addressbook contactdat1_ on contacts0_.id=contactdat1_.id where contacts0_.group_id=?
Hibernate: select contacts0_.group_id as group_id2_0_0_, contacts0_.id as id1_0_0_, contactdat1_.id as id1_1_1_, contactdat1_.address as address2_1_1_, contactdat1_.bmonth as bmonth3_1_1_, contactdat1_.byear as byear4_1_1_, contactdat1_.email as email5_1_1_, contactdat1_.email2 as email6_1_1_, contactdat1_.email3 as email7_1_1_, contactdat1_.firstname as firstnam8_1_1_, contactdat1_.home as home9_1_1_, contactdat1_.lastname as lastnam10_1_1_, contactdat1_.middlename as middlen11_1_1_, contactdat1_.mobile as mobile12_1_1_, contactdat1_.photo as photo13_1_1_, contactdat1_.work as work14_1_1_ from address_in_groups contacts0_ inner join addressbook contactdat1_ on contacts0_.id=contactdat1_.id where contacts0_.group_id=?
Hibernate: select contacts0_.group_id as group_id2_0_0_, contacts0_.id as id1_0_0_, contactdat1_.id as id1_1_1_, contactdat1_.address as address2_1_1_, contactdat1_.bmonth as bmonth3_1_1_, contactdat1_.byear as byear4_1_1_, contactdat1_.email as email5_1_1_, contactdat1_.email2 as email6_1_1_, contactdat1_.email3 as email7_1_1_, contactdat1_.firstname as firstnam8_1_1_, contactdat1_.home as home9_1_1_, contactdat1_.lastname as lastnam10_1_1_, contactdat1_.middlename as middlen11_1_1_, contactdat1_.mobile as mobile12_1_1_, contactdat1_.photo as photo13_1_1_, contactdat1_.work as work14_1_1_ from address_in_groups contacts0_ inner join addressbook contactdat1_ on contacts0_.id=contactdat1_.id where contacts0_.group_id=?
Hibernate: select contacts0_.group_id as group_id2_0_0_, contacts0_.id as id1_0_0_, contactdat1_.id as id1_1_1_, contactdat1_.address as address2_1_1_, contactdat1_.bmonth as bmonth3_1_1_, contactdat1_.byear as byear4_1_1_, contactdat1_.email as email5_1_1_, contactdat1_.email2 as email6_1_1_, contactdat1_.email3 as email7_1_1_, contactdat1_.firstname as firstnam8_1_1_, contactdat1_.home as home9_1_1_, contactdat1_.lastname as lastnam10_1_1_, contactdat1_.middlename as middlen11_1_1_, contactdat1_.mobile as mobile12_1_1_, contactdat1_.photo as photo13_1_1_, contactdat1_.work as work14_1_1_ from address_in_groups contacts0_ inner join addressbook contactdat1_ on contacts0_.id=contactdat1_.id where contacts0_.group_id=?
Hibernate: select contacts0_.group_id as group_id2_0_0_, contacts0_.id as id1_0_0_, contactdat1_.id as id1_1_1_, contactdat1_.address as address2_1_1_, contactdat1_.bmonth as bmonth3_1_1_, contactdat1_.byear as byear4_1_1_, contactdat1_.email as email5_1_1_, contactdat1_.email2 as email6_1_1_, contactdat1_.email3 as email7_1_1_, contactdat1_.firstname as firstnam8_1_1_, contactdat1_.home as home9_1_1_, contactdat1_.lastname as lastnam10_1_1_, contactdat1_.middlename as middlen11_1_1_, contactdat1_.mobile as mobile12_1_1_, contactdat1_.photo as photo13_1_1_, contactdat1_.work as work14_1_1_ from address_in_groups contacts0_ inner join addressbook contactdat1_ on contacts0_.id=contactdat1_.id where contacts0_.group_id=?
Hibernate: select contacts0_.group_id as group_id2_0_0_, contacts0_.id as id1_0_0_, contactdat1_.id as id1_1_1_, contactdat1_.address as address2_1_1_, contactdat1_.bmonth as bmonth3_1_1_, contactdat1_.byear as byear4_1_1_, contactdat1_.email as email5_1_1_, contactdat1_.email2 as email6_1_1_, contactdat1_.email3 as email7_1_1_, contactdat1_.firstname as firstnam8_1_1_, contactdat1_.home as home9_1_1_, contactdat1_.lastname as lastnam10_1_1_, contactdat1_.middlename as middlen11_1_1_, contactdat1_.mobile as mobile12_1_1_, contactdat1_.photo as photo13_1_1_, contactdat1_.work as work14_1_1_ from address_in_groups contacts0_ inner join addressbook contactdat1_ on contacts0_.id=contactdat1_.id where contacts0_.group_id=?
Hibernate: select contacts0_.group_id as group_id2_0_0_, contacts0_.id as id1_0_0_, contactdat1_.id as id1_1_1_, contactdat1_.address as address2_1_1_, contactdat1_.bmonth as bmonth3_1_1_, contactdat1_.byear as byear4_1_1_, contactdat1_.email as email5_1_1_, contactdat1_.email2 as email6_1_1_, contactdat1_.email3 as email7_1_1_, contactdat1_.firstname as firstnam8_1_1_, contactdat1_.home as home9_1_1_, contactdat1_.lastname as lastnam10_1_1_, contactdat1_.middlename as middlen11_1_1_, contactdat1_.mobile as mobile12_1_1_, contactdat1_.photo as photo13_1_1_, contactdat1_.work as work14_1_1_ from address_in_groups contacts0_ inner join addressbook contactdat1_ on contacts0_.id=contactdat1_.id where contacts0_.group_id=?
Hibernate: select contacts0_.group_id as group_id2_0_0_, contacts0_.id as id1_0_0_, contactdat1_.id as id1_1_1_, contactdat1_.address as address2_1_1_, contactdat1_.bmonth as bmonth3_1_1_, contactdat1_.byear as byear4_1_1_, contactdat1_.email as email5_1_1_, contactdat1_.email2 as email6_1_1_, contactdat1_.email3 as email7_1_1_, contactdat1_.firstname as firstnam8_1_1_, contactdat1_.home as home9_1_1_, contactdat1_.lastname as lastnam10_1_1_, contactdat1_.middlename as middlen11_1_1_, contactdat1_.mobile as mobile12_1_1_, contactdat1_.photo as photo13_1_1_, contactdat1_.work as work14_1_1_ from address_in_groups contacts0_ inner join addressbook contactdat1_ on contacts0_.id=contactdat1_.id where contacts0_.group_id=?
Hibernate: select contacts0_.group_id as group_id2_0_0_, contacts0_.id as id1_0_0_, contactdat1_.id as id1_1_1_, contactdat1_.address as address2_1_1_, contactdat1_.bmonth as bmonth3_1_1_, contactdat1_.byear as byear4_1_1_, contactdat1_.email as email5_1_1_, contactdat1_.email2 as email6_1_1_, contactdat1_.email3 as email7_1_1_, contactdat1_.firstname as firstnam8_1_1_, contactdat1_.home as home9_1_1_, contactdat1_.lastname as lastnam10_1_1_, contactdat1_.middlename as middlen11_1_1_, contactdat1_.mobile as mobile12_1_1_, contactdat1_.photo as photo13_1_1_, contactdat1_.work as work14_1_1_ from address_in_groups contacts0_ inner join addressbook contactdat1_ on contacts0_.id=contactdat1_.id where contacts0_.group_id=?
Hibernate: select contacts0_.group_id as group_id2_0_0_, contacts0_.id as id1_0_0_, contactdat1_.id as id1_1_1_, contactdat1_.address as address2_1_1_, contactdat1_.bmonth as bmonth3_1_1_, contactdat1_.byear as byear4_1_1_, contactdat1_.email as email5_1_1_, contactdat1_.email2 as email6_1_1_, contactdat1_.email3 as email7_1_1_, contactdat1_.firstname as firstnam8_1_1_, contactdat1_.home as home9_1_1_, contactdat1_.lastname as lastnam10_1_1_, contactdat1_.middlename as middlen11_1_1_, contactdat1_.mobile as mobile12_1_1_, contactdat1_.photo as photo13_1_1_, contactdat1_.work as work14_1_1_ from address_in_groups contacts0_ inner join addressbook contactdat1_ on contacts0_.id=contactdat1_.id where contacts0_.group_id=?
Hibernate: select contacts0_.group_id as group_id2_0_0_, contacts0_.id as id1_0_0_, contactdat1_.id as id1_1_1_, contactdat1_.address as address2_1_1_, contactdat1_.bmonth as bmonth3_1_1_, contactdat1_.byear as byear4_1_1_, contactdat1_.email as email5_1_1_, contactdat1_.email2 as email6_1_1_, contactdat1_.email3 as email7_1_1_, contactdat1_.firstname as firstnam8_1_1_, contactdat1_.home as home9_1_1_, contactdat1_.lastname as lastnam10_1_1_, contactdat1_.middlename as middlen11_1_1_, contactdat1_.mobile as mobile12_1_1_, contactdat1_.photo as photo13_1_1_, contactdat1_.work as work14_1_1_ from address_in_groups contacts0_ inner join addressbook contactdat1_ on contacts0_.id=contactdat1_.id where contacts0_.group_id=?
Hibernate: select contacts0_.group_id as group_id2_0_0_, contacts0_.id as id1_0_0_, contactdat1_.id as id1_1_1_, contactdat1_.address as address2_1_1_, contactdat1_.bmonth as bmonth3_1_1_, contactdat1_.byear as byear4_1_1_, contactdat1_.email as email5_1_1_, contactdat1_.email2 as email6_1_1_, contactdat1_.email3 as email7_1_1_, contactdat1_.firstname as firstnam8_1_1_, contactdat1_.home as home9_1_1_, contactdat1_.lastname as lastnam10_1_1_, contactdat1_.middlename as middlen11_1_1_, contactdat1_.mobile as mobile12_1_1_, contactdat1_.photo as photo13_1_1_, contactdat1_.work as work14_1_1_ from address_in_groups contacts0_ inner join addressbook contactdat1_ on contacts0_.id=contactdat1_.id where contacts0_.group_id=?
Hibernate: select contacts0_.group_id as group_id2_0_0_, contacts0_.id as id1_0_0_, contactdat1_.id as id1_1_1_, contactdat1_.address as address2_1_1_, contactdat1_.bmonth as bmonth3_1_1_, contactdat1_.byear as byear4_1_1_, contactdat1_.email as email5_1_1_, contactdat1_.email2 as email6_1_1_, contactdat1_.email3 as email7_1_1_, contactdat1_.firstname as firstnam8_1_1_, contactdat1_.home as home9_1_1_, contactdat1_.lastname as lastnam10_1_1_, contactdat1_.middlename as middlen11_1_1_, contactdat1_.mobile as mobile12_1_1_, contactdat1_.photo as photo13_1_1_, contactdat1_.work as work14_1_1_ from address_in_groups contacts0_ inner join addressbook contactdat1_ on contacts0_.id=contactdat1_.id where contacts0_.group_id=?
Hibernate: select contacts0_.group_id as group_id2_0_0_, contacts0_.id as id1_0_0_, contactdat1_.id as id1_1_1_, contactdat1_.address as address2_1_1_, contactdat1_.bmonth as bmonth3_1_1_, contactdat1_.byear as byear4_1_1_, contactdat1_.email as email5_1_1_, contactdat1_.email2 as email6_1_1_, contactdat1_.email3 as email7_1_1_, contactdat1_.firstname as firstnam8_1_1_, contactdat1_.home as home9_1_1_, contactdat1_.lastname as lastnam10_1_1_, contactdat1_.middlename as middlen11_1_1_, contactdat1_.mobile as mobile12_1_1_, contactdat1_.photo as photo13_1_1_, contactdat1_.work as work14_1_1_ from address_in_groups contacts0_ inner join addressbook contactdat1_ on contacts0_.id=contactdat1_.id where contacts0_.group_id=?
Hibernate: select contacts0_.group_id as group_id2_0_0_, contacts0_.id as id1_0_0_, contactdat1_.id as id1_1_1_, contactdat1_.address as address2_1_1_, contactdat1_.bmonth as bmonth3_1_1_, contactdat1_.byear as byear4_1_1_, contactdat1_.email as email5_1_1_, contactdat1_.email2 as email6_1_1_, contactdat1_.email3 as email7_1_1_, contactdat1_.firstname as firstnam8_1_1_, contactdat1_.home as home9_1_1_, contactdat1_.lastname as lastnam10_1_1_, contactdat1_.middlename as middlen11_1_1_, contactdat1_.mobile as mobile12_1_1_, contactdat1_.photo as photo13_1_1_, contactdat1_.work as work14_1_1_ from address_in_groups contacts0_ inner join addressbook contactdat1_ on contacts0_.id=contactdat1_.id where contacts0_.group_id=?
Hibernate: select contacts0_.group_id as group_id2_0_0_, contacts0_.id as id1_0_0_, contactdat1_.id as id1_1_1_, contactdat1_.address as address2_1_1_, contactdat1_.bmonth as bmonth3_1_1_, contactdat1_.byear as byear4_1_1_, contactdat1_.email as email5_1_1_, contactdat1_.email2 as email6_1_1_, contactdat1_.email3 as email7_1_1_, contactdat1_.firstname as firstnam8_1_1_, contactdat1_.home as home9_1_1_, contactdat1_.lastname as lastnam10_1_1_, contactdat1_.middlename as middlen11_1_1_, contactdat1_.mobile as mobile12_1_1_, contactdat1_.photo as photo13_1_1_, contactdat1_.work as work14_1_1_ from address_in_groups contacts0_ inner join addressbook contactdat1_ on contacts0_.id=contactdat1_.id where contacts0_.group_id=?
Hibernate: select contacts0_.group_id as group_id2_0_0_, contacts0_.id as id1_0_0_, contactdat1_.id as id1_1_1_, contactdat1_.address as address2_1_1_, contactdat1_.bmonth as bmonth3_1_1_, contactdat1_.byear as byear4_1_1_, contactdat1_.email as email5_1_1_, contactdat1_.email2 as email6_1_1_, contactdat1_.email3 as email7_1_1_, contactdat1_.firstname as firstnam8_1_1_, contactdat1_.home as home9_1_1_, contactdat1_.lastname as lastnam10_1_1_, contactdat1_.middlename as middlen11_1_1_, contactdat1_.mobile as mobile12_1_1_, contactdat1_.photo as photo13_1_1_, contactdat1_.work as work14_1_1_ from address_in_groups contacts0_ inner join addressbook contactdat1_ on contacts0_.id=contactdat1_.id where contacts0_.group_id=?
Hibernate: select contacts0_.group_id as group_id2_0_0_, contacts0_.id as id1_0_0_, contactdat1_.id as id1_1_1_, contactdat1_.address as address2_1_1_, contactdat1_.bmonth as bmonth3_1_1_, contactdat1_.byear as byear4_1_1_, contactdat1_.email as email5_1_1_, contactdat1_.email2 as email6_1_1_, contactdat1_.email3 as email7_1_1_, contactdat1_.firstname as firstnam8_1_1_, contactdat1_.home as home9_1_1_, contactdat1_.lastname as lastnam10_1_1_, contactdat1_.middlename as middlen11_1_1_, contactdat1_.mobile as mobile12_1_1_, contactdat1_.photo as photo13_1_1_, contactdat1_.work as work14_1_1_ from address_in_groups contacts0_ inner join addressbook contactdat1_ on contacts0_.id=contactdat1_.id where contacts0_.group_id=?
Hibernate: select contacts0_.group_id as group_id2_0_0_, contacts0_.id as id1_0_0_, contactdat1_.id as id1_1_1_, contactdat1_.address as address2_1_1_, contactdat1_.bmonth as bmonth3_1_1_, contactdat1_.byear as byear4_1_1_, contactdat1_.email as email5_1_1_, contactdat1_.email2 as email6_1_1_, contactdat1_.email3 as email7_1_1_, contactdat1_.firstname as firstnam8_1_1_, contactdat1_.home as home9_1_1_, contactdat1_.lastname as lastnam10_1_1_, contactdat1_.middlename as middlen11_1_1_, contactdat1_.mobile as mobile12_1_1_, contactdat1_.photo as photo13_1_1_, contactdat1_.work as work14_1_1_ from address_in_groups contacts0_ inner join addressbook contactdat1_ on contacts0_.id=contactdat1_.id where contacts0_.group_id=?
Hibernate: select contacts0_.group_id as group_id2_0_0_, contacts0_.id as id1_0_0_, contactdat1_.id as id1_1_1_, contactdat1_.address as address2_1_1_, contactdat1_.bmonth as bmonth3_1_1_, contactdat1_.byear as byear4_1_1_, contactdat1_.email as email5_1_1_, contactdat1_.email2 as email6_1_1_, contactdat1_.email3 as email7_1_1_, contactdat1_.firstname as firstnam8_1_1_, contactdat1_.home as home9_1_1_, contactdat1_.lastname as lastnam10_1_1_, contactdat1_.middlename as middlen11_1_1_, contactdat1_.mobile as mobile12_1_1_, contactdat1_.photo as photo13_1_1_, contactdat1_.work as work14_1_1_ from address_in_groups contacts0_ inner join addressbook contactdat1_ on contacts0_.id=contactdat1_.id where contacts0_.group_id=?
Hibernate: select contacts0_.group_id as group_id2_0_0_, contacts0_.id as id1_0_0_, contactdat1_.id as id1_1_1_, contactdat1_.address as address2_1_1_, contactdat1_.bmonth as bmonth3_1_1_, contactdat1_.byear as byear4_1_1_, contactdat1_.email as email5_1_1_, contactdat1_.email2 as email6_1_1_, contactdat1_.email3 as email7_1_1_, contactdat1_.firstname as firstnam8_1_1_, contactdat1_.home as home9_1_1_, contactdat1_.lastname as lastnam10_1_1_, contactdat1_.middlename as middlen11_1_1_, contactdat1_.mobile as mobile12_1_1_, contactdat1_.photo as photo13_1_1_, contactdat1_.work as work14_1_1_ from address_in_groups contacts0_ inner join addressbook contactdat1_ on contacts0_.id=contactdat1_.id where contacts0_.group_id=?
Hibernate: select contacts0_.group_id as group_id2_0_0_, contacts0_.id as id1_0_0_, contactdat1_.id as id1_1_1_, contactdat1_.address as address2_1_1_, contactdat1_.bmonth as bmonth3_1_1_, contactdat1_.byear as byear4_1_1_, contactdat1_.email as email5_1_1_, contactdat1_.email2 as email6_1_1_, contactdat1_.email3 as email7_1_1_, contactdat1_.firstname as firstnam8_1_1_, contactdat1_.home as home9_1_1_, contactdat1_.lastname as lastnam10_1_1_, contactdat1_.middlename as middlen11_1_1_, contactdat1_.mobile as mobile12_1_1_, contactdat1_.photo as photo13_1_1_, contactdat1_.work as work14_1_1_ from address_in_groups contacts0_ inner join addressbook contactdat1_ on contacts0_.id=contactdat1_.id where contacts0_.group_id=?
Hibernate: select contacts0_.group_id as group_id2_0_0_, contacts0_.id as id1_0_0_, contactdat1_.id as id1_1_1_, contactdat1_.address as address2_1_1_, contactdat1_.bmonth as bmonth3_1_1_, contactdat1_.byear as byear4_1_1_, contactdat1_.email as email5_1_1_, contactdat1_.email2 as email6_1_1_, contactdat1_.email3 as email7_1_1_, contactdat1_.firstname as firstnam8_1_1_, contactdat1_.home as home9_1_1_, contactdat1_.lastname as lastnam10_1_1_, contactdat1_.middlename as middlen11_1_1_, contactdat1_.mobile as mobile12_1_1_, contactdat1_.photo as photo13_1_1_, contactdat1_.work as work14_1_1_ from address_in_groups contacts0_ inner join addressbook contactdat1_ on contacts0_.id=contactdat1_.id where contacts0_.group_id=?
Hibernate: select contacts0_.group_id as group_id2_0_0_, contacts0_.id as id1_0_0_, contactdat1_.id as id1_1_1_, contactdat1_.address as address2_1_1_, contactdat1_.bmonth as bmonth3_1_1_, contactdat1_.byear as byear4_1_1_, contactdat1_.email as email5_1_1_, contactdat1_.email2 as email6_1_1_, contactdat1_.email3 as email7_1_1_, contactdat1_.firstname as firstnam8_1_1_, contactdat1_.home as home9_1_1_, contactdat1_.lastname as lastnam10_1_1_, contactdat1_.middlename as middlen11_1_1_, contactdat1_.mobile as mobile12_1_1_, contactdat1_.photo as photo13_1_1_, contactdat1_.work as work14_1_1_ from address_in_groups contacts0_ inner join addressbook contactdat1_ on contacts0_.id=contactdat1_.id where contacts0_.group_id=?
22:10:59.328 [Test worker] INFO  r.s.pft.addressbook.tests.TestBase - End testtestGroupModification
]]></system-out>
  <system-err><![CDATA[]]></system-err>
</testsuite>
