<?xml version="1.0" encoding="UTF-8"?>
<testsuite name="ru.stqa.pft.mantis.tests.ResetPasswordTest" tests="1" skipped="0" failures="0" errors="0" timestamp="2020-09-22T17:46:37" hostname="WIN-NSFR499DEQ9" time="8.089">
  <properties/>
  <testcase name="testResetPassword" classname="ru.stqa.pft.mantis.tests.ResetPasswordTest" time="8.089"/>
  <system-out><![CDATA[20:46:37.257 [Test worker] DEBUG org.subethamail.smtp.server.CommandHandler - Added command: AUTH
20:46:37.257 [Test worker] DEBUG org.subethamail.smtp.server.CommandHandler - Added command: DATA
20:46:37.257 [Test worker] DEBUG org.subethamail.smtp.server.CommandHandler - Added command: EHLO
20:46:37.257 [Test worker] DEBUG org.subethamail.smtp.server.CommandHandler - Added command: HELO
20:46:37.257 [Test worker] DEBUG org.subethamail.smtp.server.CommandHandler - Added command: HELP
20:46:37.257 [Test worker] DEBUG org.subethamail.smtp.server.CommandHandler - Added command: MAIL
20:46:37.257 [Test worker] DEBUG org.subethamail.smtp.server.CommandHandler - Added command: NOOP
20:46:37.257 [Test worker] DEBUG org.subethamail.smtp.server.CommandHandler - Added command: QUIT
20:46:37.257 [Test worker] DEBUG org.subethamail.smtp.server.CommandHandler - Added command: RCPT
20:46:37.257 [Test worker] DEBUG org.subethamail.smtp.server.CommandHandler - Added command: RSET
20:46:37.257 [Test worker] DEBUG org.subethamail.smtp.server.CommandHandler - Added command: STARTTLS
20:46:37.257 [Test worker] DEBUG org.subethamail.smtp.server.CommandHandler - Added command: VRFY
20:46:37.257 [Test worker] INFO org.subethamail.smtp.server.SMTPServer - SMTP server *:25 starting
20:46:37.273 [org.subethamail.smtp.server.ServerThread *:25] INFO org.subethamail.smtp.server.ServerThread - SMTP server *:25 started
20:46:37.311 [Test worker] DEBUG org.jboss.logging - Logging Provider: org.jboss.logging.Slf4jLoggerProvider
20:46:37.333 [Test worker] DEBUG org.hibernate.integrator.internal.IntegratorServiceImpl - Adding Integrator [org.hibernate.cfg.beanvalidation.BeanValidationIntegrator].
20:46:37.336 [Test worker] DEBUG org.hibernate.integrator.internal.IntegratorServiceImpl - Adding Integrator [org.hibernate.secure.spi.JaccIntegrator].
20:46:37.342 [Test worker] DEBUG org.hibernate.integrator.internal.IntegratorServiceImpl - Adding Integrator [org.hibernate.cache.internal.CollectionCacheInvalidator].
20:46:37.371 [Test worker] INFO org.hibernate.Version - HHH000412: Hibernate ORM core version 5.4.21.Final
20:46:37.371 [Test worker] DEBUG org.hibernate.cfg.Environment - HHH000206: hibernate.properties not found
20:46:37.563 [Test worker] DEBUG org.hibernate.boot.jaxb.internal.stax.LocalXmlResourceResolver - Interpreting public/system identifier : [-//Hibernate/Hibernate Configuration DTD 3.0//EN] - [http://www.hibernate.org/dtd/hibernate-configuration-3.0.dtd]
20:46:37.563 [Test worker] DEBUG org.hibernate.boot.jaxb.internal.stax.LocalXmlResourceResolver - Recognized hibernate-configuration identifier; attempting to resolve on classpath under org/hibernate/
20:46:37.569 [Test worker] DEBUG org.hibernate.boot.cfgxml.internal.JaxbCfgProcessor - cfg.xml document did not define namespaces; wrapping in custom event reader to introduce namespace information
20:46:37.877 [Test worker] DEBUG org.hibernate.service.spi.ServiceBinding - Overriding existing service binding [org.hibernate.secure.spi.JaccService]
20:46:37.892 [Test worker] DEBUG org.hibernate.cache.internal.RegionFactoryInitiator - Cannot default RegionFactory based on registered strategies as `[]` RegionFactory strategies were registered
20:46:37.892 [Test worker] DEBUG org.hibernate.cache.internal.RegionFactoryInitiator - Cache region factory : org.hibernate.cache.internal.NoCachingRegionFactory
20:46:38.012 [AsyncHttpClient-timer-1-1] DEBUG org.asynchttpclient.netty.channel.DefaultChannelPool - Entry count for : http://localhost:20241 : 1
20:46:38.012 [AsyncHttpClient-timer-1-1] DEBUG org.asynchttpclient.netty.channel.DefaultChannelPool - Entry count for : http://localhost:55976 : 1
20:46:38.021 [Test worker] INFO org.hibernate.annotations.common.Version - HCANN000001: Hibernate Commons Annotations {5.1.0.Final}
20:46:38.055 [Test worker] DEBUG org.hibernate.type.BasicTypeRegistry - Adding type registration boolean -> org.hibernate.type.BooleanType@5eb625da
20:46:38.055 [Test worker] DEBUG org.hibernate.type.BasicTypeRegistry - Adding type registration boolean -> org.hibernate.type.BooleanType@5eb625da
20:46:38.055 [Test worker] DEBUG org.hibernate.type.BasicTypeRegistry - Adding type registration java.lang.Boolean -> org.hibernate.type.BooleanType@5eb625da
20:46:38.057 [Test worker] DEBUG org.hibernate.type.BasicTypeRegistry - Adding type registration numeric_boolean -> org.hibernate.type.NumericBooleanType@72cf6ba
20:46:38.057 [Test worker] DEBUG org.hibernate.type.BasicTypeRegistry - Adding type registration true_false -> org.hibernate.type.TrueFalseType@3fc731a9
20:46:38.058 [Test worker] DEBUG org.hibernate.type.BasicTypeRegistry - Adding type registration yes_no -> org.hibernate.type.YesNoType@1fdb072a
20:46:38.059 [Test worker] DEBUG org.hibernate.type.BasicTypeRegistry - Adding type registration byte -> org.hibernate.type.ByteType@7d86b65
20:46:38.059 [Test worker] DEBUG org.hibernate.type.BasicTypeRegistry - Adding type registration byte -> org.hibernate.type.ByteType@7d86b65
20:46:38.059 [Test worker] DEBUG org.hibernate.type.BasicTypeRegistry - Adding type registration java.lang.Byte -> org.hibernate.type.ByteType@7d86b65
20:46:38.059 [Test worker] DEBUG org.hibernate.type.BasicTypeRegistry - Adding type registration character -> org.hibernate.type.CharacterType@547f8408
20:46:38.059 [Test worker] DEBUG org.hibernate.type.BasicTypeRegistry - Adding type registration char -> org.hibernate.type.CharacterType@547f8408
20:46:38.059 [Test worker] DEBUG org.hibernate.type.BasicTypeRegistry - Adding type registration java.lang.Character -> org.hibernate.type.CharacterType@547f8408
20:46:38.062 [Test worker] DEBUG org.hibernate.type.BasicTypeRegistry - Adding type registration short -> org.hibernate.type.ShortType@15136403
20:46:38.062 [Test worker] DEBUG org.hibernate.type.BasicTypeRegistry - Adding type registration short -> org.hibernate.type.ShortType@15136403
20:46:38.062 [Test worker] DEBUG org.hibernate.type.BasicTypeRegistry - Adding type registration java.lang.Short -> org.hibernate.type.ShortType@15136403
20:46:38.062 [Test worker] DEBUG org.hibernate.type.BasicTypeRegistry - Adding type registration integer -> org.hibernate.type.IntegerType@50ecc827
20:46:38.062 [Test worker] DEBUG org.hibernate.type.BasicTypeRegistry - Adding type registration int -> org.hibernate.type.IntegerType@50ecc827
20:46:38.062 [Test worker] DEBUG org.hibernate.type.BasicTypeRegistry - Adding type registration java.lang.Integer -> org.hibernate.type.IntegerType@50ecc827
20:46:38.062 [Test worker] DEBUG org.hibernate.type.BasicTypeRegistry - Adding type registration long -> org.hibernate.type.LongType@45916b9e
20:46:38.065 [Test worker] DEBUG org.hibernate.type.BasicTypeRegistry - Adding type registration long -> org.hibernate.type.LongType@45916b9e
20:46:38.065 [Test worker] DEBUG org.hibernate.type.BasicTypeRegistry - Adding type registration java.lang.Long -> org.hibernate.type.LongType@45916b9e
20:46:38.065 [Test worker] DEBUG org.hibernate.type.BasicTypeRegistry - Adding type registration float -> org.hibernate.type.FloatType@750e1e00
20:46:38.065 [Test worker] DEBUG org.hibernate.type.BasicTypeRegistry - Adding type registration float -> org.hibernate.type.FloatType@750e1e00
20:46:38.065 [Test worker] DEBUG org.hibernate.type.BasicTypeRegistry - Adding type registration java.lang.Float -> org.hibernate.type.FloatType@750e1e00
20:46:38.065 [Test worker] DEBUG org.hibernate.type.BasicTypeRegistry - Adding type registration double -> org.hibernate.type.DoubleType@663e9a9b
20:46:38.065 [Test worker] DEBUG org.hibernate.type.BasicTypeRegistry - Adding type registration double -> org.hibernate.type.DoubleType@663e9a9b
20:46:38.065 [Test worker] DEBUG org.hibernate.type.BasicTypeRegistry - Adding type registration java.lang.Double -> org.hibernate.type.DoubleType@663e9a9b
20:46:38.068 [Test worker] DEBUG org.hibernate.type.BasicTypeRegistry - Adding type registration big_decimal -> org.hibernate.type.BigDecimalType@62e71882
20:46:38.068 [Test worker] DEBUG org.hibernate.type.BasicTypeRegistry - Adding type registration java.math.BigDecimal -> org.hibernate.type.BigDecimalType@62e71882
20:46:38.068 [Test worker] DEBUG org.hibernate.type.BasicTypeRegistry - Adding type registration big_integer -> org.hibernate.type.BigIntegerType@4dad9a07
20:46:38.068 [Test worker] DEBUG org.hibernate.type.BasicTypeRegistry - Adding type registration java.math.BigInteger -> org.hibernate.type.BigIntegerType@4dad9a07
20:46:38.070 [Test worker] DEBUG org.hibernate.type.BasicTypeRegistry - Adding type registration string -> org.hibernate.type.StringType@45b537d7
20:46:38.070 [Test worker] DEBUG org.hibernate.type.BasicTypeRegistry - Adding type registration java.lang.String -> org.hibernate.type.StringType@45b537d7
20:46:38.070 [Test worker] DEBUG org.hibernate.type.BasicTypeRegistry - Adding type registration nstring -> org.hibernate.type.StringNVarcharType@55ef7802
20:46:38.070 [Test worker] DEBUG org.hibernate.type.BasicTypeRegistry - Adding type registration ncharacter -> org.hibernate.type.CharacterNCharType@1b74a198
20:46:38.070 [Test worker] DEBUG org.hibernate.type.BasicTypeRegistry - Adding type registration url -> org.hibernate.type.UrlType@d106c4b
20:46:38.073 [Test worker] DEBUG org.hibernate.type.BasicTypeRegistry - Adding type registration java.net.URL -> org.hibernate.type.UrlType@d106c4b
20:46:38.073 [Test worker] DEBUG org.hibernate.type.BasicTypeRegistry - Adding type registration Duration -> org.hibernate.type.DurationType@5cf1a5f0
20:46:38.073 [Test worker] DEBUG org.hibernate.type.BasicTypeRegistry - Adding type registration java.time.Duration -> org.hibernate.type.DurationType@5cf1a5f0
20:46:38.081 [Test worker] DEBUG org.hibernate.type.BasicTypeRegistry - Adding type registration Instant -> org.hibernate.type.InstantType@4d28c87c
20:46:38.081 [Test worker] DEBUG org.hibernate.type.BasicTypeRegistry - Adding type registration java.time.Instant -> org.hibernate.type.InstantType@4d28c87c
20:46:38.084 [Test worker] DEBUG org.hibernate.type.BasicTypeRegistry - Adding type registration LocalDateTime -> org.hibernate.type.LocalDateTimeType@5358a4ed
20:46:38.084 [Test worker] DEBUG org.hibernate.type.BasicTypeRegistry - Adding type registration java.time.LocalDateTime -> org.hibernate.type.LocalDateTimeType@5358a4ed
20:46:38.084 [Test worker] DEBUG org.hibernate.type.BasicTypeRegistry - Adding type registration LocalDate -> org.hibernate.type.LocalDateType@62dbd315
20:46:38.084 [Test worker] DEBUG org.hibernate.type.BasicTypeRegistry - Adding type registration java.time.LocalDate -> org.hibernate.type.LocalDateType@62dbd315
20:46:38.087 [Test worker] DEBUG org.hibernate.type.BasicTypeRegistry - Adding type registration LocalTime -> org.hibernate.type.LocalTimeType@5251b3a0
20:46:38.087 [Test worker] DEBUG org.hibernate.type.BasicTypeRegistry - Adding type registration java.time.LocalTime -> org.hibernate.type.LocalTimeType@5251b3a0
20:46:38.087 [Test worker] DEBUG org.hibernate.type.BasicTypeRegistry - Adding type registration OffsetDateTime -> org.hibernate.type.OffsetDateTimeType@7ad42af9
20:46:38.087 [Test worker] DEBUG org.hibernate.type.BasicTypeRegistry - Adding type registration java.time.OffsetDateTime -> org.hibernate.type.OffsetDateTimeType@7ad42af9
20:46:38.090 [Test worker] DEBUG org.hibernate.type.BasicTypeRegistry - Adding type registration OffsetTime -> org.hibernate.type.OffsetTimeType@76188aa
20:46:38.090 [Test worker] DEBUG org.hibernate.type.BasicTypeRegistry - Adding type registration java.time.OffsetTime -> org.hibernate.type.OffsetTimeType@76188aa
20:46:38.093 [Test worker] DEBUG org.hibernate.type.BasicTypeRegistry - Adding type registration ZonedDateTime -> org.hibernate.type.ZonedDateTimeType@49368e03
20:46:38.093 [Test worker] DEBUG org.hibernate.type.BasicTypeRegistry - Adding type registration java.time.ZonedDateTime -> org.hibernate.type.ZonedDateTimeType@49368e03
20:46:38.096 [Test worker] DEBUG org.hibernate.type.BasicTypeRegistry - Adding type registration date -> org.hibernate.type.DateType@845bde4
20:46:38.096 [Test worker] DEBUG org.hibernate.type.BasicTypeRegistry - Adding type registration java.sql.Date -> org.hibernate.type.DateType@845bde4
20:46:38.096 [Test worker] DEBUG org.hibernate.type.BasicTypeRegistry - Adding type registration time -> org.hibernate.type.TimeType@41fb5756
20:46:38.096 [Test worker] DEBUG org.hibernate.type.BasicTypeRegistry - Adding type registration java.sql.Time -> org.hibernate.type.TimeType@41fb5756
20:46:38.099 [Test worker] DEBUG org.hibernate.type.BasicTypeRegistry - Adding type registration timestamp -> org.hibernate.type.TimestampType@56d74988
20:46:38.099 [Test worker] DEBUG org.hibernate.type.BasicTypeRegistry - Adding type registration java.sql.Timestamp -> org.hibernate.type.TimestampType@56d74988
20:46:38.099 [Test worker] DEBUG org.hibernate.type.BasicTypeRegistry - Adding type registration java.util.Date -> org.hibernate.type.TimestampType@56d74988
20:46:38.102 [Test worker] DEBUG org.hibernate.type.BasicTypeRegistry - Adding type registration dbtimestamp -> org.hibernate.type.DbTimestampType@597bebc3
20:46:38.102 [Test worker] DEBUG org.hibernate.type.BasicTypeRegistry - Adding type registration calendar -> org.hibernate.type.CalendarType@b29e25c
20:46:38.102 [Test worker] DEBUG org.hibernate.type.BasicTypeRegistry - Adding type registration java.util.Calendar -> org.hibernate.type.CalendarType@b29e25c
20:46:38.102 [Test worker] DEBUG org.hibernate.type.BasicTypeRegistry - Adding type registration java.util.GregorianCalendar -> org.hibernate.type.CalendarType@b29e25c
20:46:38.102 [Test worker] DEBUG org.hibernate.type.BasicTypeRegistry - Adding type registration calendar_date -> org.hibernate.type.CalendarDateType@20e61502
20:46:38.105 [Test worker] DEBUG org.hibernate.type.BasicTypeRegistry - Adding type registration calendar_time -> org.hibernate.type.CalendarTimeType@433802f8
20:46:38.105 [Test worker] DEBUG org.hibernate.type.BasicTypeRegistry - Adding type registration locale -> org.hibernate.type.LocaleType@31ad3f36
20:46:38.105 [Test worker] DEBUG org.hibernate.type.BasicTypeRegistry - Adding type registration java.util.Locale -> org.hibernate.type.LocaleType@31ad3f36
20:46:38.108 [Test worker] DEBUG org.hibernate.type.BasicTypeRegistry - Adding type registration currency -> org.hibernate.type.CurrencyType@2999ad2d
20:46:38.108 [Test worker] DEBUG org.hibernate.type.BasicTypeRegistry - Adding type registration java.util.Currency -> org.hibernate.type.CurrencyType@2999ad2d
20:46:38.108 [Test worker] DEBUG org.hibernate.type.BasicTypeRegistry - Adding type registration timezone -> org.hibernate.type.TimeZoneType@2fdbf215
20:46:38.108 [Test worker] DEBUG org.hibernate.type.BasicTypeRegistry - Adding type registration java.util.TimeZone -> org.hibernate.type.TimeZoneType@2fdbf215
20:46:38.108 [Test worker] DEBUG org.hibernate.type.BasicTypeRegistry - Adding type registration class -> org.hibernate.type.ClassType@2b22cc51
20:46:38.108 [Test worker] DEBUG org.hibernate.type.BasicTypeRegistry - Adding type registration java.lang.Class -> org.hibernate.type.ClassType@2b22cc51
20:46:38.111 [Test worker] DEBUG org.hibernate.type.BasicTypeRegistry - Adding type registration uuid-binary -> org.hibernate.type.UUIDBinaryType@5583f38f
20:46:38.111 [Test worker] DEBUG org.hibernate.type.BasicTypeRegistry - Adding type registration java.util.UUID -> org.hibernate.type.UUIDBinaryType@5583f38f
20:46:38.111 [Test worker] DEBUG org.hibernate.type.BasicTypeRegistry - Adding type registration uuid-char -> org.hibernate.type.UUIDCharType@6e639bde
20:46:38.111 [Test worker] DEBUG org.hibernate.type.BasicTypeRegistry - Adding type registration binary -> org.hibernate.type.BinaryType@3961a6d9
20:46:38.111 [Test worker] DEBUG org.hibernate.type.BasicTypeRegistry - Adding type registration byte[] -> org.hibernate.type.BinaryType@3961a6d9
20:46:38.111 [Test worker] DEBUG org.hibernate.type.BasicTypeRegistry - Adding type registration [B -> org.hibernate.type.BinaryType@3961a6d9
20:46:38.114 [Test worker] DEBUG org.hibernate.type.BasicTypeRegistry - Adding type registration wrapper-binary -> org.hibernate.type.WrapperBinaryType@38fe4f6b
20:46:38.114 [Test worker] DEBUG org.hibernate.type.BasicTypeRegistry - Adding type registration Byte[] -> org.hibernate.type.WrapperBinaryType@38fe4f6b
20:46:38.114 [Test worker] DEBUG org.hibernate.type.BasicTypeRegistry - Adding type registration [Ljava.lang.Byte; -> org.hibernate.type.WrapperBinaryType@38fe4f6b
20:46:38.114 [Test worker] DEBUG org.hibernate.type.BasicTypeRegistry - Adding type registration row_version -> org.hibernate.type.RowVersionType@1fc0bc1f
20:46:38.114 [Test worker] DEBUG org.hibernate.type.BasicTypeRegistry - Adding type registration image -> org.hibernate.type.ImageType@2d69c78
20:46:38.117 [Test worker] DEBUG org.hibernate.type.BasicTypeRegistry - Adding type registration characters -> org.hibernate.type.CharArrayType@1f4c932
20:46:38.117 [Test worker] DEBUG org.hibernate.type.BasicTypeRegistry - Adding type registration char[] -> org.hibernate.type.CharArrayType@1f4c932
20:46:38.117 [Test worker] DEBUG org.hibernate.type.BasicTypeRegistry - Adding type registration [C -> org.hibernate.type.CharArrayType@1f4c932
20:46:38.117 [Test worker] DEBUG org.hibernate.type.BasicTypeRegistry - Adding type registration wrapper-characters -> org.hibernate.type.CharacterArrayType@7a9cf0d1
20:46:38.117 [Test worker] DEBUG org.hibernate.type.BasicTypeRegistry - Adding type registration [Ljava.lang.Character; -> org.hibernate.type.CharacterArrayType@7a9cf0d1
20:46:38.117 [Test worker] DEBUG org.hibernate.type.BasicTypeRegistry - Adding type registration Character[] -> org.hibernate.type.CharacterArrayType@7a9cf0d1
20:46:38.117 [Test worker] DEBUG org.hibernate.type.BasicTypeRegistry - Adding type registration text -> org.hibernate.type.TextType@51231f80
20:46:38.117 [Test worker] DEBUG org.hibernate.type.BasicTypeRegistry - Adding type registration ntext -> org.hibernate.type.NTextType@f98da29
20:46:38.120 [Test worker] DEBUG org.hibernate.type.BasicTypeRegistry - Adding type registration blob -> org.hibernate.type.BlobType@2616c923
20:46:38.120 [Test worker] DEBUG org.hibernate.type.BasicTypeRegistry - Adding type registration java.sql.Blob -> org.hibernate.type.BlobType@2616c923
20:46:38.120 [Test worker] DEBUG org.hibernate.type.BasicTypeRegistry - Adding type registration materialized_blob -> org.hibernate.type.MaterializedBlobType@7c62b28d
20:46:38.120 [Test worker] DEBUG org.hibernate.type.BasicTypeRegistry - Adding type registration clob -> org.hibernate.type.ClobType@1f7df8ee
20:46:38.120 [Test worker] DEBUG org.hibernate.type.BasicTypeRegistry - Adding type registration java.sql.Clob -> org.hibernate.type.ClobType@1f7df8ee
20:46:38.123 [Test worker] DEBUG org.hibernate.type.BasicTypeRegistry - Adding type registration nclob -> org.hibernate.type.NClobType@24fec2dd
20:46:38.123 [Test worker] DEBUG org.hibernate.type.BasicTypeRegistry - Adding type registration java.sql.NClob -> org.hibernate.type.NClobType@24fec2dd
20:46:38.123 [Test worker] DEBUG org.hibernate.type.BasicTypeRegistry - Adding type registration materialized_clob -> org.hibernate.type.MaterializedClobType@f541a7
20:46:38.123 [Test worker] DEBUG org.hibernate.type.BasicTypeRegistry - Adding type registration materialized_nclob -> org.hibernate.type.MaterializedNClobType@6f9869d2
20:46:38.126 [Test worker] DEBUG org.hibernate.type.BasicTypeRegistry - Adding type registration serializable -> org.hibernate.type.SerializableType@70b7bdfa
20:46:38.129 [Test worker] DEBUG org.hibernate.type.BasicTypeRegistry - Adding type registration object -> org.hibernate.type.ObjectType@6192afbd
20:46:38.129 [Test worker] DEBUG org.hibernate.type.BasicTypeRegistry - Adding type registration java.lang.Object -> org.hibernate.type.ObjectType@6192afbd
20:46:38.129 [Test worker] DEBUG org.hibernate.type.BasicTypeRegistry - Adding type registration imm_date -> org.hibernate.type.AdaptedImmutableType@67e817af
20:46:38.129 [Test worker] DEBUG org.hibernate.type.BasicTypeRegistry - Adding type registration imm_time -> org.hibernate.type.AdaptedImmutableType@1373b3a8
20:46:38.129 [Test worker] DEBUG org.hibernate.type.BasicTypeRegistry - Adding type registration imm_timestamp -> org.hibernate.type.AdaptedImmutableType@5a82c4b6
20:46:38.129 [Test worker] DEBUG org.hibernate.type.BasicTypeRegistry - Adding type registration imm_dbtimestamp -> org.hibernate.type.AdaptedImmutableType@6292a3b0
20:46:38.129 [Test worker] DEBUG org.hibernate.type.BasicTypeRegistry - Adding type registration imm_calendar -> org.hibernate.type.AdaptedImmutableType@45e08522
20:46:38.129 [Test worker] DEBUG org.hibernate.type.BasicTypeRegistry - Adding type registration imm_calendar_date -> org.hibernate.type.AdaptedImmutableType@4b8080c5
20:46:38.129 [Test worker] DEBUG org.hibernate.type.BasicTypeRegistry - Adding type registration imm_binary -> org.hibernate.type.AdaptedImmutableType@76b5a77
20:46:38.129 [Test worker] DEBUG org.hibernate.type.BasicTypeRegistry - Adding type registration imm_serializable -> org.hibernate.type.AdaptedImmutableType@7093f609
20:46:38.159 [Test worker] DEBUG org.hibernate.id.factory.internal.DefaultIdentifierGeneratorFactory - Registering IdentifierGenerator strategy [uuid2] -> [org.hibernate.id.UUIDGenerator]
20:46:38.159 [Test worker] DEBUG org.hibernate.id.factory.internal.DefaultIdentifierGeneratorFactory - Registering IdentifierGenerator strategy [guid] -> [org.hibernate.id.GUIDGenerator]
20:46:38.159 [Test worker] DEBUG org.hibernate.id.factory.internal.DefaultIdentifierGeneratorFactory - Registering IdentifierGenerator strategy [uuid] -> [org.hibernate.id.UUIDHexGenerator]
20:46:38.159 [Test worker] DEBUG org.hibernate.id.factory.internal.DefaultIdentifierGeneratorFactory - Registering IdentifierGenerator strategy [uuid.hex] -> [org.hibernate.id.UUIDHexGenerator]
20:46:38.159 [Test worker] DEBUG org.hibernate.id.factory.internal.DefaultIdentifierGeneratorFactory - Registering IdentifierGenerator strategy [assigned] -> [org.hibernate.id.Assigned]
20:46:38.162 [Test worker] DEBUG org.hibernate.id.factory.internal.DefaultIdentifierGeneratorFactory - Registering IdentifierGenerator strategy [identity] -> [org.hibernate.id.IdentityGenerator]
20:46:38.162 [Test worker] DEBUG org.hibernate.id.factory.internal.DefaultIdentifierGeneratorFactory - Registering IdentifierGenerator strategy [select] -> [org.hibernate.id.SelectGenerator]
20:46:38.162 [Test worker] DEBUG org.hibernate.id.factory.internal.DefaultIdentifierGeneratorFactory - Registering IdentifierGenerator strategy [sequence] -> [org.hibernate.id.enhanced.SequenceStyleGenerator]
20:46:38.162 [Test worker] DEBUG org.hibernate.id.factory.internal.DefaultIdentifierGeneratorFactory - Registering IdentifierGenerator strategy [seqhilo] -> [org.hibernate.id.SequenceHiLoGenerator]
20:46:38.165 [Test worker] DEBUG org.hibernate.id.factory.internal.DefaultIdentifierGeneratorFactory - Registering IdentifierGenerator strategy [increment] -> [org.hibernate.id.IncrementGenerator]
20:46:38.165 [Test worker] DEBUG org.hibernate.id.factory.internal.DefaultIdentifierGeneratorFactory - Registering IdentifierGenerator strategy [foreign] -> [org.hibernate.id.ForeignGenerator]
20:46:38.165 [Test worker] DEBUG org.hibernate.id.factory.internal.DefaultIdentifierGeneratorFactory - Registering IdentifierGenerator strategy [sequence-identity] -> [org.hibernate.id.SequenceIdentityGenerator]
20:46:38.165 [Test worker] DEBUG org.hibernate.id.factory.internal.DefaultIdentifierGeneratorFactory - Registering IdentifierGenerator strategy [enhanced-sequence] -> [org.hibernate.id.enhanced.SequenceStyleGenerator]
20:46:38.165 [Test worker] DEBUG org.hibernate.id.factory.internal.DefaultIdentifierGeneratorFactory - Registering IdentifierGenerator strategy [enhanced-table] -> [org.hibernate.id.enhanced.TableGenerator]
20:46:38.169 [Test worker] WARN org.hibernate.orm.connections.pooling - HHH10001002: Using Hibernate built-in connection pool (not for production use!)
20:46:38.178 [Test worker] INFO org.hibernate.orm.connections.pooling - HHH10001005: using driver [com.mysql.jdbc.Driver] at URL [jdbc:mysql://localhost:3306/bugtracker]
20:46:38.178 [Test worker] INFO org.hibernate.orm.connections.pooling - HHH10001001: Connection properties: {user=root, password=}
20:46:38.178 [Test worker] INFO org.hibernate.orm.connections.pooling - HHH10001003: Autocommit mode: false
20:46:38.181 [Test worker] DEBUG org.hibernate.engine.jdbc.connections.internal.DriverManagerConnectionProviderImpl - Initializing Connection pool with 1 Connections
20:46:38.181 [Test worker] INFO org.hibernate.engine.jdbc.connections.internal.DriverManagerConnectionProviderImpl - HHH000115: Hibernate connection pool size: 1 (min=1)
20:46:38.450 [Test worker] DEBUG org.hibernate.engine.jdbc.env.internal.JdbcEnvironmentInitiator - Database ->
       name : MySQL
    version : 5.5.5-10.4.13-MariaDB
      major : 5
      minor : 5
20:46:38.450 [Test worker] DEBUG org.hibernate.engine.jdbc.env.internal.JdbcEnvironmentInitiator - Driver ->
       name : MySQL Connector Java
    version : mysql-connector-java-5.1.49 ( Revision: ad86f36e100e104cd926c6b81c8cab9565750116 )
      major : 5
      minor : 1
20:46:38.450 [Test worker] DEBUG org.hibernate.engine.jdbc.env.internal.JdbcEnvironmentInitiator - JDBC version : 4.0
20:46:38.463 [Test worker] INFO org.hibernate.dialect.Dialect - HHH000400: Using dialect: org.hibernate.dialect.MySQLDialect
20:46:38.478 [Test worker] DEBUG org.hibernate.engine.jdbc.env.spi.IdentifierHelperBuilder - JDBC driver metadata reported database stores quoted identifiers in more than one case
20:46:38.484 [Test worker] DEBUG org.hibernate.engine.jdbc.env.spi.IdentifierHelperBuilder - IdentifierCaseStrategy for both quoted and unquoted identifiers was set to the same strategy [LOWER]; that will likely lead to problems in schema update and validation if using quoted identifiers
20:46:38.520 [Test worker] DEBUG org.hibernate.boot.model.relational.Namespace - Created database namespace [logicalName=Name{catalog=null, schema=null}, physicalName=Name{catalog=null, schema=null}]
20:46:38.526 [Test worker] DEBUG org.hibernate.type.spi.TypeConfiguration$Scope - Scoping TypeConfiguration [org.hibernate.type.spi.TypeConfiguration@14103899] to MetadataBuildingContext [org.hibernate.boot.internal.MetadataBuildingContextRootImpl@50c9d6f0]
20:46:38.575 [Test worker] DEBUG org.hibernate.cfg.AnnotationBinder - Binding entity from annotated class: ru.stqa.pft.mantis.model.UserData
20:46:38.599 [Test worker] DEBUG org.hibernate.cfg.Ejb3Column - Binding column: Ejb3DiscriminatorColumn{logicalColumnName'DTYPE', discriminatorTypeName='string'}
20:46:38.605 [Test worker] DEBUG org.hibernate.cfg.annotations.EntityBinder - Import with entity name UserData
20:46:38.608 [Test worker] DEBUG org.hibernate.cfg.annotations.EntityBinder - Bind entity ru.stqa.pft.mantis.model.UserData on table mantis_user_table
20:46:38.626 [Test worker] DEBUG org.hibernate.cfg.Ejb3Column - Binding column: Ejb3Column{table=org.hibernate.mapping.Table(mantis_user_table), mappingColumn=id, insertable=true, updatable=true, unique=false}
20:46:38.632 [Test worker] DEBUG org.hibernate.cfg.annotations.PropertyBinder - MetadataSourceProcessor property id with lazy=false
20:46:38.632 [Test worker] DEBUG org.hibernate.cfg.AbstractPropertyHolder - Attempting to locate auto-apply AttributeConverter for property [ru.stqa.pft.mantis.model.UserData:id]
20:46:38.635 [Test worker] DEBUG org.hibernate.cfg.annotations.SimpleValueBinder - building SimpleValue for id
20:46:38.638 [Test worker] DEBUG org.hibernate.cfg.annotations.PropertyBinder - Building property id
20:46:38.641 [Test worker] DEBUG org.hibernate.cfg.BinderHelper - #makeIdGenerator(org.hibernate.mapping.SimpleValue([org.hibernate.mapping.Column(id)]), id, assigned, , ...)
20:46:38.641 [Test worker] DEBUG org.hibernate.cfg.Ejb3Column - Binding column: Ejb3Column{table=org.hibernate.mapping.Table(mantis_user_table), mappingColumn=email, insertable=true, updatable=true, unique=false}
20:46:38.641 [Test worker] DEBUG org.hibernate.cfg.annotations.PropertyBinder - MetadataSourceProcessor property email with lazy=false
20:46:38.641 [Test worker] DEBUG org.hibernate.cfg.AbstractPropertyHolder - Attempting to locate auto-apply AttributeConverter for property [ru.stqa.pft.mantis.model.UserData:email]
20:46:38.641 [Test worker] DEBUG org.hibernate.cfg.annotations.SimpleValueBinder - building SimpleValue for email
20:46:38.641 [Test worker] DEBUG org.hibernate.cfg.annotations.PropertyBinder - Building property email
20:46:38.641 [Test worker] DEBUG org.hibernate.cfg.Ejb3Column - Binding column: Ejb3Column{table=org.hibernate.mapping.Table(mantis_user_table), mappingColumn=username, insertable=true, updatable=true, unique=false}
20:46:38.641 [Test worker] DEBUG org.hibernate.cfg.annotations.PropertyBinder - MetadataSourceProcessor property username with lazy=false
20:46:38.641 [Test worker] DEBUG org.hibernate.cfg.AbstractPropertyHolder - Attempting to locate auto-apply AttributeConverter for property [ru.stqa.pft.mantis.model.UserData:username]
20:46:38.641 [Test worker] DEBUG org.hibernate.cfg.annotations.SimpleValueBinder - building SimpleValue for username
20:46:38.641 [Test worker] DEBUG org.hibernate.cfg.annotations.PropertyBinder - Building property username
20:46:38.644 [Test worker] DEBUG org.hibernate.cfg.annotations.SimpleValueBinder - Starting fillSimpleValue for id
20:46:38.644 [Test worker] DEBUG org.hibernate.cfg.annotations.SimpleValueBinder - Starting fillSimpleValue for email
20:46:38.644 [Test worker] DEBUG org.hibernate.cfg.annotations.SimpleValueBinder - Starting fillSimpleValue for username
20:46:38.647 [Test worker] DEBUG org.hibernate.mapping.PrimaryKey - Forcing column [id] to be non-null as it is part of the primary key for table [mantis_user_table]
20:46:38.681 [Test worker] DEBUG org.hibernate.internal.SessionFactoryImpl - Building session factory
20:46:38.684 [Test worker] DEBUG org.hibernate.cfg.Settings - SessionFactory name : null
20:46:38.684 [Test worker] DEBUG org.hibernate.cfg.Settings - Automatic flush during beforeCompletion(): enabled
20:46:38.684 [Test worker] DEBUG org.hibernate.cfg.Settings - Automatic session close at end of transaction: disabled
20:46:38.684 [Test worker] DEBUG org.hibernate.cfg.Settings - Statistics: disabled
20:46:38.684 [Test worker] DEBUG org.hibernate.cfg.Settings - Deleted entity synthetic identifier rollback: disabled
20:46:38.684 [Test worker] DEBUG org.hibernate.cfg.Settings - Default entity-mode: pojo
20:46:38.684 [Test worker] DEBUG org.hibernate.cfg.Settings - Check Nullability in Core (should be disabled when Bean Validation is on): enabled
20:46:38.684 [Test worker] DEBUG org.hibernate.cfg.Settings - Allow initialization of lazy state outside session : disabled
20:46:38.684 [Test worker] DEBUG org.hibernate.cfg.Settings - Using BatchFetchStyle : LEGACY
20:46:38.684 [Test worker] DEBUG org.hibernate.cfg.Settings - Default batch fetch size: -1
20:46:38.684 [Test worker] DEBUG org.hibernate.cfg.Settings - Maximum outer join fetch depth: 2
20:46:38.684 [Test worker] DEBUG org.hibernate.cfg.Settings - Default null ordering: NONE
20:46:38.684 [Test worker] DEBUG org.hibernate.cfg.Settings - Order SQL updates by primary key: disabled
20:46:38.684 [Test worker] DEBUG org.hibernate.cfg.Settings - Order SQL inserts for batching: disabled
20:46:38.684 [Test worker] DEBUG org.hibernate.cfg.Settings - multi-tenancy strategy : NONE
20:46:38.684 [Test worker] DEBUG org.hibernate.cfg.Settings - JTA Track by Thread: enabled
20:46:38.684 [Test worker] DEBUG org.hibernate.cfg.Settings - Query language substitutions: {}
20:46:38.684 [Test worker] DEBUG org.hibernate.cfg.Settings - Named query checking : enabled
20:46:38.684 [Test worker] DEBUG org.hibernate.cfg.Settings - Second-level cache: disabled
20:46:38.684 [Test worker] DEBUG org.hibernate.cfg.Settings - Second-level query cache: disabled
20:46:38.684 [Test worker] DEBUG org.hibernate.cfg.Settings - Second-level query cache factory: null
20:46:38.684 [Test worker] DEBUG org.hibernate.cfg.Settings - Second-level cache region prefix: null
20:46:38.684 [Test worker] DEBUG org.hibernate.cfg.Settings - Optimize second-level cache for minimal puts: disabled
20:46:38.684 [Test worker] DEBUG org.hibernate.cfg.Settings - Structured second-level cache entries: disabled
20:46:38.684 [Test worker] DEBUG org.hibernate.cfg.Settings - Second-level cache direct-reference entries: disabled
20:46:38.684 [Test worker] DEBUG org.hibernate.cfg.Settings - Automatic eviction of collection cache: disabled
20:46:38.684 [Test worker] DEBUG org.hibernate.cfg.Settings - JDBC batch size: 15
20:46:38.684 [Test worker] DEBUG org.hibernate.cfg.Settings - JDBC batch updates for versioned data: enabled
20:46:38.684 [Test worker] DEBUG org.hibernate.cfg.Settings - Scrollable result sets: enabled
20:46:38.684 [Test worker] DEBUG org.hibernate.cfg.Settings - Wrap result sets: disabled
20:46:38.684 [Test worker] DEBUG org.hibernate.cfg.Settings - JDBC3 getGeneratedKeys(): enabled
20:46:38.684 [Test worker] DEBUG org.hibernate.cfg.Settings - JDBC result set fetch size: null
20:46:38.684 [Test worker] DEBUG org.hibernate.cfg.Settings - Connection release mode: AFTER_TRANSACTION
20:46:38.684 [Test worker] DEBUG org.hibernate.cfg.Settings - Generate SQL with comments: disabled
20:46:38.684 [Test worker] DEBUG org.hibernate.cfg.Settings - JPA compliance - query : disabled
20:46:38.684 [Test worker] DEBUG org.hibernate.cfg.Settings - JPA compliance - closed-handling : disabled
20:46:38.684 [Test worker] DEBUG org.hibernate.cfg.Settings - JPA compliance - lists : disabled
20:46:38.684 [Test worker] DEBUG org.hibernate.cfg.Settings - JPA compliance - transactions : disabled
20:46:38.753 [Test worker] DEBUG org.hibernate.internal.SessionFactoryImpl - Session factory constructed with filter configurations : {}
20:46:38.753 [Test worker] DEBUG org.hibernate.internal.SessionFactoryImpl - Instantiating session factory with properties: {sun.desktop=windows, awt.toolkit=sun.awt.windows.WToolkit, dialect=org.hibernate.dialect.MySQLDialect, file.encoding.pkg=sun.io, java.specification.version=1.8, sun.cpu.isalist=amd64, sun.jnu.encoding=Cp1251, hibernate.dialect=org.hibernate.dialect.MySQLDialect, org.gradle.test.worker=1, java.class.path=C:\Users\User\java_b16_oberemok\mantis\build\classes\java\test;C:\Users\User\java_b16_oberemok\mantis\build\resources\test;C:\Users\User\java_b16_oberemok\mantis\build\classes\java\main;C:\Users\User\java_b16_oberemok\mantis\build\resources\main;C:\Users\User\.gradle\caches\modules-2\files-2.1\org.apache.httpcomponents\httpclient\4.5.12\4023a2a80b64c25926911faf350b50cd2a29220f\httpclient-4.5.12.jar;C:\Users\User\.gradle\caches\modules-2\files-2.1\org.testng\testng\7.3.0\a5069c3dfba58d23702f96c3d9f5081f5ce7136f\testng-7.3.0.jar;C:\Users\User\.gradle\caches\modules-2\files-2.1\org.seleniumhq.selenium\selenium-java\4.0.0-alpha-6\ac67ee553c8336a4cf4d0b46cd05437ee90326ae\selenium-java-4.0.0-alpha-6.jar;C:\Users\User\.gradle\caches\modules-2\files-2.1\org.hamcrest\hamcrest\2.2\1820c0968dba3a11a1b30669bb1f01978a91dedc\hamcrest-2.2.jar;C:\Users\User\.gradle\caches\modules-2\files-2.1\commons-net\commons-net\3.7\11481f2c9feeb0e9b1b828953f2d4ba2f9b2753c\commons-net-3.7.jar;C:\Users\User\.gradle\caches\modules-2\files-2.1\org.subethamail\subethasmtp\3.1.7\41381242daa11113c32da5b25d001bfdf4df53fb\subethasmtp-3.1.7.jar;C:\Users\User\.gradle\caches\modules-2\files-2.1\ru.lanwen.verbalregex\java-verbal-expressions\1.6\a006afed616cfceb0ba77a58b51d59d4ea3f6e63\java-verbal-expressions-1.6.jar;C:\Users\User\.gradle\caches\modules-2\files-2.1\ch.qos.logback\logback-classic\1.3.0-alpha5\3195156aa3b62b2f4407a7841700f2759bebf192\logback-classic-1.3.0-alpha5.jar;C:\Users\User\.gradle\caches\modules-2\files-2.1\org.hibernate\hibernate-core\5.4.21.Final\7cc737047ce084bf732adbb7f4064a16fd26229a\hibernate-core-5.4.21.Final.jar;C:\Users\User\.gradle\caches\modules-2\files-2.1\mysql\mysql-connector-java\5.1.49\cf76d2e4c9c3782a85c15c87bec5772b34ffd0e5\mysql-connector-java-5.1.49.jar;C:\Users\User\.gradle\caches\modules-2\files-2.1\biz.futureware.mantis\mantis-axis-soap-client\1.2.19\1b4a9cd7104f320c4a1d716f94975dc33e6fd2b9\mantis-axis-soap-client-1.2.19.jar;C:\Users\User\.gradle\caches\modules-2\files-2.1\axis\axis\1.4\94a9ce681a42d0352b3ad22659f67835e560d107\axis-1.4.jar;C:\Users\User\.gradle\caches\modules-2\files-2.1\org.apache.httpcomponents\httpcore\4.4.13\853b96d3afbb7bf8cc303fe27ee96836a10c1834\httpcore-4.4.13.jar;C:\Users\User\.gradle\caches\modules-2\files-2.1\commons-discovery\commons-discovery\0.2\7773ac7a7248f08ed2b8d297c6e2ef28260640ea\commons-discovery-0.2.jar;C:\Users\User\.gradle\caches\modules-2\files-2.1\commons-logging\commons-logging\1.2\4bfc12adfe4842bf07b657f0369c4cb522955686\commons-logging-1.2.jar;C:\Users\User\.gradle\caches\modules-2\files-2.1\commons-codec\commons-codec\1.11\3acb4705652e16236558f0f4f2192cc33c3bd189\commons-codec-1.11.jar;C:\Users\User\.gradle\caches\modules-2\files-2.1\com.beust\jcommander\1.78\a3927de9bd6f351429bcf763712c9890629d8f51\jcommander-1.78.jar;C:\Users\User\.gradle\caches\modules-2\files-2.1\org.apache.ant\ant\1.10.3\88becdeb77cdd2457757b7268e1a10666c03d382\ant-1.10.3.jar;C:\Users\User\.gradle\caches\modules-2\files-2.1\junit\junit\4.12\2973d150c0dc1fefe998f834810d68f278ea58ec\junit-4.12.jar;C:\Users\User\.gradle\caches\modules-2\files-2.1\com.google.inject\guice\4.2.2\fa13659f9128f4c011c8e1d06f137083b4876377\guice-4.2.2-no_aop.jar;C:\Users\User\.gradle\caches\modules-2\files-2.1\org.yaml\snakeyaml\1.21\18775fdda48574784f40b47bf478ab0593f92e4d\snakeyaml-1.21.jar;C:\Users\User\.gradle\caches\modules-2\files-2.1\org.seleniumhq.selenium\selenium-support\4.0.0-alpha-6\6b19d637a6a16267e6a08b525164eb21db198717\selenium-support-4.0.0-alpha-6.jar;C:\Users\User\.gradle\caches\modules-2\files-2.1\org.seleniumhq.selenium\selenium-chrome-driver\4.0.0-alpha-6\49dafb6f52343a8e27a6231627925a7be2060782\selenium-chrome-driver-4.0.0-alpha-6.jar;C:\Users\User\.gradle\caches\modules-2\files-2.1\org.seleniumhq.selenium\selenium-edge-driver\4.0.0-alpha-6\302f9ea0c973b53fed8364660b30df30caf26988\selenium-edge-driver-4.0.0-alpha-6.jar;C:\Users\User\.gradle\caches\modules-2\files-2.1\org.seleniumhq.selenium\selenium-edgehtml-driver\4.0.0-alpha-6\d65b6fdc95fd94550047cfad535647681d973264\selenium-edgehtml-driver-4.0.0-alpha-6.jar;C:\Users\User\.gradle\caches\modules-2\files-2.1\org.seleniumhq.selenium\selenium-firefox-xpi-driver\4.0.0-alpha-6\988657b2c456fafa19bc6b1d1b33b22fef934d0e\selenium-firefox-xpi-driver-4.0.0-alpha-6.jar;C:\Users\User\.gradle\caches\modules-2\files-2.1\org.seleniumhq.selenium\selenium-ie-driver\4.0.0-alpha-6\2df353cecd9f3e658c028a39d9638246852e847f\selenium-ie-driver-4.0.0-alpha-6.jar;C:\Users\User\.gradle\caches\modules-2\files-2.1\org.seleniumhq.selenium\selenium-opera-driver\4.0.0-alpha-6\4e205dbee81aeac0431d47a4025ca19161386be8\selenium-opera-driver-4.0.0-alpha-6.jar;C:\Users\User\.gradle\caches\modules-2\files-2.1\org.seleniumhq.selenium\selenium-firefox-driver\4.0.0-alpha-6\6582b237b92209443acc6a780f4fbd1e7db159fc\selenium-firefox-driver-4.0.0-alpha-6.jar;C:\Users\User\.gradle\caches\modules-2\files-2.1\org.seleniumhq.selenium\selenium-safari-driver\4.0.0-alpha-6\bc4f2e3a387a792f205d6f007c05ecf08e6fba59\selenium-safari-driver-4.0.0-alpha-6.jar;C:\Users\User\.gradle\caches\modules-2\files-2.1\org.seleniumhq.selenium\selenium-chromium-driver\4.0.0-alpha-6\9052e4642bbdafd193147723720fbc3474328932\selenium-chromium-driver-4.0.0-alpha-6.jar;C:\Users\User\.gradle\caches\modules-2\files-2.1\org.seleniumhq.selenium\selenium-devtools\4.0.0-alpha-6\7a5e377292e32261568a8c4db87324b0c4026cf5\selenium-devtools-4.0.0-alpha-6.jar;C:\Users\User\.gradle\caches\modules-2\files-2.1\org.seleniumhq.selenium\selenium-remote-driver\4.0.0-alpha-6\39ee52c49a09c77b0e493ef748aafe051c4714e0\selenium-remote-driver-4.0.0-alpha-6.jar;C:\Users\User\.gradle\caches\modules-2\files-2.1\org.seleniumhq.selenium\selenium-http\4.0.0-alpha-6\4a8c7db7b0de829c008d90277a56b34dcc9167b2\selenium-http-4.0.0-alpha-6.jar;C:\Users\User\.gradle\caches\modules-2\files-2.1\org.seleniumhq.selenium\selenium-json\4.0.0-alpha-6\83139783aa0aa63b6fddc2beee8663ac1a4958c9\selenium-json-4.0.0-alpha-6.jar;C:\Users\User\.gradle\caches\modules-2\files-2.1\org.seleniumhq.selenium\selenium-api\4.0.0-alpha-6\2b26a94552faeb9032f5b12670284a2481d0976\selenium-api-4.0.0-alpha-6.jar;C:\Users\User\.gradle\caches\modules-2\files-2.1\javax.mail\mail\1.4.4\b907ef0a02ff6e809392b1e7149198497fcc8e49\mail-1.4.4.jar;C:\Users\User\.gradle\caches\modules-2\files-2.1\com.sun.mail\javax.mail\1.6.2\935151eb71beff17a2ffac15dd80184a99a0514f\javax.mail-1.6.2.jar;C:\Users\User\.gradle\caches\modules-2\files-2.1\javax.activation\activation\1.1.1\485de3a253e23f645037828c07f1d7f1af40763a\activation-1.1.1.jar;C:\Users\User\.gradle\caches\modules-2\files-2.1\org.asynchttpclient\async-http-client\2.12.1\9b1b2a8f5e836c68501a259baa6c6c3e8a7cb420\async-http-client-2.12.1.jar;C:\Users\User\.gradle\caches\modules-2\files-2.1\org.asynchttpclient\async-http-client-netty-utils\2.12.1\b7f586db0b554e2aaba9acd321a2e1d70efcf3db\async-http-client-netty-utils-2.12.1.jar;C:\Users\User\.gradle\caches\modules-2\files-2.1\org.slf4j\slf4j-api\2.0.0-alpha1\e979781e847d44d3618c4479d438956593b6b080\slf4j-api-2.0.0-alpha1.jar;C:\Users\User\.gradle\caches\modules-2\files-2.1\com.google.auto.service\auto-service\1.0-rc6\4586e4191111b24135ffac93d3e1a91e91bf71d3\auto-service-1.0-rc6.jar;C:\Users\User\.gradle\caches\modules-2\files-2.1\io.opentelemetry\opentelemetry-sdk\0.4.0\11d62f65a90ef52eb40e020f0a87f20df496a305\opentelemetry-sdk-0.4.0.jar;C:\Users\User\.gradle\caches\modules-2\files-2.1\com.google.auto\auto-common\0.10\c8f153ebe04a17183480ab4016098055fb474364\auto-common-0.10.jar;C:\Users\User\.gradle\caches\modules-2\files-2.1\com.google.guava\guava\29.0-jre\801142b4c3d0f0770dd29abea50906cacfddd447\guava-29.0-jre.jar;C:\Users\User\.gradle\caches\modules-2\files-2.1\com.google.code.findbugs\jsr305\3.0.2\25ea2e8b0c338a877313bd4672d3fe056ea78f0d\jsr305-3.0.2.jar;C:\Users\User\.gradle\caches\modules-2\files-2.1\ch.qos.logback\logback-core\1.3.0-alpha5\4f3163d95c96b7be69d9e5245573834fd130a4bb\logback-core-1.3.0-alpha5.jar;C:\Users\User\.gradle\caches\modules-2\files-2.1\edu.washington.cs.types.checker\checker-framework\1.7.0\f652eb570f82dea2f7718c23f81b759c0c8e5ccf\checker-framework-1.7.0.jar;C:\Users\User\.gradle\caches\modules-2\files-2.1\org.hibernate.common\hibernate-commons-annotations\5.1.0.Final\700aeedc4a2089816621948f0379e17cbd17d5db\hibernate-commons-annotations-5.1.0.Final.jar;C:\Users\User\.gradle\caches\modules-2\files-2.1\org.jboss.logging\jboss-logging\3.3.2.Final\3789d00e859632e6c6206adc0c71625559e6e3b0\jboss-logging-3.3.2.Final.jar;C:\Users\User\.gradle\caches\modules-2\files-2.1\javax.persistence\javax.persistence-api\2.2\25665ac8c0b62f50e6488173233239120fc52c96\javax.persistence-api-2.2.jar;C:\Users\User\.gradle\caches\modules-2\files-2.1\org.javassist\javassist\3.24.0-GA\d7466fc2e3af7c023e95c510f06448ad29b225b3\javassist-3.24.0-GA.jar;C:\Users\User\.gradle\caches\modules-2\files-2.1\net.bytebuddy\byte-buddy\1.10.10\602a3da70f603752d3ce20a9997817d8dec39b51\byte-buddy-1.10.10.jar;C:\Users\User\.gradle\caches\modules-2\files-2.1\antlr\antlr\2.7.7\83cd2cd674a217ade95a4bb83a8a14f351f48bd0\antlr-2.7.7.jar;C:\Users\User\.gradle\caches\modules-2\files-2.1\org.jboss.spec.javax.transaction\jboss-transaction-api_1.2_spec\1.1.1.Final\a8485cab9484dda36e9a8c319e76b5cc18797b58\jboss-transaction-api_1.2_spec-1.1.1.Final.jar;C:\Users\User\.gradle\caches\modules-2\files-2.1\org.jboss\jandex\2.1.3.Final\cd56603e39eb1421560b71daa584348ecfd9e0b8\jandex-2.1.3.Final.jar;C:\Users\User\.gradle\caches\modules-2\files-2.1\com.fasterxml\classmate\1.5.1\3fe0bed568c62df5e89f4f174c101eab25345b6c\classmate-1.5.1.jar;C:\Users\User\.gradle\caches\modules-2\files-2.1\org.glassfish.jaxb\jaxb-runtime\2.3.1\dd6dda9da676a54c5b36ca2806ff95ee017d8738\jaxb-runtime-2.3.1.jar;C:\Users\User\.gradle\caches\modules-2\files-2.1\javax.xml.bind\jaxb-api\2.3.1\8531ad5ac454cc2deb9d4d32c40c4d7451939b5d\jaxb-api-2.3.1.jar;C:\Users\User\.gradle\caches\modules-2\files-2.1\javax.activation\javax.activation-api\1.2.0\85262acf3ca9816f9537ca47d5adeabaead7cb16\javax.activation-api-1.2.0.jar;C:\Users\User\.gradle\caches\modules-2\files-2.1\org.dom4j\dom4j\2.1.3\a75914155a9f5808963170ec20653668a2ffd2fd\dom4j-2.1.3.jar;C:\Users\User\.gradle\caches\modules-2\files-2.1\axis\axis-wsdl4j\1.5.1\bd804633b9c2cf06258641febc31a8ff3b0906bc\axis-wsdl4j-1.5.1.jar;C:\Users\User\.gradle\caches\modules-2\files-2.1\org.apache.ant\ant-launcher\1.10.3\9dd5189e7f561ca19833b4e3672720b9bc5cb2fe\ant-launcher-1.10.3.jar;C:\Users\User\.gradle\caches\modules-2\files-2.1\org.hamcrest\hamcrest-core\1.3\42a25dc3219429f0e5d060061f71acb49bf010a0\hamcrest-core-1.3.jar;C:\Users\User\.gradle\caches\modules-2\files-2.1\javax.inject\javax.inject\1\6975da39a7040257bd51d21a231b76c915872d38\javax.inject-1.jar;C:\Users\User\.gradle\caches\modules-2\files-2.1\aopalliance\aopalliance\1.0\235ba8b489512805ac13a8f9ea77a1ca5ebe3e8\aopalliance-1.0.jar;C:\Users\User\.gradle\caches\modules-2\files-2.1\com.google.auto.service\auto-service-annotations\1.0-rc6\32c6a6313217c949396376d9caddb6b8c8f4e7c3\auto-service-annotations-1.0-rc6.jar;C:\Users\User\.gradle\caches\modules-2\files-2.1\com.squareup.okhttp3\okhttp\4.5.0\cfd127ae6de4862daa93e15ceae9291108eaabc5\okhttp-4.5.0.jar;C:\Users\User\.gradle\caches\modules-2\files-2.1\com.squareup.okio\okio\2.6.0\f06923d428f3c8e6f571043ec29a45d0cd9d2bf\okio-jvm-2.6.0.jar;C:\Users\User\.gradle\caches\modules-2\files-2.1\com.typesafe.netty\netty-reactive-streams\2.0.4\f77c8eaa7d5e2f2160b6d21ba385cf726f164b2\netty-reactive-streams-2.0.4.jar;C:\Users\User\.gradle\caches\modules-2\files-2.1\io.opentelemetry\opentelemetry-api\0.4.0\93c8ab616a104f7bc0da4d7d6f17bd9a25f896e\opentelemetry-api-0.4.0.jar;C:\Users\User\.gradle\caches\modules-2\files-2.1\io.opentelemetry\opentelemetry-context-prop\0.4.0\fd757a9c93864ad7c93081c4d0e56f491aadff22\opentelemetry-context-prop-0.4.0.jar;C:\Users\User\.gradle\caches\modules-2\files-2.1\io.grpc\grpc-context\1.28.0\36d7838a68e29ad12a3cf67a4e04b621c617ce09\grpc-context-1.28.0.jar;C:\Users\User\.gradle\caches\modules-2\files-2.1\io.projectreactor.netty\reactor-netty\0.9.6.RELEASE\b98b670a8dc1079b17ff5dd82cc78acac001999a\reactor-netty-0.9.6.RELEASE.jar;C:\Users\User\.gradle\caches\modules-2\files-2.1\io.netty\netty-codec-http2\4.1.48.Final\f7a0e40d0eea9a60c05f705a128473f08a3de1dc\netty-codec-http2-4.1.48.Final.jar;C:\Users\User\.gradle\caches\modules-2\files-2.1\io.netty\netty-handler-proxy\4.1.48.Final\79910203db6a542189c9aaa9ec187bf5ee16248a\netty-handler-proxy-4.1.48.Final.jar;C:\Users\User\.gradle\caches\modules-2\files-2.1\io.netty\netty-codec-http\4.1.49.Final\4f30dbc462b26c588dffc0eb7552caef1a0f549e\netty-codec-http-4.1.49.Final.jar;C:\Users\User\.gradle\caches\modules-2\files-2.1\io.netty\netty-transport-native-epoll\4.1.49.Final\a6055557f948034684884e7b3482b17b65e1c642\netty-transport-native-epoll-4.1.49.Final.jar;C:\Users\User\.gradle\caches\modules-2\files-2.1\io.netty\netty-transport-native-epoll\4.1.49.Final\643179308a6e7304e7a527e2424b0cffa0b9d14\netty-transport-native-epoll-4.1.49.Final-linux-x86_64.jar;C:\Users\User\.gradle\caches\modules-2\files-2.1\io.netty\netty-transport-native-kqueue\4.1.49.Final\be85a89f5895c7d7f75cd78daa4fda23fb20d622\netty-transport-native-kqueue-4.1.49.Final.jar;C:\Users\User\.gradle\caches\modules-2\files-2.1\io.netty\netty-transport-native-kqueue\4.1.49.Final\d30588d8c45c091e0213d7a11418a9036d6b3499\netty-transport-native-kqueue-4.1.49.Final-osx-x86_64.jar;C:\Users\User\.gradle\caches\modules-2\files-2.1\io.netty\netty-transport-native-unix-common\4.1.49.Final\a2a70601dd24dfdb533ac307955b55fa9f52aca1\netty-transport-native-unix-common-4.1.49.Final.jar;C:\Users\User\.gradle\caches\modules-2\files-2.1\io.netty\netty-handler\4.1.49.Final\c73443adb9d085d5dc2d5b7f3bdd91d5963976f7\netty-handler-4.1.49.Final.jar;C:\Users\User\.gradle\caches\modules-2\files-2.1\io.netty\netty-codec-socks\4.1.48.Final\42b55c9ca8672ebb7160cadf3c70ffc11638f021\netty-codec-socks-4.1.48.Final.jar;C:\Users\User\.gradle\caches\modules-2\files-2.1\io.netty\netty-codec\4.1.49.Final\20218de83c906348283f548c255650fd06030424\netty-codec-4.1.49.Final.jar;C:\Users\User\.gradle\caches\modules-2\files-2.1\io.netty\netty-transport\4.1.49.Final\415ea7f326635743aec952fe2349ca45959e94a7\netty-transport-4.1.49.Final.jar;C:\Users\User\.gradle\caches\modules-2\files-2.1\io.netty\netty-buffer\4.1.49.Final\8e819a81bca88d1e88137336f64531a53db0a4ad\netty-buffer-4.1.49.Final.jar;C:\Users\User\.gradle\caches\modules-2\files-2.1\io.projectreactor\reactor-core\3.3.5.RELEASE\3fe17d2b3c413c38f728049fd334ba9f69b416e1\reactor-core-3.3.5.RELEASE.jar;C:\Users\User\.gradle\caches\modules-2\files-2.1\org.apache.commons\commons-exec\1.3\8dfb9facd0830a27b1b5f29f84593f0aeee7773b\commons-exec-1.3.jar;C:\Users\User\.gradle\caches\modules-2\files-2.1\org.glassfish.jaxb\txw2\2.3.1\a09d2c48d3285f206fafbffe0e50619284e92126\txw2-2.3.1.jar;C:\Users\User\.gradle\caches\modules-2\files-2.1\com.sun.istack\istack-commons-runtime\3.0.7\c197c86ceec7318b1284bffb49b54226ca774003\istack-commons-runtime-3.0.7.jar;C:\Users\User\.gradle\caches\modules-2\files-2.1\org.jvnet.staxex\stax-ex\1.8\8cc35f73da321c29973191f2cf143d29d26a1df7\stax-ex-1.8.jar;C:\Users\User\.gradle\caches\modules-2\files-2.1\com.sun.xml.fastinfoset\FastInfoset\1.2.15\bb7b7ec0379982b97c62cd17465cb6d9155f68e8\FastInfoset-1.2.15.jar;C:\Users\User\.gradle\caches\modules-2\files-2.1\org.apache.axis\axis-jaxrpc\1.4\b393f1f0c0d95b68c86d0b1ab2e687bb71f3c075\axis-jaxrpc-1.4.jar;C:\Users\User\.gradle\caches\modules-2\files-2.1\org.apache.axis\axis-saaj\1.4\581149d1f391258754354f2acf2b56665d53de2e\axis-saaj-1.4.jar;C:\Users\User\.gradle\caches\modules-2\files-2.1\com.google.guava\failureaccess\1.0.1\1dcf1de382a0bf95a3d8b0849546c88bac1292c9\failureaccess-1.0.1.jar;C:\Users\User\.gradle\caches\modules-2\files-2.1\com.google.guava\listenablefuture\9999.0-empty-to-avoid-conflict-with-guava\b421526c5f297295adef1c886e5246c39d4ac629\listenablefuture-9999.0-empty-to-avoid-conflict-with-guava.jar;C:\Users\User\.gradle\caches\modules-2\files-2.1\org.checkerframework\checker-qual\2.11.1\8c43bf8f99b841d23aadda6044329dad9b63c185\checker-qual-2.11.1.jar;C:\Users\User\.gradle\caches\modules-2\files-2.1\com.google.errorprone\error_prone_annotations\2.3.4\dac170e4594de319655ffb62f41cbd6dbb5e601e\error_prone_annotations-2.3.4.jar;C:\Users\User\.gradle\caches\modules-2\files-2.1\com.google.j2objc\j2objc-annotations\1.3\ba035118bc8bac37d7eff77700720999acd9986d\j2objc-annotations-1.3.jar;C:\Users\User\.gradle\caches\modules-2\files-2.1\org.jetbrains.kotlin\kotlin-stdlib\1.3.70\e5d97e25bb5b30dcfc022ec1c8f3959a875257fb\kotlin-stdlib-1.3.70.jar;C:\Users\User\.gradle\caches\modules-2\files-2.1\org.jetbrains.kotlin\kotlin-stdlib-common\1.3.70\3fa8dd6c896d635e78201e5e811545f3846dec04\kotlin-stdlib-common-1.3.70.jar;C:\Users\User\.gradle\caches\modules-2\files-2.1\org.reactivestreams\reactive-streams\1.0.3\d9fb7a7926ffa635b3dcaa5049fb2bfa25b3e7d0\reactive-streams-1.0.3.jar;C:\Users\User\.gradle\caches\modules-2\files-2.1\io.netty\netty-resolver\4.1.49.Final\eb81e1f0eaa99e75983bf3d28cae2b103e0f3a34\netty-resolver-4.1.49.Final.jar;C:\Users\User\.gradle\caches\modules-2\files-2.1\io.netty\netty-common\4.1.49.Final\927c8563a1662d869b145e70ce82ad89100f2c90\netty-common-4.1.49.Final.jar;C:\Users\User\.gradle\caches\modules-2\files-2.1\com.sun.activation\javax.activation\1.2.0\bf744c1e2776ed1de3c55c8dac1057ec331ef744\javax.activation-1.2.0.jar;C:\Users\User\.gradle\caches\modules-2\files-2.1\org.jetbrains\annotations\13.0\919f0dfe192fb4e063e7dacadee7f8bb9a2672a9\annotations-13.0.jar, java.vm.vendor=Oracle Corporation, sun.arch.data.model=64, hbm2ddl.auto=validate, user.variant=, java.vendor.url=http://java.oracle.com/, user.timezone=Europe/Moscow, os.name=Windows 10, java.vm.specification.version=1.8, sun.java.launcher=SUN_STANDARD, user.country=RU, sun.boot.library.path=C:\Program Files\Java\jdk1.8.0_251\jre\bin, sun.java.command=worker.org.gradle.process.internal.worker.GradleWorkerMain 'Gradle Test Executor 1', sun.cpu.endian=little, user.home=C:\Users\User, user.language=ru, java.specification.vendor=Oracle Corporation, hibernate.cache.provider_class=org.hibernate.cache.internal.NoCacheProvider, org.gradle.native=false, java.home=C:\Program Files\Java\jdk1.8.0_251\jre, file.separator=\, line.separator=
, java.vm.specification.vendor=Oracle Corporation, java.specification.name=Java Platform API Specification, java.awt.graphicsenv=sun.awt.Win32GraphicsEnvironment, cache.provider_class=org.hibernate.cache.internal.NoCacheProvider, sun.boot.class.path=C:\Program Files\Java\jdk1.8.0_251\jre\lib\resources.jar;C:\Program Files\Java\jdk1.8.0_251\jre\lib\rt.jar;C:\Program Files\Java\jdk1.8.0_251\jre\lib\sunrsasign.jar;C:\Program Files\Java\jdk1.8.0_251\jre\lib\jsse.jar;C:\Program Files\Java\jdk1.8.0_251\jre\lib\jce.jar;C:\Program Files\Java\jdk1.8.0_251\jre\lib\charsets.jar;C:\Program Files\Java\jdk1.8.0_251\jre\lib\jfr.jar;C:\Program Files\Java\jdk1.8.0_251\jre\classes, hibernate.hbm2ddl.auto=validate, user.script=, connection.password=, sun.management.compiler=HotSpot 64-Bit Tiered Compilers, java.runtime.version=1.8.0_251-b08, user.name=User, path.separator=;, hibernate.connection.username=****, os.version=10.0, java.endorsed.dirs=C:\Program Files\Java\jdk1.8.0_251\jre\lib\endorsed, java.runtime.name=Java(TM) SE Runtime Environment, hibernate.connection.url=jdbc:mysql://localhost:3306/bugtracker, connection.pool_size=1, file.encoding=windows-1251, sun.nio.ch.bugLevel=, java.vm.name=Java HotSpot(TM) 64-Bit Server VM, hibernate.show_sql=true, show_sql=true, hibernate.connection.driver_class=com.mysql.jdbc.Driver, java.vendor.url.bug=http://bugreport.sun.com/bugreport/, java.io.tmpdir=C:\Users\User\AppData\Local\Temp\, java.version=1.8.0_251, user.dir=C:\Users\User\java_b16_oberemok\mantis, os.arch=amd64, connection.username=root, java.vm.specification.name=Java Virtual Machine Specification, hibernate.connection.password=****, java.awt.printerjob=sun.awt.windows.WPrinterJob, sun.os.patch.level=, connection.driver_class=com.mysql.jdbc.Driver, hibernate.boot.CfgXmlAccessService.key=org.hibernate.boot.cfgxml.spi.LoadedConfig@707e280b, java.library.path=C:\Program Files\Java\jdk1.8.0_251\bin;C:\Windows\Sun\Java\bin;C:\Windows\system32;C:\Windows;C:\Program Files (x86)\Common Files\Oracle\Java\javapath;C:\Windows\system32;C:\Windows;C:\Windows\System32\Wbem;C:\Windows\System32\WindowsPowerShell\v1.0\;C:\Windows\System32\OpenSSH\;C:\Program Files (x86)\NVIDIA Corporation\PhysX\Common;C:\Program Files\NVIDIA Corporation\NVIDIA NvDLISR;C:\Program Files\7-Zip;C:\Program Files\Java\jdk1.8.0_251\\bin;C:\Tools;C:\Program Files\Git\cmd;C:\Users\User\AppData\Local\Microsoft\WindowsApps;C:\Users\User\AppData\Local\GitHubDesktop\bin;., java.vendor=Oracle Corporation, java.vm.info=mixed mode, java.vm.version=25.251-b08, hibernate.bytecode.use_reflection_optimizer=false, sun.io.unicode.encoding=UnicodeLittle, java.ext.dirs=C:\Program Files\Java\jdk1.8.0_251\jre\lib\ext;C:\Windows\Sun\Java\lib\ext, hibernate.connection.pool_size=1, connection.url=jdbc:mysql://localhost:3306/bugtracker, java.class.version=52.0}
20:46:38.768 [Test worker] DEBUG org.hibernate.secure.spi.JaccIntegrator - Skipping JACC integration as it was not enabled
20:46:38.771 [Test worker] DEBUG org.hibernate.internal.SessionFactoryImpl - Instantiated session factory
20:46:38.771 [Test worker] DEBUG org.hibernate.type.spi.TypeConfiguration$Scope - Scoping TypeConfiguration [org.hibernate.type.spi.TypeConfiguration@14103899] to SessionFactoryImpl [org.hibernate.internal.SessionFactoryImpl@d32bdb2]
20:46:38.822 [Test worker] DEBUG org.hibernate.boot.internal.ClassLoaderAccessImpl - Not known whether passed class name [ru.stqa.pft.mantis.model.UserData] is safe
20:46:38.822 [Test worker] DEBUG org.hibernate.boot.internal.ClassLoaderAccessImpl - No temp ClassLoader provided; using live ClassLoader for loading potentially unsafe class : ru.stqa.pft.mantis.model.UserData
20:46:38.840 [Test worker] DEBUG org.hibernate.boot.internal.ClassLoaderAccessImpl - Not known whether passed class name [ru.stqa.pft.mantis.model.UserData] is safe
20:46:38.840 [Test worker] DEBUG org.hibernate.boot.internal.ClassLoaderAccessImpl - No temp ClassLoader provided; using live ClassLoader for loading potentially unsafe class : ru.stqa.pft.mantis.model.UserData
20:46:39.056 [AsyncHttpClient-timer-1-1] DEBUG org.asynchttpclient.netty.channel.DefaultChannelPool - Entry count for : http://localhost:20241 : 1
20:46:39.056 [AsyncHttpClient-timer-1-1] DEBUG org.asynchttpclient.netty.channel.DefaultChannelPool - Entry count for : http://localhost:55976 : 1
20:46:39.146 [Test worker] DEBUG org.hibernate.persister.entity.AbstractEntityPersister - Static SQL for entity: ru.stqa.pft.mantis.model.UserData
20:46:39.146 [Test worker] DEBUG org.hibernate.persister.entity.AbstractEntityPersister -  Version select: select id from mantis_user_table where id =?
20:46:39.146 [Test worker] DEBUG org.hibernate.persister.entity.AbstractEntityPersister -  Snapshot select: select userdata_.id, userdata_.email as email2_0_, userdata_.username as username3_0_ from mantis_user_table userdata_ where userdata_.id=?
20:46:39.146 [Test worker] DEBUG org.hibernate.persister.entity.AbstractEntityPersister -  Insert 0: insert into mantis_user_table (email, username, id) values (?, ?, ?)
20:46:39.146 [Test worker] DEBUG org.hibernate.persister.entity.AbstractEntityPersister -  Update 0: update mantis_user_table set email=?, username=? where id=?
20:46:39.146 [Test worker] DEBUG org.hibernate.persister.entity.AbstractEntityPersister -  Delete 0: delete from mantis_user_table where id=?
20:46:39.170 [Test worker] DEBUG org.hibernate.loader.plan.build.internal.spaces.QuerySpacesImpl - Adding QuerySpace : uid = <gen:0> -> org.hibernate.loader.plan.build.internal.spaces.EntityQuerySpaceImpl@4b69caae]
20:46:39.170 [Test worker] DEBUG org.hibernate.persister.walking.spi.MetamodelGraphWalker - Visiting attribute path : email
20:46:39.173 [Test worker] DEBUG org.hibernate.persister.walking.spi.MetamodelGraphWalker - Visiting attribute path : username
20:46:39.173 [Test worker] DEBUG org.hibernate.loader.plan.build.internal.FetchStyleLoadPlanBuildingAssociationVisitationStrategy - Building LoadPlan...
20:46:39.185 [Test worker] DEBUG org.hibernate.loader.plan.exec.internal.LoadQueryJoinAndFetchProcessor - processing queryspace <gen:0>
20:46:39.188 [Test worker] DEBUG org.hibernate.loader.plan.build.spi.LoadPlanTreePrinter - LoadPlan(entity=ru.stqa.pft.mantis.model.UserData)
    - Returns
       - EntityReturnImpl(entity=ru.stqa.pft.mantis.model.UserData, querySpaceUid=<gen:0>, path=ru.stqa.pft.mantis.model.UserData)
    - QuerySpaces
       - EntityQuerySpaceImpl(uid=<gen:0>, entity=ru.stqa.pft.mantis.model.UserData)
          - SQL table alias mapping - userdata0_
          - alias suffix - 0_
          - suffixed key columns - {id1_0_0_}

20:46:39.194 [Test worker] DEBUG org.hibernate.loader.entity.plan.EntityLoader - Static select for entity ru.stqa.pft.mantis.model.UserData [NONE]: select userdata0_.id as id1_0_0_, userdata0_.email as email2_0_0_, userdata0_.username as username3_0_0_ from mantis_user_table userdata0_ where userdata0_.id=?
20:46:39.194 [Test worker] DEBUG org.hibernate.loader.plan.build.internal.spaces.QuerySpacesImpl - Adding QuerySpace : uid = <gen:0> -> org.hibernate.loader.plan.build.internal.spaces.EntityQuerySpaceImpl@78f8c971]
20:46:39.194 [Test worker] DEBUG org.hibernate.persister.walking.spi.MetamodelGraphWalker - Visiting attribute path : email
20:46:39.194 [Test worker] DEBUG org.hibernate.persister.walking.spi.MetamodelGraphWalker - Visiting attribute path : username
20:46:39.194 [Test worker] DEBUG org.hibernate.loader.plan.build.internal.FetchStyleLoadPlanBuildingAssociationVisitationStrategy - Building LoadPlan...
20:46:39.194 [Test worker] DEBUG org.hibernate.loader.plan.exec.internal.LoadQueryJoinAndFetchProcessor - processing queryspace <gen:0>
20:46:39.194 [Test worker] DEBUG org.hibernate.loader.plan.build.spi.LoadPlanTreePrinter - LoadPlan(entity=ru.stqa.pft.mantis.model.UserData)
    - Returns
       - EntityReturnImpl(entity=ru.stqa.pft.mantis.model.UserData, querySpaceUid=<gen:0>, path=ru.stqa.pft.mantis.model.UserData)
    - QuerySpaces
       - EntityQuerySpaceImpl(uid=<gen:0>, entity=ru.stqa.pft.mantis.model.UserData)
          - SQL table alias mapping - userdata0_
          - alias suffix - 0_
          - suffixed key columns - {id1_0_0_}

20:46:39.194 [Test worker] DEBUG org.hibernate.loader.entity.plan.EntityLoader - Static select for entity ru.stqa.pft.mantis.model.UserData [READ]: select userdata0_.id as id1_0_0_, userdata0_.email as email2_0_0_, userdata0_.username as username3_0_0_ from mantis_user_table userdata0_ where userdata0_.id=?
20:46:39.218 [Test worker] DEBUG org.hibernate.loader.Loader - Static select for action ACTION_MERGE on entity ru.stqa.pft.mantis.model.UserData: select userdata0_.id as id1_0_0_, userdata0_.email as email2_0_0_, userdata0_.username as username3_0_0_ from mantis_user_table userdata0_ where userdata0_.id=?
20:46:39.218 [Test worker] DEBUG org.hibernate.loader.Loader - Static select for action ACTION_REFRESH on entity ru.stqa.pft.mantis.model.UserData: select userdata0_.id as id1_0_0_, userdata0_.email as email2_0_0_, userdata0_.username as username3_0_0_ from mantis_user_table userdata0_ where userdata0_.id=?
20:46:39.263 [Test worker] INFO org.hibernate.orm.connections.access - HHH10001501: Connection obtained from JdbcConnectionAccess [org.hibernate.engine.jdbc.env.internal.JdbcEnvironmentInitiator$ConnectionProviderJdbcConnectionAccess@259f0188] for (non-JTA) DDL execution was not in auto-commit mode; the Connection 'local transaction' will be committed and the Connection will be set into auto-commit mode.
20:46:39.700 [Test worker] DEBUG org.hibernate.engine.transaction.jta.platform.internal.JtaPlatformInitiator - No JtaPlatform was specified, checking resolver
20:46:39.700 [Test worker] DEBUG org.hibernate.engine.transaction.jta.platform.internal.JtaPlatformResolverInitiator - No JtaPlatformResolver was specified, using default [org.hibernate.engine.transaction.jta.platform.internal.StandardJtaPlatformResolver]
20:46:39.709 [Test worker] DEBUG org.hibernate.engine.transaction.jta.platform.internal.StandardJtaPlatformResolver - Could not resolve JtaPlatform, using default [org.hibernate.engine.transaction.jta.platform.internal.NoJtaPlatform]
20:46:39.709 [Test worker] INFO org.hibernate.engine.transaction.jta.platform.internal.JtaPlatformInitiator - HHH000490: Using JtaPlatform implementation: [org.hibernate.engine.transaction.jta.platform.internal.NoJtaPlatform]
20:46:39.712 [Test worker] DEBUG org.hibernate.query.spi.NamedQueryRepository - Checking 0 named HQL queries
20:46:39.712 [Test worker] DEBUG org.hibernate.query.spi.NamedQueryRepository - Checking 0 named SQL queries
20:46:39.727 [Test worker] DEBUG org.hibernate.internal.SessionFactoryRegistry - Initializing SessionFactoryRegistry : org.hibernate.internal.SessionFactoryRegistry@56cdde38
20:46:39.730 [Test worker] DEBUG org.hibernate.internal.SessionFactoryRegistry - Registering SessionFactory: 525c8189-7120-4c42-b982-47894ba3c3b6 (<unnamed>)
20:46:39.730 [Test worker] DEBUG org.hibernate.internal.SessionFactoryRegistry - Not binding SessionFactory to JNDI, no JNDI name configured
20:46:39.798 [Test worker] DEBUG org.hibernate.stat.internal.StatisticsInitiator - Statistics initialized [enabled=false]
20:46:39.804 [Test worker] DEBUG org.hibernate.engine.transaction.internal.TransactionImpl - On TransactionImpl creation, JpaCompliance#isJpaTransactionComplianceEnabled == false
20:46:39.804 [Test worker] DEBUG org.hibernate.engine.transaction.internal.TransactionImpl - begin
20:46:39.826 [Test worker] DEBUG org.hibernate.hql.internal.QueryTranslatorFactoryInitiator - QueryTranslatorFactory: org.hibernate.hql.internal.ast.ASTQueryTranslatorFactory@6b4d5e35
20:46:39.876 [Test worker] DEBUG org.hibernate.hql.internal.ast.QueryTranslatorImpl - parse() - HQL: from ru.stqa.pft.mantis.model.UserData where username!='administrator'
20:46:39.885 [Test worker] DEBUG org.hibernate.hql.internal.ast.ErrorTracker - throwQueryException() : no errors
20:46:39.897 [Test worker] DEBUG org.hibernate.hql.internal.ast.QueryTranslatorImpl - --- HQL AST ---
 \-[QUERY] Node: 'query'
    +-[SELECT_FROM] Node: 'SELECT_FROM'
    |  \-[FROM] Node: 'from'
    |     \-[RANGE] Node: 'RANGE'
    |        \-[DOT] Node: '.'
    |           +-[DOT] Node: '.'
    |           |  +-[DOT] Node: '.'
    |           |  |  +-[DOT] Node: '.'
    |           |  |  |  +-[DOT] Node: '.'
    |           |  |  |  |  +-[IDENT] Node: 'ru'
    |           |  |  |  |  \-[IDENT] Node: 'stqa'
    |           |  |  |  \-[IDENT] Node: 'pft'
    |           |  |  \-[IDENT] Node: 'mantis'
    |           |  \-[IDENT] Node: 'model'
    |           \-[IDENT] Node: 'UserData'
    \-[WHERE] Node: 'where'
       \-[NE] Node: '!='
          +-[IDENT] Node: 'username'
          \-[QUOTED_STRING] Node: ''administrator''

20:46:39.933 [Test worker] DEBUG org.hibernate.hql.internal.antlr.HqlSqlBaseWalker - select << begin [level=1, statement=select]
20:46:39.951 [Test worker] DEBUG org.hibernate.hql.internal.ast.tree.FromElement - FromClause{level=1} : ru.stqa.pft.mantis.model.UserData (<no alias>) -> userdata0_
20:46:39.954 [Test worker] DEBUG org.hibernate.hql.internal.ast.tree.FromReferenceNode - Resolved : {synthetic-alias} -> {synthetic-alias}
20:46:39.957 [Test worker] DEBUG org.hibernate.hql.internal.ast.tree.DotNode - getDataType() : username -> org.hibernate.type.StringType@45b537d7
20:46:39.957 [Test worker] DEBUG org.hibernate.hql.internal.ast.tree.FromReferenceNode - Resolved : {synthetic-alias}.username -> userdata0_.username
20:46:39.960 [Test worker] DEBUG org.hibernate.hql.internal.antlr.HqlSqlBaseWalker - select : finishing up [level=1, statement=select]
20:46:39.960 [Test worker] DEBUG org.hibernate.hql.internal.ast.HqlSqlWalker - processQuery() :  ( SELECT ( FromClause{level=1} mantis_user_table userdata0_ ) ( where ( != ( userdata0_.username {synthetic-alias} username ) 'administrator' ) ) )
20:46:39.966 [Test worker] DEBUG org.hibernate.hql.internal.ast.HqlSqlWalker - Derived SELECT clause created.
20:46:39.969 [Test worker] DEBUG org.hibernate.hql.internal.ast.util.JoinProcessor - Tables referenced from query nodes:
 \-QueryNode
    +-SelectClause
    | referencedTables(entity UserData): [mantis_user_table]
    |  +-SelectExpressionImpl
    |  | persister: SingleTableEntityPersister(ru.stqa.pft.mantis.model.UserData)
    |  \-SqlFragment
    +-FromClause
    |  \-FromElement
    \-SqlNode
       \-BinaryLogicOperatorNode
          +-DotNode
          | persister: SingleTableEntityPersister(ru.stqa.pft.mantis.model.UserData)
          | path: {synthetic-alias}.username
          |  +-IdentNode
          |  | persister: SingleTableEntityPersister(ru.stqa.pft.mantis.model.UserData)
          |  | originalText: {synthetic-alias}
          |  \-IdentNode
          |    persister: null
          |    originalText: username
          \-LiteralNode

20:46:39.975 [Test worker] DEBUG org.hibernate.hql.internal.ast.util.JoinProcessor - Using FROM fragment [mantis_user_table userdata0_]
20:46:39.975 [Test worker] DEBUG org.hibernate.hql.internal.antlr.HqlSqlBaseWalker - select >> end [level=1, statement=select]
20:46:39.975 [Test worker] DEBUG org.hibernate.hql.internal.ast.QueryTranslatorImpl - --- SQL AST ---
 \-[SELECT] QueryNode: 'SELECT'  querySpaces (mantis_user_table)
    +-[SELECT_CLAUSE] SelectClause: '{derived select clause}'
    |  +-[SELECT_EXPR] SelectExpressionImpl: 'userdata0_.id as id1_0_' {FromElement{explicit,not a collection join,not a fetch join,fetch non-lazy properties,classAlias=null,role=null,tableName=mantis_user_table,tableAlias=userdata0_,origin=null,columns={,className=ru.stqa.pft.mantis.model.UserData}}}
    |  \-[SQL_TOKEN] SqlFragment: 'userdata0_.email as email2_0_, userdata0_.username as username3_0_'
    +-[FROM] FromClause: 'from' FromClause{level=1, fromElementCounter=1, fromElements=1, fromElementByClassAlias=[], fromElementByTableAlias=[userdata0_], fromElementsByPath=[], collectionJoinFromElementsByPath=[], impliedElements=[]}
    |  \-[FROM_FRAGMENT] FromElement: 'mantis_user_table userdata0_' FromElement{explicit,not a collection join,not a fetch join,fetch non-lazy properties,classAlias=null,role=null,tableName=mantis_user_table,tableAlias=userdata0_,origin=null,columns={,className=ru.stqa.pft.mantis.model.UserData}}
    \-[WHERE] SqlNode: 'where'
       \-[NE] BinaryLogicOperatorNode: '!='
          +-[DOT] DotNode: 'userdata0_.username' {propertyName=username,dereferenceType=PRIMITIVE,getPropertyPath=username,path={synthetic-alias}.username,tableAlias=userdata0_,className=ru.stqa.pft.mantis.model.UserData,classAlias=null}
          |  +-[IDENT] IdentNode: '{synthetic-alias}' {originalText={synthetic-alias}}
          |  \-[IDENT] IdentNode: 'username' {originalText=username}
          \-[QUOTED_STRING] LiteralNode: ''administrator''

20:46:39.975 [Test worker] DEBUG org.hibernate.hql.internal.ast.ErrorTracker - throwQueryException() : no errors
20:46:39.987 [Test worker] DEBUG org.hibernate.hql.internal.ast.QueryTranslatorImpl - HQL: from ru.stqa.pft.mantis.model.UserData where username!='administrator'
20:46:39.987 [Test worker] DEBUG org.hibernate.hql.internal.ast.QueryTranslatorImpl - SQL: select userdata0_.id as id1_0_, userdata0_.email as email2_0_, userdata0_.username as username3_0_ from mantis_user_table userdata0_ where userdata0_.username<>'administrator'
20:46:39.987 [Test worker] DEBUG org.hibernate.hql.internal.ast.ErrorTracker - throwQueryException() : no errors
20:46:40.008 [Test worker] DEBUG org.hibernate.SQL - select userdata0_.id as id1_0_, userdata0_.email as email2_0_, userdata0_.username as username3_0_ from mantis_user_table userdata0_ where userdata0_.username<>'administrator'
Hibernate: select userdata0_.id as id1_0_, userdata0_.email as email2_0_, userdata0_.username as username3_0_ from mantis_user_table userdata0_ where userdata0_.username<>'administrator'
20:46:40.026 [Test worker] DEBUG org.hibernate.loader.Loader - Result set row: 0
20:46:40.029 [Test worker] DEBUG org.hibernate.loader.Loader - Result row: EntityKey[ru.stqa.pft.mantis.model.UserData#2]
20:46:40.038 [Test worker] DEBUG org.hibernate.loader.Loader - Result set row: 1
20:46:40.038 [Test worker] DEBUG org.hibernate.loader.Loader - Result row: EntityKey[ru.stqa.pft.mantis.model.UserData#3]
20:46:40.038 [Test worker] DEBUG org.hibernate.loader.Loader - Result set row: 2
20:46:40.038 [Test worker] DEBUG org.hibernate.loader.Loader - Result row: EntityKey[ru.stqa.pft.mantis.model.UserData#4]
20:46:40.038 [Test worker] DEBUG org.hibernate.loader.Loader - Result set row: 3
20:46:40.038 [Test worker] DEBUG org.hibernate.loader.Loader - Result row: EntityKey[ru.stqa.pft.mantis.model.UserData#5]
20:46:40.038 [Test worker] DEBUG org.hibernate.loader.Loader - Result set row: 4
20:46:40.038 [Test worker] DEBUG org.hibernate.loader.Loader - Result row: EntityKey[ru.stqa.pft.mantis.model.UserData#6]
20:46:40.038 [Test worker] DEBUG org.hibernate.loader.Loader - Result set row: 5
20:46:40.038 [Test worker] DEBUG org.hibernate.loader.Loader - Result row: EntityKey[ru.stqa.pft.mantis.model.UserData#7]
20:46:40.038 [Test worker] DEBUG org.hibernate.loader.Loader - Result set row: 6
20:46:40.038 [Test worker] DEBUG org.hibernate.loader.Loader - Result row: EntityKey[ru.stqa.pft.mantis.model.UserData#8]
20:46:40.041 [Test worker] DEBUG org.hibernate.loader.Loader - Result set row: 7
20:46:40.041 [Test worker] DEBUG org.hibernate.loader.Loader - Result row: EntityKey[ru.stqa.pft.mantis.model.UserData#9]
20:46:40.041 [Test worker] DEBUG org.hibernate.loader.Loader - Result set row: 8
20:46:40.041 [Test worker] DEBUG org.hibernate.loader.Loader - Result row: EntityKey[ru.stqa.pft.mantis.model.UserData#10]
20:46:40.041 [Test worker] DEBUG org.hibernate.loader.Loader - Result set row: 9
20:46:40.041 [Test worker] DEBUG org.hibernate.loader.Loader - Result row: EntityKey[ru.stqa.pft.mantis.model.UserData#11]
20:46:40.041 [Test worker] DEBUG org.hibernate.loader.Loader - Result set row: 10
20:46:40.041 [Test worker] DEBUG org.hibernate.loader.Loader - Result row: EntityKey[ru.stqa.pft.mantis.model.UserData#12]
20:46:40.041 [Test worker] DEBUG org.hibernate.loader.Loader - Result set row: 11
20:46:40.041 [Test worker] DEBUG org.hibernate.loader.Loader - Result row: EntityKey[ru.stqa.pft.mantis.model.UserData#13]
20:46:40.041 [Test worker] DEBUG org.hibernate.loader.Loader - Result set row: 12
20:46:40.041 [Test worker] DEBUG org.hibernate.loader.Loader - Result row: EntityKey[ru.stqa.pft.mantis.model.UserData#14]
20:46:40.041 [Test worker] DEBUG org.hibernate.loader.Loader - Result set row: 13
20:46:40.041 [Test worker] DEBUG org.hibernate.loader.Loader - Result row: EntityKey[ru.stqa.pft.mantis.model.UserData#15]
20:46:40.041 [Test worker] DEBUG org.hibernate.loader.Loader - Result set row: 14
20:46:40.041 [Test worker] DEBUG org.hibernate.loader.Loader - Result row: EntityKey[ru.stqa.pft.mantis.model.UserData#16]
20:46:40.041 [Test worker] DEBUG org.hibernate.loader.Loader - Result set row: 15
20:46:40.041 [Test worker] DEBUG org.hibernate.loader.Loader - Result row: EntityKey[ru.stqa.pft.mantis.model.UserData#17]
20:46:40.041 [Test worker] DEBUG org.hibernate.loader.Loader - Result set row: 16
20:46:40.041 [Test worker] DEBUG org.hibernate.loader.Loader - Result row: EntityKey[ru.stqa.pft.mantis.model.UserData#18]
20:46:40.041 [Test worker] DEBUG org.hibernate.loader.Loader - Result set row: 17
20:46:40.041 [Test worker] DEBUG org.hibernate.loader.Loader - Result row: EntityKey[ru.stqa.pft.mantis.model.UserData#19]
20:46:40.041 [Test worker] DEBUG org.hibernate.loader.Loader - Result set row: 18
20:46:40.041 [Test worker] DEBUG org.hibernate.loader.Loader - Result row: EntityKey[ru.stqa.pft.mantis.model.UserData#20]
20:46:40.041 [Test worker] DEBUG org.hibernate.loader.Loader - Result set row: 19
20:46:40.041 [Test worker] DEBUG org.hibernate.loader.Loader - Result row: EntityKey[ru.stqa.pft.mantis.model.UserData#21]
20:46:40.044 [Test worker] DEBUG org.hibernate.engine.internal.TwoPhaseLoad - Resolving attributes for [ru.stqa.pft.mantis.model.UserData#2]
20:46:40.044 [Test worker] DEBUG org.hibernate.engine.internal.TwoPhaseLoad - Processing attribute `email` : value = user1@mail.ru
20:46:40.044 [Test worker] DEBUG org.hibernate.engine.internal.TwoPhaseLoad - Attribute (`email`)  - enhanced for lazy-loading? - false
20:46:40.044 [Test worker] DEBUG org.hibernate.engine.internal.TwoPhaseLoad - Processing attribute `username` : value = user1
20:46:40.044 [Test worker] DEBUG org.hibernate.engine.internal.TwoPhaseLoad - Attribute (`username`)  - enhanced for lazy-loading? - false
20:46:40.047 [Test worker] DEBUG org.hibernate.engine.internal.TwoPhaseLoad - Done materializing entity [ru.stqa.pft.mantis.model.UserData#2]
20:46:40.047 [Test worker] DEBUG org.hibernate.engine.internal.TwoPhaseLoad - Resolving attributes for [ru.stqa.pft.mantis.model.UserData#3]
20:46:40.047 [Test worker] DEBUG org.hibernate.engine.internal.TwoPhaseLoad - Processing attribute `email` : value = 926@mail.ru
20:46:40.047 [Test worker] DEBUG org.hibernate.engine.internal.TwoPhaseLoad - Attribute (`email`)  - enhanced for lazy-loading? - false
20:46:40.047 [Test worker] DEBUG org.hibernate.engine.internal.TwoPhaseLoad - Processing attribute `username` : value = llzk
20:46:40.047 [Test worker] DEBUG org.hibernate.engine.internal.TwoPhaseLoad - Attribute (`username`)  - enhanced for lazy-loading? - false
20:46:40.047 [Test worker] DEBUG org.hibernate.engine.internal.TwoPhaseLoad - Done materializing entity [ru.stqa.pft.mantis.model.UserData#3]
20:46:40.047 [Test worker] DEBUG org.hibernate.engine.internal.TwoPhaseLoad - Resolving attributes for [ru.stqa.pft.mantis.model.UserData#4]
20:46:40.047 [Test worker] DEBUG org.hibernate.engine.internal.TwoPhaseLoad - Processing attribute `email` : value = user2@mail.ru
20:46:40.048 [Test worker] DEBUG org.hibernate.engine.internal.TwoPhaseLoad - Attribute (`email`)  - enhanced for lazy-loading? - false
20:46:40.048 [Test worker] DEBUG org.hibernate.engine.internal.TwoPhaseLoad - Processing attribute `username` : value = user2
20:46:40.048 [Test worker] DEBUG org.hibernate.engine.internal.TwoPhaseLoad - Attribute (`username`)  - enhanced for lazy-loading? - false
20:46:40.048 [Test worker] DEBUG org.hibernate.engine.internal.TwoPhaseLoad - Done materializing entity [ru.stqa.pft.mantis.model.UserData#4]
20:46:40.048 [Test worker] DEBUG org.hibernate.engine.internal.TwoPhaseLoad - Resolving attributes for [ru.stqa.pft.mantis.model.UserData#5]
20:46:40.048 [Test worker] DEBUG org.hibernate.engine.internal.TwoPhaseLoad - Processing attribute `email` : value = user3@mail.ru
20:46:40.048 [Test worker] DEBUG org.hibernate.engine.internal.TwoPhaseLoad - Attribute (`email`)  - enhanced for lazy-loading? - false
20:46:40.048 [Test worker] DEBUG org.hibernate.engine.internal.TwoPhaseLoad - Processing attribute `username` : value = user3
20:46:40.048 [Test worker] DEBUG org.hibernate.engine.internal.TwoPhaseLoad - Attribute (`username`)  - enhanced for lazy-loading? - false
20:46:40.048 [Test worker] DEBUG org.hibernate.engine.internal.TwoPhaseLoad - Done materializing entity [ru.stqa.pft.mantis.model.UserData#5]
20:46:40.048 [Test worker] DEBUG org.hibernate.engine.internal.TwoPhaseLoad - Resolving attributes for [ru.stqa.pft.mantis.model.UserData#6]
20:46:40.048 [Test worker] DEBUG org.hibernate.engine.internal.TwoPhaseLoad - Processing attribute `email` : value = user0@mail.ru
20:46:40.048 [Test worker] DEBUG org.hibernate.engine.internal.TwoPhaseLoad - Attribute (`email`)  - enhanced for lazy-loading? - false
20:46:40.048 [Test worker] DEBUG org.hibernate.engine.internal.TwoPhaseLoad - Processing attribute `username` : value = user0
20:46:40.048 [Test worker] DEBUG org.hibernate.engine.internal.TwoPhaseLoad - Attribute (`username`)  - enhanced for lazy-loading? - false
20:46:40.048 [Test worker] DEBUG org.hibernate.engine.internal.TwoPhaseLoad - Done materializing entity [ru.stqa.pft.mantis.model.UserData#6]
20:46:40.048 [Test worker] DEBUG org.hibernate.engine.internal.TwoPhaseLoad - Resolving attributes for [ru.stqa.pft.mantis.model.UserData#7]
20:46:40.048 [Test worker] DEBUG org.hibernate.engine.internal.TwoPhaseLoad - Processing attribute `email` : value = user18@mail.ru
20:46:40.048 [Test worker] DEBUG org.hibernate.engine.internal.TwoPhaseLoad - Attribute (`email`)  - enhanced for lazy-loading? - false
20:46:40.048 [Test worker] DEBUG org.hibernate.engine.internal.TwoPhaseLoad - Processing attribute `username` : value = user18
20:46:40.048 [Test worker] DEBUG org.hibernate.engine.internal.TwoPhaseLoad - Attribute (`username`)  - enhanced for lazy-loading? - false
[...]
User-Agent: selenium/4.0.0-alpha-6 (java windows)
Content-Length: 62
Content-Type: application/json; charset=utf-8
host: localhost:20241
accept: */*

Response DefaultHttpResponse(decodeResult: success, version: HTTP/1.1)
HTTP/1.1 200 OK
Content-Length: 88
Content-Type: application/json; charset=utf-8
cache-control: no-cache

20:46:44.032 [AsyncHttpClient-3-1] DEBUG org.asynchttpclient.netty.channel.ChannelManager - Adding key: http://localhost:20241 for channel [id: 0x3f8fb4a0, L:/127.0.0.1:55975 - R:localhost/127.0.0.1:20241]
20:46:44.035 [Forwarding clearElement on session 50eea11bb395f9c0da233c9880114e2f to remote] DEBUG org.asynchttpclient.netty.request.NettyRequestSender - Using pooled Channel '[id: 0x3f8fb4a0, L:/127.0.0.1:55975 - R:localhost/127.0.0.1:20241]' for 'POST' to 'http://localhost:20241/session/50eea11bb395f9c0da233c9880114e2f/element/d5f4423f-984b-40b3-b25a-1b0231ffffe5/clear'
20:46:44.035 [Forwarding clearElement on session 50eea11bb395f9c0da233c9880114e2f to remote] DEBUG org.asynchttpclient.netty.request.NettyRequestSender - Using open Channel [id: 0x3f8fb4a0, L:/127.0.0.1:55975 - R:localhost/127.0.0.1:20241] for POST '/session/50eea11bb395f9c0da233c9880114e2f/element/d5f4423f-984b-40b3-b25a-1b0231ffffe5/clear'
20:46:44.076 [AsyncHttpClient-3-1] DEBUG org.asynchttpclient.netty.handler.HttpHandler - 

Request DefaultHttpRequest(decodeResult: success, version: HTTP/1.1)
POST /session/50eea11bb395f9c0da233c9880114e2f/element/d5f4423f-984b-40b3-b25a-1b0231ffffe5/clear HTTP/1.1
User-Agent: selenium/4.0.0-alpha-6 (java windows)
Content-Length: 50
Content-Type: application/json; charset=utf-8
host: localhost:20241
accept: */*

Response DefaultHttpResponse(decodeResult: success, version: HTTP/1.1)
HTTP/1.1 200 OK
Content-Length: 14
Content-Type: application/json; charset=utf-8
cache-control: no-cache

20:46:44.079 [AsyncHttpClient-3-1] DEBUG org.asynchttpclient.netty.channel.ChannelManager - Adding key: http://localhost:20241 for channel [id: 0x3f8fb4a0, L:/127.0.0.1:55975 - R:localhost/127.0.0.1:20241]
20:46:44.079 [Forwarding findElement on session 50eea11bb395f9c0da233c9880114e2f to remote] DEBUG org.asynchttpclient.netty.request.NettyRequestSender - Using pooled Channel '[id: 0x3f8fb4a0, L:/127.0.0.1:55975 - R:localhost/127.0.0.1:20241]' for 'POST' to 'http://localhost:20241/session/50eea11bb395f9c0da233c9880114e2f/element'
20:46:44.079 [Forwarding findElement on session 50eea11bb395f9c0da233c9880114e2f to remote] DEBUG org.asynchttpclient.netty.request.NettyRequestSender - Using open Channel [id: 0x3f8fb4a0, L:/127.0.0.1:55975 - R:localhost/127.0.0.1:20241] for POST '/session/50eea11bb395f9c0da233c9880114e2f/element'
20:46:44.091 [AsyncHttpClient-3-1] DEBUG org.asynchttpclient.netty.handler.HttpHandler - 

Request DefaultHttpRequest(decodeResult: success, version: HTTP/1.1)
POST /session/50eea11bb395f9c0da233c9880114e2f/element HTTP/1.1
User-Agent: selenium/4.0.0-alpha-6 (java windows)
Content-Length: 62
Content-Type: application/json; charset=utf-8
host: localhost:20241
accept: */*

Response DefaultHttpResponse(decodeResult: success, version: HTTP/1.1)
HTTP/1.1 200 OK
Content-Length: 88
Content-Type: application/json; charset=utf-8
cache-control: no-cache

20:46:44.091 [AsyncHttpClient-3-1] DEBUG org.asynchttpclient.netty.channel.ChannelManager - Adding key: http://localhost:20241 for channel [id: 0x3f8fb4a0, L:/127.0.0.1:55975 - R:localhost/127.0.0.1:20241]
20:46:44.094 [Forwarding sendKeysToElement on session 50eea11bb395f9c0da233c9880114e2f to remote] DEBUG org.asynchttpclient.netty.request.NettyRequestSender - Using pooled Channel '[id: 0x3f8fb4a0, L:/127.0.0.1:55975 - R:localhost/127.0.0.1:20241]' for 'POST' to 'http://localhost:20241/session/50eea11bb395f9c0da233c9880114e2f/element/d5f4423f-984b-40b3-b25a-1b0231ffffe5/value'
20:46:44.094 [Forwarding sendKeysToElement on session 50eea11bb395f9c0da233c9880114e2f to remote] DEBUG org.asynchttpclient.netty.request.NettyRequestSender - Using open Channel [id: 0x3f8fb4a0, L:/127.0.0.1:55975 - R:localhost/127.0.0.1:20241] for POST '/session/50eea11bb395f9c0da233c9880114e2f/element/d5f4423f-984b-40b3-b25a-1b0231ffffe5/value'
20:46:44.142 [AsyncHttpClient-3-1] DEBUG org.asynchttpclient.netty.handler.HttpHandler - 

Request DefaultHttpRequest(decodeResult: success, version: HTTP/1.1)
POST /session/50eea11bb395f9c0da233c9880114e2f/element/d5f4423f-984b-40b3-b25a-1b0231ffffe5/value HTTP/1.1
User-Agent: selenium/4.0.0-alpha-6 (java windows)
Content-Length: 161
Content-Type: application/json; charset=utf-8
host: localhost:20241
accept: */*

Response DefaultHttpResponse(decodeResult: success, version: HTTP/1.1)
HTTP/1.1 200 OK
Content-Length: 14
Content-Type: application/json; charset=utf-8
cache-control: no-cache

20:46:44.142 [AsyncHttpClient-3-1] DEBUG org.asynchttpclient.netty.channel.ChannelManager - Adding key: http://localhost:20241 for channel [id: 0x3f8fb4a0, L:/127.0.0.1:55975 - R:localhost/127.0.0.1:20241]
20:46:44.145 [Forwarding findElement on session 50eea11bb395f9c0da233c9880114e2f to remote] DEBUG org.asynchttpclient.netty.request.NettyRequestSender - Using pooled Channel '[id: 0x3f8fb4a0, L:/127.0.0.1:55975 - R:localhost/127.0.0.1:20241]' for 'POST' to 'http://localhost:20241/session/50eea11bb395f9c0da233c9880114e2f/element'
20:46:44.145 [Forwarding findElement on session 50eea11bb395f9c0da233c9880114e2f to remote] DEBUG org.asynchttpclient.netty.request.NettyRequestSender - Using open Channel [id: 0x3f8fb4a0, L:/127.0.0.1:55975 - R:localhost/127.0.0.1:20241] for POST '/session/50eea11bb395f9c0da233c9880114e2f/element'
20:46:44.164 [AsyncHttpClient-3-1] DEBUG org.asynchttpclient.netty.handler.HttpHandler - 

Request DefaultHttpRequest(decodeResult: success, version: HTTP/1.1)
POST /session/50eea11bb395f9c0da233c9880114e2f/element HTTP/1.1
User-Agent: selenium/4.0.0-alpha-6 (java windows)
Content-Length: 70
Content-Type: application/json; charset=utf-8
host: localhost:20241
accept: */*

Response DefaultHttpResponse(decodeResult: success, version: HTTP/1.1)
HTTP/1.1 200 OK
Content-Length: 88
Content-Type: application/json; charset=utf-8
cache-control: no-cache

20:46:44.164 [AsyncHttpClient-3-1] DEBUG org.asynchttpclient.netty.channel.ChannelManager - Adding key: http://localhost:20241 for channel [id: 0x3f8fb4a0, L:/127.0.0.1:55975 - R:localhost/127.0.0.1:20241]
20:46:44.167 [Forwarding clickElement on session 50eea11bb395f9c0da233c9880114e2f to remote] DEBUG org.asynchttpclient.netty.request.NettyRequestSender - Using pooled Channel '[id: 0x3f8fb4a0, L:/127.0.0.1:55975 - R:localhost/127.0.0.1:20241]' for 'POST' to 'http://localhost:20241/session/50eea11bb395f9c0da233c9880114e2f/element/522d6b4c-94a1-4d47-a587-9b78fbfb7d99/click'
20:46:44.167 [Forwarding clickElement on session 50eea11bb395f9c0da233c9880114e2f to remote] DEBUG org.asynchttpclient.netty.request.NettyRequestSender - Using open Channel [id: 0x3f8fb4a0, L:/127.0.0.1:55975 - R:localhost/127.0.0.1:20241] for POST '/session/50eea11bb395f9c0da233c9880114e2f/element/522d6b4c-94a1-4d47-a587-9b78fbfb7d99/click'
20:46:44.239 [AsyncHttpClient-3-1] DEBUG org.asynchttpclient.netty.handler.HttpHandler - 

Request DefaultHttpRequest(decodeResult: success, version: HTTP/1.1)
POST /session/50eea11bb395f9c0da233c9880114e2f/element/522d6b4c-94a1-4d47-a587-9b78fbfb7d99/click HTTP/1.1
User-Agent: selenium/4.0.0-alpha-6 (java windows)
Content-Length: 50
Content-Type: application/json; charset=utf-8
host: localhost:20241
accept: */*

Response DefaultHttpResponse(decodeResult: success, version: HTTP/1.1)
HTTP/1.1 200 OK
Content-Length: 14
Content-Type: application/json; charset=utf-8
cache-control: no-cache

20:46:44.239 [AsyncHttpClient-3-1] DEBUG org.asynchttpclient.netty.channel.ChannelManager - Adding key: http://localhost:20241 for channel [id: 0x3f8fb4a0, L:/127.0.0.1:55975 - R:localhost/127.0.0.1:20241]
20:46:44.242 [Forwarding findElement on session 50eea11bb395f9c0da233c9880114e2f to remote] DEBUG org.asynchttpclient.netty.request.NettyRequestSender - Using pooled Channel '[id: 0x3f8fb4a0, L:/127.0.0.1:55975 - R:localhost/127.0.0.1:20241]' for 'POST' to 'http://localhost:20241/session/50eea11bb395f9c0da233c9880114e2f/element'
20:46:44.242 [Forwarding findElement on session 50eea11bb395f9c0da233c9880114e2f to remote] DEBUG org.asynchttpclient.netty.request.NettyRequestSender - Using open Channel [id: 0x3f8fb4a0, L:/127.0.0.1:55975 - R:localhost/127.0.0.1:20241] for POST '/session/50eea11bb395f9c0da233c9880114e2f/element'
20:46:44.255 [AsyncHttpClient-3-1] DEBUG org.asynchttpclient.netty.handler.HttpHandler - 

Request DefaultHttpRequest(decodeResult: success, version: HTTP/1.1)
POST /session/50eea11bb395f9c0da233c9880114e2f/element HTTP/1.1
User-Agent: selenium/4.0.0-alpha-6 (java windows)
Content-Length: 70
Content-Type: application/json; charset=utf-8
host: localhost:20241
accept: */*

Response DefaultHttpResponse(decodeResult: success, version: HTTP/1.1)
HTTP/1.1 200 OK
Content-Length: 88
Content-Type: application/json; charset=utf-8
cache-control: no-cache

20:46:44.255 [AsyncHttpClient-3-1] DEBUG org.asynchttpclient.netty.channel.ChannelManager - Adding key: http://localhost:20241 for channel [id: 0x3f8fb4a0, L:/127.0.0.1:55975 - R:localhost/127.0.0.1:20241]
20:46:44.258 [Forwarding getElementAttribute on session 50eea11bb395f9c0da233c9880114e2f to remote] DEBUG org.asynchttpclient.netty.request.NettyRequestSender - Using pooled Channel '[id: 0x3f8fb4a0, L:/127.0.0.1:55975 - R:localhost/127.0.0.1:20241]' for 'POST' to 'http://localhost:20241/session/50eea11bb395f9c0da233c9880114e2f/execute/sync'
20:46:44.258 [Forwarding getElementAttribute on session 50eea11bb395f9c0da233c9880114e2f to remote] DEBUG org.asynchttpclient.netty.request.NettyRequestSender - Using open Channel [id: 0x3f8fb4a0, L:/127.0.0.1:55975 - R:localhost/127.0.0.1:20241] for POST '/session/50eea11bb395f9c0da233c9880114e2f/execute/sync'
20:46:44.273 [AsyncHttpClient-3-1] DEBUG org.asynchttpclient.netty.handler.HttpHandler - 

Request DefaultHttpRequest(decodeResult: success, version: HTTP/1.1)
POST /session/50eea11bb395f9c0da233c9880114e2f/execute/sync HTTP/1.1
User-Agent: selenium/4.0.0-alpha-6 (java windows)
Content-Length: 39635
Content-Type: application/json; charset=utf-8
host: localhost:20241
accept: */*

Response DefaultHttpResponse(decodeResult: success, version: HTTP/1.1)
HTTP/1.1 200 OK
Content-Length: 12
Content-Type: application/json; charset=utf-8
cache-control: no-cache

20:46:44.276 [AsyncHttpClient-3-1] DEBUG org.asynchttpclient.netty.channel.ChannelManager - Adding key: http://localhost:20241 for channel [id: 0x3f8fb4a0, L:/127.0.0.1:55975 - R:localhost/127.0.0.1:20241]
20:46:44.276 [Forwarding findElement on session 50eea11bb395f9c0da233c9880114e2f to remote] DEBUG org.asynchttpclient.netty.request.NettyRequestSender - Using pooled Channel '[id: 0x3f8fb4a0, L:/127.0.0.1:55975 - R:localhost/127.0.0.1:20241]' for 'POST' to 'http://localhost:20241/session/50eea11bb395f9c0da233c9880114e2f/element'
20:46:44.276 [Forwarding findElement on session 50eea11bb395f9c0da233c9880114e2f to remote] DEBUG org.asynchttpclient.netty.request.NettyRequestSender - Using open Channel [id: 0x3f8fb4a0, L:/127.0.0.1:55975 - R:localhost/127.0.0.1:20241] for POST '/session/50eea11bb395f9c0da233c9880114e2f/element'
20:46:44.288 [AsyncHttpClient-3-1] DEBUG org.asynchttpclient.netty.handler.HttpHandler - 

Request DefaultHttpRequest(decodeResult: success, version: HTTP/1.1)
POST /session/50eea11bb395f9c0da233c9880114e2f/element HTTP/1.1
User-Agent: selenium/4.0.0-alpha-6 (java windows)
Content-Length: 70
Content-Type: application/json; charset=utf-8
host: localhost:20241
accept: */*

Response DefaultHttpResponse(decodeResult: success, version: HTTP/1.1)
HTTP/1.1 200 OK
Content-Length: 88
Content-Type: application/json; charset=utf-8
cache-control: no-cache

20:46:44.288 [AsyncHttpClient-3-1] DEBUG org.asynchttpclient.netty.channel.ChannelManager - Adding key: http://localhost:20241 for channel [id: 0x3f8fb4a0, L:/127.0.0.1:55975 - R:localhost/127.0.0.1:20241]
20:46:44.291 [Forwarding clearElement on session 50eea11bb395f9c0da233c9880114e2f to remote] DEBUG org.asynchttpclient.netty.request.NettyRequestSender - Using pooled Channel '[id: 0x3f8fb4a0, L:/127.0.0.1:55975 - R:localhost/127.0.0.1:20241]' for 'POST' to 'http://localhost:20241/session/50eea11bb395f9c0da233c9880114e2f/element/522d6b4c-94a1-4d47-a587-9b78fbfb7d99/clear'
20:46:44.291 [Forwarding clearElement on session 50eea11bb395f9c0da233c9880114e2f to remote] DEBUG org.asynchttpclient.netty.request.NettyRequestSender - Using open Channel [id: 0x3f8fb4a0, L:/127.0.0.1:55975 - R:localhost/127.0.0.1:20241] for POST '/session/50eea11bb395f9c0da233c9880114e2f/element/522d6b4c-94a1-4d47-a587-9b78fbfb7d99/clear'
20:46:44.332 [AsyncHttpClient-3-1] DEBUG org.asynchttpclient.netty.handler.HttpHandler - 

Request DefaultHttpRequest(decodeResult: success, version: HTTP/1.1)
POST /session/50eea11bb395f9c0da233c9880114e2f/element/522d6b4c-94a1-4d47-a587-9b78fbfb7d99/clear HTTP/1.1
User-Agent: selenium/4.0.0-alpha-6 (java windows)
Content-Length: 50
Content-Type: application/json; charset=utf-8
host: localhost:20241
accept: */*

Response DefaultHttpResponse(decodeResult: success, version: HTTP/1.1)
HTTP/1.1 200 OK
Content-Length: 14
Content-Type: application/json; charset=utf-8
cache-control: no-cache

20:46:44.332 [AsyncHttpClient-3-1] DEBUG org.asynchttpclient.netty.channel.ChannelManager - Adding key: http://localhost:20241 for channel [id: 0x3f8fb4a0, L:/127.0.0.1:55975 - R:localhost/127.0.0.1:20241]
20:46:44.335 [Forwarding findElement on session 50eea11bb395f9c0da233c9880114e2f to remote] DEBUG org.asynchttpclient.netty.request.NettyRequestSender - Using pooled Channel '[id: 0x3f8fb4a0, L:/127.0.0.1:55975 - R:localhost/127.0.0.1:20241]' for 'POST' to 'http://localhost:20241/session/50eea11bb395f9c0da233c9880114e2f/element'
20:46:44.335 [Forwarding findElement on session 50eea11bb395f9c0da233c9880114e2f to remote] DEBUG org.asynchttpclient.netty.request.NettyRequestSender - Using open Channel [id: 0x3f8fb4a0, L:/127.0.0.1:55975 - R:localhost/127.0.0.1:20241] for POST '/session/50eea11bb395f9c0da233c9880114e2f/element'
20:46:44.347 [AsyncHttpClient-3-1] DEBUG org.asynchttpclient.netty.handler.HttpHandler - 

Request DefaultHttpRequest(decodeResult: success, version: HTTP/1.1)
POST /session/50eea11bb395f9c0da233c9880114e2f/element HTTP/1.1
User-Agent: selenium/4.0.0-alpha-6 (java windows)
Content-Length: 70
Content-Type: application/json; charset=utf-8
host: localhost:20241
accept: */*

Response DefaultHttpResponse(decodeResult: success, version: HTTP/1.1)
HTTP/1.1 200 OK
Content-Length: 88
Content-Type: application/json; charset=utf-8
cache-control: no-cache

20:46:44.347 [AsyncHttpClient-3-1] DEBUG org.asynchttpclient.netty.channel.ChannelManager - Adding key: http://localhost:20241 for channel [id: 0x3f8fb4a0, L:/127.0.0.1:55975 - R:localhost/127.0.0.1:20241]
20:46:44.350 [Forwarding sendKeysToElement on session 50eea11bb395f9c0da233c9880114e2f to remote] DEBUG org.asynchttpclient.netty.request.NettyRequestSender - Using pooled Channel '[id: 0x3f8fb4a0, L:/127.0.0.1:55975 - R:localhost/127.0.0.1:20241]' for 'POST' to 'http://localhost:20241/session/50eea11bb395f9c0da233c9880114e2f/element/522d6b4c-94a1-4d47-a587-9b78fbfb7d99/value'
20:46:44.350 [Forwarding sendKeysToElement on session 50eea11bb395f9c0da233c9880114e2f to remote] DEBUG org.asynchttpclient.netty.request.NettyRequestSender - Using open Channel [id: 0x3f8fb4a0, L:/127.0.0.1:55975 - R:localhost/127.0.0.1:20241] for POST '/session/50eea11bb395f9c0da233c9880114e2f/element/522d6b4c-94a1-4d47-a587-9b78fbfb7d99/value'
20:46:44.395 [AsyncHttpClient-3-1] DEBUG org.asynchttpclient.netty.handler.HttpHandler - 

Request DefaultHttpRequest(decodeResult: success, version: HTTP/1.1)
POST /session/50eea11bb395f9c0da233c9880114e2f/element/522d6b4c-94a1-4d47-a587-9b78fbfb7d99/value HTTP/1.1
User-Agent: selenium/4.0.0-alpha-6 (java windows)
Content-Length: 161
Content-Type: application/json; charset=utf-8
host: localhost:20241
accept: */*

Response DefaultHttpResponse(decodeResult: success, version: HTTP/1.1)
HTTP/1.1 200 OK
Content-Length: 14
Content-Type: application/json; charset=utf-8
cache-control: no-cache

20:46:44.395 [AsyncHttpClient-3-1] DEBUG org.asynchttpclient.netty.channel.ChannelManager - Adding key: http://localhost:20241 for channel [id: 0x3f8fb4a0, L:/127.0.0.1:55975 - R:localhost/127.0.0.1:20241]
20:46:44.398 [Forwarding findElement on session 50eea11bb395f9c0da233c9880114e2f to remote] DEBUG org.asynchttpclient.netty.request.NettyRequestSender - Using pooled Channel '[id: 0x3f8fb4a0, L:/127.0.0.1:55975 - R:localhost/127.0.0.1:20241]' for 'POST' to 'http://localhost:20241/session/50eea11bb395f9c0da233c9880114e2f/element'
20:46:44.398 [Forwarding findElement on session 50eea11bb395f9c0da233c9880114e2f to remote] DEBUG org.asynchttpclient.netty.request.NettyRequestSender - Using open Channel [id: 0x3f8fb4a0, L:/127.0.0.1:55975 - R:localhost/127.0.0.1:20241] for POST '/session/50eea11bb395f9c0da233c9880114e2f/element'
20:46:44.416 [AsyncHttpClient-3-1] DEBUG org.asynchttpclient.netty.handler.HttpHandler - 

Request DefaultHttpRequest(decodeResult: success, version: HTTP/1.1)
POST /session/50eea11bb395f9c0da233c9880114e2f/element HTTP/1.1
User-Agent: selenium/4.0.0-alpha-6 (java windows)
Content-Length: 71
Content-Type: application/json; charset=utf-8
host: localhost:20241
accept: */*

Response DefaultHttpResponse(decodeResult: success, version: HTTP/1.1)
HTTP/1.1 200 OK
Content-Length: 88
Content-Type: application/json; charset=utf-8
cache-control: no-cache

20:46:44.416 [AsyncHttpClient-3-1] DEBUG org.asynchttpclient.netty.channel.ChannelManager - Adding key: http://localhost:20241 for channel [id: 0x3f8fb4a0, L:/127.0.0.1:55975 - R:localhost/127.0.0.1:20241]
20:46:44.419 [Forwarding clickElement on session 50eea11bb395f9c0da233c9880114e2f to remote] DEBUG org.asynchttpclient.netty.request.NettyRequestSender - Using pooled Channel '[id: 0x3f8fb4a0, L:/127.0.0.1:55975 - R:localhost/127.0.0.1:20241]' for 'POST' to 'http://localhost:20241/session/50eea11bb395f9c0da233c9880114e2f/element/581948cb-9a14-4c84-bf32-60e844905882/click'
20:46:44.419 [Forwarding clickElement on session 50eea11bb395f9c0da233c9880114e2f to remote] DEBUG org.asynchttpclient.netty.request.NettyRequestSender - Using open Channel [id: 0x3f8fb4a0, L:/127.0.0.1:55975 - R:localhost/127.0.0.1:20241] for POST '/session/50eea11bb395f9c0da233c9880114e2f/element/581948cb-9a14-4c84-bf32-60e844905882/click'
20:46:44.554 [AsyncHttpClient-timer-1-1] DEBUG org.asynchttpclient.netty.channel.DefaultChannelPool - Entry count for : http://localhost:55976 : 1
20:46:44.741 [AsyncHttpClient-3-1] DEBUG org.asynchttpclient.netty.handler.HttpHandler - 

Request DefaultHttpRequest(decodeResult: success, version: HTTP/1.1)
POST /session/50eea11bb395f9c0da233c9880114e2f/element/581948cb-9a14-4c84-bf32-60e844905882/click HTTP/1.1
User-Agent: selenium/4.0.0-alpha-6 (java windows)
Content-Length: 50
Content-Type: application/json; charset=utf-8
host: localhost:20241
accept: */*

Response DefaultHttpResponse(decodeResult: success, version: HTTP/1.1)
HTTP/1.1 200 OK
Content-Length: 14
Content-Type: application/json; charset=utf-8
cache-control: no-cache

20:46:44.741 [AsyncHttpClient-3-1] DEBUG org.asynchttpclient.netty.channel.ChannelManager - Adding key: http://localhost:20241 for channel [id: 0x3f8fb4a0, L:/127.0.0.1:55975 - R:localhost/127.0.0.1:20241]
20:46:45.362 [Test worker] INFO org.subethamail.smtp.server.SMTPServer - SMTP server *:25 stopping
20:46:45.362 [Test worker] DEBUG org.subethamail.smtp.server.ServerThread - SMTP Server socket shut down
20:46:45.362 [org.subethamail.smtp.server.ServerThread *:25] INFO org.subethamail.smtp.server.ServerThread - SMTP server *:25 stopped
]]></system-out>
  <system-err><![CDATA[]]></system-err>
</testsuite>
