<?xml version="1.0" encoding="UTF-8"?>
<testsuite name="ru.stqa.pft.addressbook.tests.GroupCreationTests" tests="11" skipped="0" failures="0" errors="0" timestamp="2020-09-22T17:17:27" hostname="WIN-NSFR499DEQ9" time="16.907">
  <properties/>
  <testcase name="testBadGroupCreation" classname="ru.stqa.pft.addressbook.tests.GroupCreationTests" time="1.645"/>
  <testcase name="testGroupCreation[0](GroupData{id='2147483647', name='test 0'})" classname="ru.stqa.pft.addressbook.tests.GroupCreationTests" time="1.574"/>
  <testcase name="testGroupCreation[1](GroupData{id='2147483647', name='test 1'})" classname="ru.stqa.pft.addressbook.tests.GroupCreationTests" time="1.494"/>
  <testcase name="testGroupCreation[2](GroupData{id='2147483647', name='test 2'})" classname="ru.stqa.pft.addressbook.tests.GroupCreationTests" time="1.438"/>
  <testcase name="testGroupCreation[3](GroupData{id='2147483647', name='test 3'})" classname="ru.stqa.pft.addressbook.tests.GroupCreationTests" time="1.4"/>
  <testcase name="testGroupCreation[4](GroupData{id='2147483647', name='test 4'})" classname="ru.stqa.pft.addressbook.tests.GroupCreationTests" time="1.36"/>
  <testcase name="testGroupCreation[5](GroupData{id='2147483647', name='test 5'})" classname="ru.stqa.pft.addressbook.tests.GroupCreationTests" time="1.591"/>
  <testcase name="testGroupCreation[6](GroupData{id='2147483647', name='test 6'})" classname="ru.stqa.pft.addressbook.tests.GroupCreationTests" time="1.614"/>
  <testcase name="testGroupCreation[7](GroupData{id='2147483647', name='test 7'})" classname="ru.stqa.pft.addressbook.tests.GroupCreationTests" time="1.595"/>
  <testcase name="testGroupCreation[8](GroupData{id='2147483647', name='test 8'})" classname="ru.stqa.pft.addressbook.tests.GroupCreationTests" time="1.64"/>
  <testcase name="testGroupCreation[9](GroupData{id='2147483647', name='test 9'})" classname="ru.stqa.pft.addressbook.tests.GroupCreationTests" time="1.476"/>
  <system-out><![CDATA[20:17:27.753 [Test worker] INFO  r.s.pft.addressbook.tests.TestBase - Start testtestBadGroupCreation with parameters []
Hibernate: select groupdata0_.group_id as group_id1_2_, groupdata0_.group_footer as group_fo2_2_, groupdata0_.group_header as group_he3_2_, groupdata0_.group_name as group_na4_2_ from group_list groupdata0_
Hibernate: select contacts0_.group_id as group_id2_0_0_, contacts0_.id as id1_0_0_, contactdat1_.id as id1_1_1_, contactdat1_.address as address2_1_1_, contactdat1_.bmonth as bmonth3_1_1_, contactdat1_.byear as byear4_1_1_, contactdat1_.email as email5_1_1_, contactdat1_.email2 as email6_1_1_, contactdat1_.email3 as email7_1_1_, contactdat1_.firstname as firstnam8_1_1_, contactdat1_.home as home9_1_1_, contactdat1_.lastname as lastnam10_1_1_, contactdat1_.middlename as middlen11_1_1_, contactdat1_.mobile as mobile12_1_1_, contactdat1_.photo as photo13_1_1_, contactdat1_.work as work14_1_1_ from address_in_groups contacts0_ inner join addressbook contactdat1_ on contacts0_.id=contactdat1_.id where contacts0_.group_id=?
Hibernate: select contacts0_.group_id as group_id2_0_0_, contacts0_.id as id1_0_0_, contactdat1_.id as id1_1_1_, contactdat1_.address as address2_1_1_, contactdat1_.bmonth as bmonth3_1_1_, contactdat1_.byear as byear4_1_1_, contactdat1_.email as email5_1_1_, contactdat1_.email2 as email6_1_1_, contactdat1_.email3 as email7_1_1_, contactdat1_.firstname as firstnam8_1_1_, contactdat1_.home as home9_1_1_, contactdat1_.lastname as lastnam10_1_1_, contactdat1_.middlename as middlen11_1_1_, contactdat1_.mobile as mobile12_1_1_, contactdat1_.photo as photo13_1_1_, contactdat1_.work as work14_1_1_ from address_in_groups contacts0_ inner join addressbook contactdat1_ on contacts0_.id=contactdat1_.id where contacts0_.group_id=?
Hibernate: select contacts0_.group_id as group_id2_0_0_, contacts0_.id as id1_0_0_, contactdat1_.id as id1_1_1_, contactdat1_.address as address2_1_1_, contactdat1_.bmonth as bmonth3_1_1_, contactdat1_.byear as byear4_1_1_, contactdat1_.email as email5_1_1_, contactdat1_.email2 as email6_1_1_, contactdat1_.email3 as email7_1_1_, contactdat1_.firstname as firstnam8_1_1_, contactdat1_.home as home9_1_1_, contactdat1_.lastname as lastnam10_1_1_, contactdat1_.middlename as middlen11_1_1_, contactdat1_.mobile as mobile12_1_1_, contactdat1_.photo as photo13_1_1_, contactdat1_.work as work14_1_1_ from address_in_groups contacts0_ inner join addressbook contactdat1_ on contacts0_.id=contactdat1_.id where contacts0_.group_id=?
Hibernate: select contacts0_.group_id as group_id2_0_0_, contacts0_.id as id1_0_0_, contactdat1_.id as id1_1_1_, contactdat1_.address as address2_1_1_, contactdat1_.bmonth as bmonth3_1_1_, contactdat1_.byear as byear4_1_1_, contactdat1_.email as email5_1_1_, contactdat1_.email2 as email6_1_1_, contactdat1_.email3 as email7_1_1_, contactdat1_.firstname as firstnam8_1_1_, contactdat1_.home as home9_1_1_, contactdat1_.lastname as lastnam10_1_1_, contactdat1_.middlename as middlen11_1_1_, contactdat1_.mobile as mobile12_1_1_, contactdat1_.photo as photo13_1_1_, contactdat1_.work as work14_1_1_ from address_in_groups contacts0_ inner join addressbook contactdat1_ on contacts0_.id=contactdat1_.id where contacts0_.group_id=?
Hibernate: select contacts0_.group_id as group_id2_0_0_, contacts0_.id as id1_0_0_, contactdat1_.id as id1_1_1_, contactdat1_.address as address2_1_1_, contactdat1_.bmonth as bmonth3_1_1_, contactdat1_.byear as byear4_1_1_, contactdat1_.email as email5_1_1_, contactdat1_.email2 as email6_1_1_, contactdat1_.email3 as email7_1_1_, contactdat1_.firstname as firstnam8_1_1_, contactdat1_.home as home9_1_1_, contactdat1_.lastname as lastnam10_1_1_, contactdat1_.middlename as middlen11_1_1_, contactdat1_.mobile as mobile12_1_1_, contactdat1_.photo as photo13_1_1_, contactdat1_.work as work14_1_1_ from address_in_groups contacts0_ inner join addressbook contactdat1_ on contacts0_.id=contactdat1_.id where contacts0_.group_id=?
Hibernate: select contacts0_.group_id as group_id2_0_0_, contacts0_.id as id1_0_0_, contactdat1_.id as id1_1_1_, contactdat1_.address as address2_1_1_, contactdat1_.bmonth as bmonth3_1_1_, contactdat1_.byear as byear4_1_1_, contactdat1_.email as email5_1_1_, contactdat1_.email2 as email6_1_1_, contactdat1_.email3 as email7_1_1_, contactdat1_.firstname as firstnam8_1_1_, contactdat1_.home as home9_1_1_, contactdat1_.lastname as lastnam10_1_1_, contactdat1_.middlename as middlen11_1_1_, contactdat1_.mobile as mobile12_1_1_, contactdat1_.photo as photo13_1_1_, contactdat1_.work as work14_1_1_ from address_in_groups contacts0_ inner join addressbook contactdat1_ on contacts0_.id=contactdat1_.id where contacts0_.group_id=?
Hibernate: select contacts0_.group_id as group_id2_0_0_, contacts0_.id as id1_0_0_, contactdat1_.id as id1_1_1_, contactdat1_.address as address2_1_1_, contactdat1_.bmonth as bmonth3_1_1_, contactdat1_.byear as byear4_1_1_, contactdat1_.email as email5_1_1_, contactdat1_.email2 as email6_1_1_, contactdat1_.email3 as email7_1_1_, contactdat1_.firstname as firstnam8_1_1_, contactdat1_.home as home9_1_1_, contactdat1_.lastname as lastnam10_1_1_, contactdat1_.middlename as middlen11_1_1_, contactdat1_.mobile as mobile12_1_1_, contactdat1_.photo as photo13_1_1_, contactdat1_.work as work14_1_1_ from address_in_groups contacts0_ inner join addressbook contactdat1_ on contacts0_.id=contactdat1_.id where contacts0_.group_id=?
Hibernate: select contacts0_.group_id as group_id2_0_0_, contacts0_.id as id1_0_0_, contactdat1_.id as id1_1_1_, contactdat1_.address as address2_1_1_, contactdat1_.bmonth as bmonth3_1_1_, contactdat1_.byear as byear4_1_1_, contactdat1_.email as email5_1_1_, contactdat1_.email2 as email6_1_1_, contactdat1_.email3 as email7_1_1_, contactdat1_.firstname as firstnam8_1_1_, contactdat1_.home as home9_1_1_, contactdat1_.lastname as lastnam10_1_1_, contactdat1_.middlename as middlen11_1_1_, contactdat1_.mobile as mobile12_1_1_, contactdat1_.photo as photo13_1_1_, contactdat1_.work as work14_1_1_ from address_in_groups contacts0_ inner join addressbook contactdat1_ on contacts0_.id=contactdat1_.id where contacts0_.group_id=?
Hibernate: select contacts0_.group_id as group_id2_0_0_, contacts0_.id as id1_0_0_, contactdat1_.id as id1_1_1_, contactdat1_.address as address2_1_1_, contactdat1_.bmonth as bmonth3_1_1_, contactdat1_.byear as byear4_1_1_, contactdat1_.email as email5_1_1_, contactdat1_.email2 as email6_1_1_, contactdat1_.email3 as email7_1_1_, contactdat1_.firstname as firstnam8_1_1_, contactdat1_.home as home9_1_1_, contactdat1_.lastname as lastnam10_1_1_, contactdat1_.middlename as middlen11_1_1_, contactdat1_.mobile as mobile12_1_1_, contactdat1_.photo as photo13_1_1_, contactdat1_.work as work14_1_1_ from address_in_groups contacts0_ inner join addressbook contactdat1_ on contacts0_.id=contactdat1_.id where contacts0_.group_id=?
Hibernate: select contacts0_.group_id as group_id2_0_0_, contacts0_.id as id1_0_0_, contactdat1_.id as id1_1_1_, contactdat1_.address as address2_1_1_, contactdat1_.bmonth as bmonth3_1_1_, contactdat1_.byear as byear4_1_1_, contactdat1_.email as email5_1_1_, contactdat1_.email2 as email6_1_1_, contactdat1_.email3 as email7_1_1_, contactdat1_.firstname as firstnam8_1_1_, contactdat1_.home as home9_1_1_, contactdat1_.lastname as lastnam10_1_1_, contactdat1_.middlename as middlen11_1_1_, contactdat1_.mobile as mobile12_1_1_, contactdat1_.photo as photo13_1_1_, contactdat1_.work as work14_1_1_ from address_in_groups contacts0_ inner join addressbook contactdat1_ on contacts0_.id=contactdat1_.id where contacts0_.group_id=?
Hibernate: select contacts0_.group_id as group_id2_0_0_, contacts0_.id as id1_0_0_, contactdat1_.id as id1_1_1_, contactdat1_.address as address2_1_1_, contactdat1_.bmonth as bmonth3_1_1_, contactdat1_.byear as byear4_1_1_, contactdat1_.email as email5_1_1_, contactdat1_.email2 as email6_1_1_, contactdat1_.email3 as email7_1_1_, contactdat1_.firstname as firstnam8_1_1_, contactdat1_.home as home9_1_1_, contactdat1_.lastname as lastnam10_1_1_, contactdat1_.middlename as middlen11_1_1_, contactdat1_.mobile as mobile12_1_1_, contactdat1_.photo as photo13_1_1_, contactdat1_.work as work14_1_1_ from address_in_groups contacts0_ inner join addressbook contactdat1_ on contacts0_.id=contactdat1_.id where contacts0_.group_id=?
Hibernate: select contacts0_.group_id as group_id2_0_0_, contacts0_.id as id1_0_0_, contactdat1_.id as id1_1_1_, contactdat1_.address as address2_1_1_, contactdat1_.bmonth as bmonth3_1_1_, contactdat1_.byear as byear4_1_1_, contactdat1_.email as email5_1_1_, contactdat1_.email2 as email6_1_1_, contactdat1_.email3 as email7_1_1_, contactdat1_.firstname as firstnam8_1_1_, contactdat1_.home as home9_1_1_, contactdat1_.lastname as lastnam10_1_1_, contactdat1_.middlename as middlen11_1_1_, contactdat1_.mobile as mobile12_1_1_, contactdat1_.photo as photo13_1_1_, contactdat1_.work as work14_1_1_ from address_in_groups contacts0_ inner join addressbook contactdat1_ on contacts0_.id=contactdat1_.id where contacts0_.group_id=?
Hibernate: select contacts0_.group_id as group_id2_0_0_, contacts0_.id as id1_0_0_, contactdat1_.id as id1_1_1_, contactdat1_.address as address2_1_1_, contactdat1_.bmonth as bmonth3_1_1_, contactdat1_.byear as byear4_1_1_, contactdat1_.email as email5_1_1_, contactdat1_.email2 as email6_1_1_, contactdat1_.email3 as email7_1_1_, contactdat1_.firstname as firstnam8_1_1_, contactdat1_.home as home9_1_1_, contactdat1_.lastname as lastnam10_1_1_, contactdat1_.middlename as middlen11_1_1_, contactdat1_.mobile as mobile12_1_1_, contactdat1_.photo as photo13_1_1_, contactdat1_.work as work14_1_1_ from address_in_groups contacts0_ inner join addressbook contactdat1_ on contacts0_.id=contactdat1_.id where contacts0_.group_id=?
Hibernate: select contacts0_.group_id as group_id2_0_0_, contacts0_.id as id1_0_0_, contactdat1_.id as id1_1_1_, contactdat1_.address as address2_1_1_, contactdat1_.bmonth as bmonth3_1_1_, contactdat1_.byear as byear4_1_1_, contactdat1_.email as email5_1_1_, contactdat1_.email2 as email6_1_1_, contactdat1_.email3 as email7_1_1_, contactdat1_.firstname as firstnam8_1_1_, contactdat1_.home as home9_1_1_, contactdat1_.lastname as lastnam10_1_1_, contactdat1_.middlename as middlen11_1_1_, contactdat1_.mobile as mobile12_1_1_, contactdat1_.photo as photo13_1_1_, contactdat1_.work as work14_1_1_ from address_in_groups contacts0_ inner join addressbook contactdat1_ on contacts0_.id=contactdat1_.id where contacts0_.group_id=?
Hibernate: select contacts0_.group_id as group_id2_0_0_, contacts0_.id as id1_0_0_, contactdat1_.id as id1_1_1_, contactdat1_.address as address2_1_1_, contactdat1_.bmonth as bmonth3_1_1_, contactdat1_.byear as byear4_1_1_, contactdat1_.email as email5_1_1_, contactdat1_.email2 as email6_1_1_, contactdat1_.email3 as email7_1_1_, contactdat1_.firstname as firstnam8_1_1_, contactdat1_.home as home9_1_1_, contactdat1_.lastname as lastnam10_1_1_, contactdat1_.middlename as middlen11_1_1_, contactdat1_.mobile as mobile12_1_1_, contactdat1_.photo as photo13_1_1_, contactdat1_.work as work14_1_1_ from address_in_groups contacts0_ inner join addressbook contactdat1_ on contacts0_.id=contactdat1_.id where contacts0_.group_id=?
Hibernate: select contacts0_.group_id as group_id2_0_0_, contacts0_.id as id1_0_0_, contactdat1_.id as id1_1_1_, contactdat1_.address as address2_1_1_, contactdat1_.bmonth as bmonth3_1_1_, contactdat1_.byear as byear4_1_1_, contactdat1_.email as email5_1_1_, contactdat1_.email2 as email6_1_1_, contactdat1_.email3 as email7_1_1_, contactdat1_.firstname as firstnam8_1_1_, contactdat1_.home as home9_1_1_, contactdat1_.lastname as lastnam10_1_1_, contactdat1_.middlename as middlen11_1_1_, contactdat1_.mobile as mobile12_1_1_, contactdat1_.photo as photo13_1_1_, contactdat1_.work as work14_1_1_ from address_in_groups contacts0_ inner join addressbook contactdat1_ on contacts0_.id=contactdat1_.id where contacts0_.group_id=?
Hibernate: select contacts0_.group_id as group_id2_0_0_, contacts0_.id as id1_0_0_, contactdat1_.id as id1_1_1_, contactdat1_.address as address2_1_1_, contactdat1_.bmonth as bmonth3_1_1_, contactdat1_.byear as byear4_1_1_, contactdat1_.email as email5_1_1_, contactdat1_.email2 as email6_1_1_, contactdat1_.email3 as email7_1_1_, contactdat1_.firstname as firstnam8_1_1_, contactdat1_.home as home9_1_1_, contactdat1_.lastname as lastnam10_1_1_, contactdat1_.middlename as middlen11_1_1_, contactdat1_.mobile as mobile12_1_1_, contactdat1_.photo as photo13_1_1_, contactdat1_.work as work14_1_1_ from address_in_groups contacts0_ inner join addressbook contactdat1_ on contacts0_.id=contactdat1_.id where contacts0_.group_id=?
Hibernate: select contacts0_.group_id as group_id2_0_0_, contacts0_.id as id1_0_0_, contactdat1_.id as id1_1_1_, contactdat1_.address as address2_1_1_, contactdat1_.bmonth as bmonth3_1_1_, contactdat1_.byear as byear4_1_1_, contactdat1_.email as email5_1_1_, contactdat1_.email2 as email6_1_1_, contactdat1_.email3 as email7_1_1_, contactdat1_.firstname as firstnam8_1_1_, contactdat1_.home as home9_1_1_, contactdat1_.lastname as lastnam10_1_1_, contactdat1_.middlename as middlen11_1_1_, contactdat1_.mobile as mobile12_1_1_, contactdat1_.photo as photo13_1_1_, contactdat1_.work as work14_1_1_ from address_in_groups contacts0_ inner join addressbook contactdat1_ on contacts0_.id=contactdat1_.id where contacts0_.group_id=?
Hibernate: select contacts0_.group_id as group_id2_0_0_, contacts0_.id as id1_0_0_, contactdat1_.id as id1_1_1_, contactdat1_.address as address2_1_1_, contactdat1_.bmonth as bmonth3_1_1_, contactdat1_.byear as byear4_1_1_, contactdat1_.email as email5_1_1_, contactdat1_.email2 as email6_1_1_, contactdat1_.email3 as email7_1_1_, contactdat1_.firstname as firstnam8_1_1_, contactdat1_.home as home9_1_1_, contactdat1_.lastname as lastnam10_1_1_, contactdat1_.middlename as middlen11_1_1_, contactdat1_.mobile as mobile12_1_1_, contactdat1_.photo as photo13_1_1_, contactdat1_.work as work14_1_1_ from address_in_groups contacts0_ inner join addressbook contactdat1_ on contacts0_.id=contactdat1_.id where contacts0_.group_id=?
Hibernate: select groupdata0_.group_id as group_id1_2_, groupdata0_.group_footer as group_fo2_2_, groupdata0_.group_header as group_he3_2_, groupdata0_.group_name as group_na4_2_ from group_list groupdata0_
Hibernate: select contacts0_.group_id as group_id2_0_0_, contacts0_.id as id1_0_0_, contactdat1_.id as id1_1_1_, contactdat1_.address as address2_1_1_, contactdat1_.bmonth as bmonth3_1_1_, contactdat1_.byear as byear4_1_1_, contactdat1_.email as email5_1_1_, contactdat1_.email2 as email6_1_1_, contactdat1_.email3 as email7_1_1_, contactdat1_.firstname as firstnam8_1_1_, contactdat1_.home as home9_1_1_, contactdat1_.lastname as lastnam10_1_1_, contactdat1_.middlename as middlen11_1_1_, contactdat1_.mobile as mobile12_1_1_, contactdat1_.photo as photo13_1_1_, contactdat1_.work as work14_1_1_ from address_in_groups contacts0_ inner join addressbook contactdat1_ on contacts0_.id=contactdat1_.id where contacts0_.group_id=?
Hibernate: select contacts0_.group_id as group_id2_0_0_, contacts0_.id as id1_0_0_, contactdat1_.id as id1_1_1_, contactdat1_.address as address2_1_1_, contactdat1_.bmonth as bmonth3_1_1_, contactdat1_.byear as byear4_1_1_, contactdat1_.email as email5_1_1_, contactdat1_.email2 as email6_1_1_, contactdat1_.email3 as email7_1_1_, contactdat1_.firstname as firstnam8_1_1_, contactdat1_.home as home9_1_1_, contactdat1_.lastname as lastnam10_1_1_, contactdat1_.middlename as middlen11_1_1_, contactdat1_.mobile as mobile12_1_1_, contactdat1_.photo as photo13_1_1_, contactdat1_.work as work14_1_1_ from address_in_groups contacts0_ inner join addressbook contactdat1_ on contacts0_.id=contactdat1_.id where contacts0_.group_id=?
Hibernate: select contacts0_.group_id as group_id2_0_0_, contacts0_.id as id1_0_0_, contactdat1_.id as id1_1_1_, contactdat1_.address as address2_1_1_, contactdat1_.bmonth as bmonth3_1_1_, contactdat1_.byear as byear4_1_1_, contactdat1_.email as email5_1_1_, contactdat1_.email2 as email6_1_1_, contactdat1_.email3 as email7_1_1_, contactdat1_.firstname as firstnam8_1_1_, contactdat1_.home as home9_1_1_, contactdat1_.lastname as lastnam10_1_1_, contactdat1_.middlename as middlen11_1_1_, contactdat1_.mobile as mobile12_1_1_, contactdat1_.photo as photo13_1_1_, contactdat1_.work as work14_1_1_ from address_in_groups contacts0_ inner join addressbook contactdat1_ on contacts0_.id=contactdat1_.id where contacts0_.group_id=?
Hibernate: select contacts0_.group_id as group_id2_0_0_, contacts0_.id as id1_0_0_, contactdat1_.id as id1_1_1_, contactdat1_.address as address2_1_1_, contactdat1_.bmonth as bmonth3_1_1_, contactdat1_.byear as byear4_1_1_, contactdat1_.email as email5_1_1_, contactdat1_.email2 as email6_1_1_, contactdat1_.email3 as email7_1_1_, contactdat1_.firstname as firstnam8_1_1_, contactdat1_.home as home9_1_1_, contactdat1_.lastname as lastnam10_1_1_, contactdat1_.middlename as middlen11_1_1_, contactdat1_.mobile as mobile12_1_1_, contactdat1_.photo as photo13_1_1_, contactdat1_.work as work14_1_1_ from address_in_groups contacts0_ inner join addressbook contactdat1_ on contacts0_.id=contactdat1_.id where contacts0_.group_id=?
Hibernate: select contacts0_.group_id as group_id2_0_0_, contacts0_.id as id1_0_0_, contactdat1_.id as id1_1_1_, contactdat1_.address as address2_1_1_, contactdat1_.bmonth as bmonth3_1_1_, contactdat1_.byear as byear4_1_1_, contactdat1_.email as email5_1_1_, contactdat1_.email2 as email6_1_1_, contactdat1_.email3 as email7_1_1_, contactdat1_.firstname as firstnam8_1_1_, contactdat1_.home as home9_1_1_, contactdat1_.lastname as lastnam10_1_1_, contactdat1_.middlename as middlen11_1_1_, contactdat1_.mobile as mobile12_1_1_, contactdat1_.photo as photo13_1_1_, contactdat1_.work as work14_1_1_ from address_in_groups contacts0_ inner join addressbook contactdat1_ on contacts0_.id=contactdat1_.id where contacts0_.group_id=?
Hibernate: select contacts0_.group_id as group_id2_0_0_, contacts0_.id as id1_0_0_, contactdat1_.id as id1_1_1_, contactdat1_.address as address2_1_1_, contactdat1_.bmonth as bmonth3_1_1_, contactdat1_.byear as byear4_1_1_, contactdat1_.email as email5_1_1_, contactdat1_.email2 as email6_1_1_, contactdat1_.email3 as email7_1_1_, contactdat1_.firstname as firstnam8_1_1_, contactdat1_.home as home9_1_1_, contactdat1_.lastname as lastnam10_1_1_, contactdat1_.middlename as middlen11_1_1_, contactdat1_.mobile as mobile12_1_1_, contactdat1_.photo as photo13_1_1_, contactdat1_.work as work14_1_1_ from address_in_groups contacts0_ inner join addressbook contactdat1_ on contacts0_.id=contactdat1_.id where contacts0_.group_id=?
Hibernate: select contacts0_.group_id as group_id2_0_0_, contacts0_.id as id1_0_0_, contactdat1_.id as id1_1_1_, contactdat1_.address as address2_1_1_, contactdat1_.bmonth as bmonth3_1_1_, contactdat1_.byear as byear4_1_1_, contactdat1_.email as email5_1_1_, contactdat1_.email2 as email6_1_1_, contactdat1_.email3 as email7_1_1_, contactdat1_.firstname as firstnam8_1_1_, contactdat1_.home as home9_1_1_, contactdat1_.lastname as lastnam10_1_1_, contactdat1_.middlename as middlen11_1_1_, contactdat1_.mobile as mobile12_1_1_, contactdat1_.photo as photo13_1_1_, contactdat1_.work as work14_1_1_ from address_in_groups contacts0_ inner join addressbook contactdat1_ on contacts0_.id=contactdat1_.id where contacts0_.group_id=?
Hibernate: select contacts0_.group_id as group_id2_0_0_, contacts0_.id as id1_0_0_, contactdat1_.id as id1_1_1_, contactdat1_.address as address2_1_1_, contactdat1_.bmonth as bmonth3_1_1_, contactdat1_.byear as byear4_1_1_, contactdat1_.email as email5_1_1_, contactdat1_.email2 as email6_1_1_, contactdat1_.email3 as email7_1_1_, contactdat1_.firstname as firstnam8_1_1_, contactdat1_.home as home9_1_1_, contactdat1_.lastname as lastnam10_1_1_, contactdat1_.middlename as middlen11_1_1_, contactdat1_.mobile as mobile12_1_1_, contactdat1_.photo as photo13_1_1_, contactdat1_.work as work14_1_1_ from address_in_groups contacts0_ inner join addressbook contactdat1_ on contacts0_.id=contactdat1_.id where contacts0_.group_id=?
Hibernate: select contacts0_.group_id as group_id2_0_0_, contacts0_.id as id1_0_0_, contactdat1_.id as id1_1_1_, contactdat1_.address as address2_1_1_, contactdat1_.bmonth as bmonth3_1_1_, contactdat1_.byear as byear4_1_1_, contactdat1_.email as email5_1_1_, contactdat1_.email2 as email6_1_1_, contactdat1_.email3 as email7_1_1_, contactdat1_.firstname as firstnam8_1_1_, contactdat1_.home as home9_1_1_, contactdat1_.lastname as lastnam10_1_1_, contactdat1_.middlename as middlen11_1_1_, contactdat1_.mobile as mobile12_1_1_, contactdat1_.photo as photo13_1_1_, contactdat1_.work as work14_1_1_ from address_in_groups contacts0_ inner join addressbook contactdat1_ on contacts0_.id=contactdat1_.id where contacts0_.group_id=?
Hibernate: select contacts0_.group_id as group_id2_0_0_, contacts0_.id as id1_0_0_, contactdat1_.id as id1_1_1_, contactdat1_.address as address2_1_1_, contactdat1_.bmonth as bmonth3_1_1_, contactdat1_.byear as byear4_1_1_, contactdat1_.email as email5_1_1_, contactdat1_.email2 as email6_1_1_, contactdat1_.email3 as email7_1_1_, contactdat1_.firstname as firstnam8_1_1_, contactdat1_.home as home9_1_1_, contactdat1_.lastname as lastnam10_1_1_, contactdat1_.middlename as middlen11_1_1_, contactdat1_.mobile as mobile12_1_1_, contactdat1_.photo as photo13_1_1_, contactdat1_.work as work14_1_1_ from address_in_groups contacts0_ inner join addressbook contactdat1_ on contacts0_.id=contactdat1_.id where contacts0_.group_id=?
Hibernate: select contacts0_.group_id as group_id2_0_0_, contacts0_.id as id1_0_0_, contactdat1_.id as id1_1_1_, contactdat1_.address as address2_1_1_, contactdat1_.bmonth as bmonth3_1_1_, contactdat1_.byear as byear4_1_1_, contactdat1_.email as email5_1_1_, contactdat1_.email2 as email6_1_1_, contactdat1_.email3 as email7_1_1_, contactdat1_.firstname as firstnam8_1_1_, contactdat1_.home as home9_1_1_, contactdat1_.lastname as lastnam10_1_1_, contactdat1_.middlename as middlen11_1_1_, contactdat1_.mobile as mobile12_1_1_, contactdat1_.photo as photo13_1_1_, contactdat1_.work as work14_1_1_ from address_in_groups contacts0_ inner join addressbook contactdat1_ on contacts0_.id=contactdat1_.id where contacts0_.group_id=?
Hibernate: select contacts0_.group_id as group_id2_0_0_, contacts0_.id as id1_0_0_, contactdat1_.id as id1_1_1_, contactdat1_.address as address2_1_1_, contactdat1_.bmonth as bmonth3_1_1_, contactdat1_.byear as byear4_1_1_, contactdat1_.email as email5_1_1_, contactdat1_.email2 as email6_1_1_, contactdat1_.email3 as email7_1_1_, contactdat1_.firstname as firstnam8_1_1_, contactdat1_.home as home9_1_1_, contactdat1_.lastname as lastnam10_1_1_, contactdat1_.middlename as middlen11_1_1_, contactdat1_.mobile as mobile12_1_1_, contactdat1_.photo as photo13_1_1_, contactdat1_.work as work14_1_1_ from address_in_groups contacts0_ inner join addressbook contactdat1_ on contacts0_.id=contactdat1_.id where contacts0_.group_id=?
Hibernate: select contacts0_.group_id as group_id2_0_0_, contacts0_.id as id1_0_0_, contactdat1_.id as id1_1_1_, contactdat1_.address as address2_1_1_, contactdat1_.bmonth as bmonth3_1_1_, contactdat1_.byear as byear4_1_1_, contactdat1_.email as email5_1_1_, contactdat1_.email2 as email6_1_1_, contactdat1_.email3 as email7_1_1_, contactdat1_.firstname as firstnam8_1_1_, contactdat1_.home as home9_1_1_, contactdat1_.lastname as lastnam10_1_1_, contactdat1_.middlename as middlen11_1_1_, contactdat1_.mobile as mobile12_1_1_, contactdat1_.photo as photo13_1_1_, contactdat1_.work as work14_1_1_ from address_in_groups contacts0_ inner join addressbook contactdat1_ on contacts0_.id=contactdat1_.id where contacts0_.group_id=?
Hibernate: select contacts0_.group_id as group_id2_0_0_, contacts0_.id as id1_0_0_, contactdat1_.id as id1_1_1_, contactdat1_.address as address2_1_1_, contactdat1_.bmonth as bmonth3_1_1_, contactdat1_.byear as byear4_1_1_, contactdat1_.email as email5_1_1_, contactdat1_.email2 as email6_1_1_, contactdat1_.email3 as email7_1_1_, contactdat1_.firstname as firstnam8_1_1_, contactdat1_.home as home9_1_1_, contactdat1_.lastname as lastnam10_1_1_, contactdat1_.middlename as middlen11_1_1_, contactdat1_.mobile as mobile12_1_1_, contactdat1_.photo as photo13_1_1_, contactdat1_.work as work14_1_1_ from address_in_groups contacts0_ inner join addressbook contactdat1_ on contacts0_.id=contactdat1_.id where contacts0_.group_id=?
Hibernate: select contacts0_.group_id as group_id2_0_0_, contacts0_.id as id1_0_0_, contactdat1_.id as id1_1_1_, contactdat1_.address as address2_1_1_, contactdat1_.bmonth as bmonth3_1_1_, contactdat1_.byear as byear4_1_1_, contactdat1_.email as email5_1_1_, contactdat1_.email2 as email6_1_1_, contactdat1_.email3 as email7_1_1_, contactdat1_.firstname as firstnam8_1_1_, contactdat1_.home as home9_1_1_, contactdat1_.lastname as lastnam10_1_1_, contactdat1_.middlename as middlen11_1_1_, contactdat1_.mobile as mobile12_1_1_, contactdat1_.photo as photo13_1_1_, contactdat1_.work as work14_1_1_ from address_in_groups contacts0_ inner join addressbook contactdat1_ on contacts0_.id=contactdat1_.id where contacts0_.group_id=?
Hibernate: select contacts0_.group_id as group_id2_0_0_, contacts0_.id as id1_0_0_, contactdat1_.id as id1_1_1_, contactdat1_.address as address2_1_1_, contactdat1_.bmonth as bmonth3_1_1_, contactdat1_.byear as byear4_1_1_, contactdat1_.email as email5_1_1_, contactdat1_.email2 as email6_1_1_, contactdat1_.email3 as email7_1_1_, contactdat1_.firstname as firstnam8_1_1_, contactdat1_.home as home9_1_1_, contactdat1_.lastname as lastnam10_1_1_, contactdat1_.middlename as middlen11_1_1_, contactdat1_.mobile as mobile12_1_1_, contactdat1_.photo as photo13_1_1_, contactdat1_.work as work14_1_1_ from address_in_groups contacts0_ inner join addressbook contactdat1_ on contacts0_.id=contactdat1_.id where contacts0_.group_id=?
Hibernate: select contacts0_.group_id as group_id2_0_0_, contacts0_.id as id1_0_0_, contactdat1_.id as id1_1_1_, contactdat1_.address as address2_1_1_, contactdat1_.bmonth as bmonth3_1_1_, contactdat1_.byear as byear4_1_1_, contactdat1_.email as email5_1_1_, contactdat1_.email2 as email6_1_1_, contactdat1_.email3 as email7_1_1_, contactdat1_.firstname as firstnam8_1_1_, contactdat1_.home as home9_1_1_, contactdat1_.lastname as lastnam10_1_1_, contactdat1_.middlename as middlen11_1_1_, contactdat1_.mobile as mobile12_1_1_, contactdat1_.photo as photo13_1_1_, contactdat1_.work as work14_1_1_ from address_in_groups contacts0_ inner join addressbook contactdat1_ on contacts0_.id=contactdat1_.id where contacts0_.group_id=?
Hibernate: select contacts0_.group_id as group_id2_0_0_, contacts0_.id as id1_0_0_, contactdat1_.id as id1_1_1_, contactdat1_.address as address2_1_1_, contactdat1_.bmonth as bmonth3_1_1_, contactdat1_.byear as byear4_1_1_, contactdat1_.email as email5_1_1_, contactdat1_.email2 as email6_1_1_, contactdat1_.email3 as email7_1_1_, contactdat1_.firstname as firstnam8_1_1_, contactdat1_.home as home9_1_1_, contactdat1_.lastname as lastnam10_1_1_, contactdat1_.middlename as middlen11_1_1_, contactdat1_.mobile as mobile12_1_1_, contactdat1_.photo as photo13_1_1_, contactdat1_.work as work14_1_1_ from address_in_groups contacts0_ inner join addressbook contactdat1_ on contacts0_.id=contactdat1_.id where contacts0_.group_id=?
Hibernate: select contacts0_.group_id as group_id2_0_0_, contacts0_.id as id1_0_0_, contactdat1_.id as id1_1_1_, contactdat1_.address as address2_1_1_, contactdat1_.bmonth as bmonth3_1_1_, contactdat1_.byear as byear4_1_1_, contactdat1_.email as email5_1_1_, contactdat1_.email2 as email6_1_1_, contactdat1_.email3 as email7_1_1_, contactdat1_.firstname as firstnam8_1_1_, contactdat1_.home as home9_1_1_, contactdat1_.lastname as lastnam10_1_1_, contactdat1_.middlename as middlen11_1_1_, contactdat1_.mobile as mobile12_1_1_, contactdat1_.photo as photo13_1_1_, contactdat1_.work as work14_1_1_ from address_in_groups contacts0_ inner join addressbook contactdat1_ on contacts0_.id=contactdat1_.id where contacts0_.group_id=?
20:17:29.404 [Test worker] INFO  r.s.pft.addressbook.tests.TestBase - End testtestBadGroupCreation
20:17:29.458 [Test worker] INFO  r.s.pft.addressbook.tests.TestBase - Start testtestGroupCreation with parameters [GroupData{id='2147483647', name='test 0'}]
Hibernate: select groupdata0_.group_id as group_id1_2_, groupdata0_.group_footer as group_fo2_2_, groupdata0_.group_header as group_he3_2_, groupdata0_.group_name as group_na4_2_ from group_list groupdata0_
Hibernate: select contacts0_.group_id as group_id2_0_0_, contacts0_.id as id1_0_0_, contactdat1_.id as id1_1_1_, contactdat1_.address as address2_1_1_, contactdat1_.bmonth as bmonth3_1_1_, contactdat1_.byear as byear4_1_1_, contactdat1_.email as email5_1_1_, contactdat1_.email2 as email6_1_1_, contactdat1_.email3 as email7_1_1_, contactdat1_.firstname as firstnam8_1_1_, contactdat1_.home as home9_1_1_, contactdat1_.lastname as lastnam10_1_1_, contactdat1_.middlename as middlen11_1_1_, contactdat1_.mobile as mobile12_1_1_, contactdat1_.photo as photo13_1_1_, contactdat1_.work as work14_1_1_ from address_in_groups contacts0_ inner join addressbook contactdat1_ on contacts0_.id=contactdat1_.id where contacts0_.group_id=?
Hibernate: select contacts0_.group_id as group_id2_0_0_, contacts0_.id as id1_0_0_, contactdat1_.id as id1_1_1_, contactdat1_.address as address2_1_1_, contactdat1_.bmonth as bmonth3_1_1_, contactdat1_.byear as byear4_1_1_, contactdat1_.email as email5_1_1_, contactdat1_.email2 as email6_1_1_, contactdat1_.email3 as email7_1_1_, contactdat1_.firstname as firstnam8_1_1_, contactdat1_.home as home9_1_1_, contactdat1_.lastname as lastnam10_1_1_, contactdat1_.middlename as middlen11_1_1_, contactdat1_.mobile as mobile12_1_1_, contactdat1_.photo as photo13_1_1_, contactdat1_.work as work14_1_1_ from address_in_groups contacts0_ inner join addressbook contactdat1_ on contacts0_.id=contactdat1_.id where contacts0_.group_id=?
Hibernate: select contacts0_.group_id as group_id2_0_0_, contacts0_.id as id1_0_0_, contactdat1_.id as id1_1_1_, contactdat1_.address as address2_1_1_, contactdat1_.bmonth as bmonth3_1_1_, contactdat1_.byear as byear4_1_1_, contactdat1_.email as email5_1_1_, contactdat1_.email2 as email6_1_1_, contactdat1_.email3 as email7_1_1_, contactdat1_.firstname as firstnam8_1_1_, contactdat1_.home as home9_1_1_, contactdat1_.lastname as lastnam10_1_1_, contactdat1_.middlename as middlen11_1_1_, contactdat1_.mobile as mobile12_1_1_, contactdat1_.photo as photo13_1_1_, contactdat1_.work as work14_1_1_ from address_in_groups contacts0_ inner join addressbook contactdat1_ on contacts0_.id=contactdat1_.id where contacts0_.group_id=?
Hibernate: select contacts0_.group_id as group_id2_0_0_, contacts0_.id as id1_0_0_, contactdat1_.id as id1_1_1_, contactdat1_.address as address2_1_1_, contactdat1_.bmonth as bmonth3_1_1_, contactdat1_.byear as byear4_1_1_, contactdat1_.email as email5_1_1_, contactdat1_.email2 as email6_1_1_, contactdat1_.email3 as email7_1_1_, contactdat1_.firstname as firstnam8_1_1_, contactdat1_.home as home9_1_1_, contactdat1_.lastname as lastnam10_1_1_, contactdat1_.middlename as middlen11_1_1_, contactdat1_.mobile as mobile12_1_1_, contactdat1_.photo as photo13_1_1_, contactdat1_.work as work14_1_1_ from address_in_groups contacts0_ inner join addressbook contactdat1_ on contacts0_.id=contactdat1_.id where contacts0_.group_id=?
Hibernate: select contacts0_.group_id as group_id2_0_0_, contacts0_.id as id1_0_0_, contactdat1_.id as id1_1_1_, contactdat1_.address as address2_1_1_, contactdat1_.bmonth as bmonth3_1_1_, contactdat1_.byear as byear4_1_1_, contactdat1_.email as email5_1_1_, contactdat1_.email2 as email6_1_1_, contactdat1_.email3 as email7_1_1_, contactdat1_.firstname as firstnam8_1_1_, contactdat1_.home as home9_1_1_, contactdat1_.lastname as lastnam10_1_1_, contactdat1_.middlename as middlen11_1_1_, contactdat1_.mobile as mobile12_1_1_, contactdat1_.photo as photo13_1_1_, contactdat1_.work as work14_1_1_ from address_in_groups contacts0_ inner join addressbook contactdat1_ on contacts0_.id=contactdat1_.id where contacts0_.group_id=?
Hibernate: select contacts0_.group_id as group_id2_0_0_, contacts0_.id as id1_0_0_, contactdat1_.id as id1_1_1_, contactdat1_.address as address2_1_1_, contactdat1_.bmonth as bmonth3_1_1_, contactdat1_.byear as byear4_1_1_, contactdat1_.email as email5_1_1_, contactdat1_.email2 as email6_1_1_, contactdat1_.email3 as email7_1_1_, contactdat1_.firstname as firstnam8_1_1_, contactdat1_.home as home9_1_1_, contactdat1_.lastname as lastnam10_1_1_, contactdat1_.middlename as middlen11_1_1_, contactdat1_.mobile as mobile12_1_1_, contactdat1_.photo as photo13_1_1_, contactdat1_.work as work14_1_1_ from address_in_groups contacts0_ inner join addressbook contactdat1_ on contacts0_.id=contactdat1_.id where contacts0_.group_id=?
Hibernate: select contacts0_.group_id as group_id2_0_0_, contacts0_.id as id1_0_0_, contactdat1_.id as id1_1_1_, contactdat1_.address as address2_1_1_, contactdat1_.bmonth as bmonth3_1_1_, contactdat1_.byear as byear4_1_1_, contactdat1_.email as email5_1_1_, contactdat1_.email2 as email6_1_1_, contactdat1_.email3 as email7_1_1_, contactdat1_.firstname as firstnam8_1_1_, contactdat1_.home as home9_1_1_, contactdat1_.lastname as lastnam10_1_1_, contactdat1_.middlename as middlen11_1_1_, contactdat1_.mobile as mobile12_1_1_, contactdat1_.photo as photo13_1_1_, contactdat1_.work as work14_1_1_ from address_in_groups contacts0_ inner join addressbook contactdat1_ on contacts0_.id=contactdat1_.id where contacts0_.group_id=?
Hibernate: select contacts0_.group_id as group_id2_0_0_, contacts0_.id as id1_0_0_, contactdat1_.id as id1_1_1_, contactdat1_.address as address2_1_1_, contactdat1_.bmonth as bmonth3_1_1_, contactdat1_.byear as byear4_1_1_, contactdat1_.email as email5_1_1_, contactdat1_.email2 as email6_1_1_, contactdat1_.email3 as email7_1_1_, contactdat1_.firstname as firstnam8_1_1_, contactdat1_.home as home9_1_1_, contactdat1_.lastname as lastnam10_1_1_, contactdat1_.middlename as middlen11_1_1_, contactdat1_.mobile as mobile12_1_1_, contactdat1_.photo as photo13_1_1_, contactdat1_.work as work14_1_1_ from address_in_groups contacts0_ inner join addressbook contactdat1_ on contacts0_.id=contactdat1_.id where contacts0_.group_id=?
Hibernate: select contacts0_.group_id as group_id2_0_0_, contacts0_.id as id1_0_0_, contactdat1_.id as id1_1_1_, contactdat1_.address as address2_1_1_, contactdat1_.bmonth as bmonth3_1_1_, contactdat1_.byear as byear4_1_1_, contactdat1_.email as email5_1_1_, contactdat1_.email2 as email6_1_1_, contactdat1_.email3 as email7_1_1_, contactdat1_.firstname as firstnam8_1_1_, contactdat1_.home as home9_1_1_, contactdat1_.lastname as lastnam10_1_1_, contactdat1_.middlename as middlen11_1_1_, contactdat1_.mobile as mobile12_1_1_, contactdat1_.photo as photo13_1_1_, contactdat1_.work as work14_1_1_ from address_in_groups contacts0_ inner join addressbook contactdat1_ on contacts0_.id=contactdat1_.id where contacts0_.group_id=?
Hibernate: select contacts0_.group_id as group_id2_0_0_, contacts0_.id as id1_0_0_, contactdat1_.id as id1_1_1_, contactdat1_.address as address2_1_1_, contactdat1_.bmonth as bmonth3_1_1_, contactdat1_.byear as byear4_1_1_, contactdat1_.email as email5_1_1_, contactdat1_.email2 as email6_1_1_, contactdat1_.email3 as email7_1_1_, contactdat1_.firstname as firstnam8_1_1_, contactdat1_.home as home9_1_1_, contactdat1_.lastname as lastnam10_1_1_, contactdat1_.middlename as middlen11_1_1_, contactdat1_.mobile as mobile12_1_1_, contactdat1_.photo as photo13_1_1_, contactdat1_.work as work14_1_1_ from address_in_groups contacts0_ inner join addressbook contactdat1_ on contacts0_.id=contactdat1_.id where contacts0_.group_id=?
Hibernate: select contacts0_.group_id as group_id2_0_0_, contacts0_.id as id1_0_0_, contactdat1_.id as id1_1_1_, contactdat1_.address as address2_1_1_, contactdat1_.bmonth as bmonth3_1_1_, contactdat1_.byear as byear4_1_1_, contactdat1_.email as email5_1_1_, contactdat1_.email2 as email6_1_1_, contactdat1_.email3 as email7_1_1_, contactdat1_.firstname as firstnam8_1_1_, contactdat1_.home as home9_1_1_, contactdat1_.lastname as lastnam10_1_1_, contactdat1_.middlename as middlen11_1_1_, contactdat1_.mobile as mobile12_1_1_, contactdat1_.photo as photo13_1_1_, contactdat1_.work as work14_1_1_ from address_in_groups contacts0_ inner join addressbook contactdat1_ on contacts0_.id=contactdat1_.id where contacts0_.group_id=?
Hibernate: select contacts0_.group_id as group_id2_0_0_, contacts0_.id as id1_0_0_, contactdat1_.id as id1_1_1_, contactdat1_.address as address2_1_1_, contactdat1_.bmonth as bmonth3_1_1_, contactdat1_.byear as byear4_1_1_, contactdat1_.email as email5_1_1_, contactdat1_.email2 as email6_1_1_, contactdat1_.email3 as email7_1_1_, contactdat1_.firstname as firstnam8_1_1_, contactdat1_.home as home9_1_1_, contactdat1_.lastname as lastnam10_1_1_, contactdat1_.middlename as middlen11_1_1_, contactdat1_.mobile as mobile12_1_1_, contactdat1_.photo as photo13_1_1_, contactdat1_.work as work14_1_1_ from address_in_groups contacts0_ inner join addressbook contactdat1_ on contacts0_.id=contactdat1_.id where contacts0_.group_id=?
Hibernate: select contacts0_.group_id as group_id2_0_0_, contacts0_.id as id1_0_0_, contactdat1_.id as id1_1_1_, contactdat1_.address as address2_1_1_, contactdat1_.bmonth as bmonth3_1_1_, contactdat1_.byear as byear4_1_1_, contactdat1_.email as email5_1_1_, contactdat1_.email2 as email6_1_1_, contactdat1_.email3 as email7_1_1_, contactdat1_.firstname as firstnam8_1_1_, contactdat1_.home as home9_1_1_, contactdat1_.lastname as lastnam10_1_1_, contactdat1_.middlename as middlen11_1_1_, contactdat1_.mobile as mobile12_1_1_, contactdat1_.photo as photo13_1_1_, contactdat1_.work as work14_1_1_ from address_in_groups contacts0_ inner join addressbook contactdat1_ on contacts0_.id=contactdat1_.id where contacts0_.group_id=?
Hibernate: select contacts0_.group_id as group_id2_0_0_, contacts0_.id as id1_0_0_, contactdat1_.id as id1_1_1_, contactdat1_.address as address2_1_1_, contactdat1_.bmonth as bmonth3_1_1_, contactdat1_.byear as byear4_1_1_, contactdat1_.email as email5_1_1_, contactdat1_.email2 as email6_1_1_, contactdat1_.email3 as email7_1_1_, contactdat1_.firstname as firstnam8_1_1_, contactdat1_.home as home9_1_1_, contactdat1_.lastname as lastnam10_1_1_, contactdat1_.middlename as middlen11_1_1_, contactdat1_.mobile as mobile12_1_1_, contactdat1_.photo as photo13_1_1_, contactdat1_.work as work14_1_1_ from address_in_groups contacts0_ inner join addressbook contactdat1_ on contacts0_.id=contactdat1_.id where contacts0_.group_id=?
Hibernate: select contacts0_.group_id as group_id2_0_0_, contacts0_.id as id1_0_0_, contactdat1_.id as id1_1_1_, contactdat1_.address as address2_1_1_, contactdat1_.bmonth as bmonth3_1_1_, contactdat1_.byear as byear4_1_1_, contactdat1_.email as email5_1_1_, contactdat1_.email2 as email6_1_1_, contactdat1_.email3 as email7_1_1_, contactdat1_.firstname as firstnam8_1_1_, contactdat1_.home as home9_1_1_, contactdat1_.lastname as lastnam10_1_1_, contactdat1_.middlename as middlen11_1_1_, contactdat1_.mobile as mobile12_1_1_, contactdat1_.photo as photo13_1_1_, contactdat1_.work as work14_1_1_ from address_in_groups contacts0_ inner join addressbook contactdat1_ on contacts0_.id=contactdat1_.id where contacts0_.group_id=?
Hibernate: select contacts0_.group_id as group_id2_0_0_, contacts0_.id as id1_0_0_, contactdat1_.id as id1_1_1_, contactdat1_.address as address2_1_1_, contactdat1_.bmonth as bmonth3_1_1_, contactdat1_.byear as byear4_1_1_, contactdat1_.email as email5_1_1_, contactdat1_.email2 as email6_1_1_, contactdat1_.email3 as email7_1_1_, contactdat1_.firstname as firstnam8_1_1_, contactdat1_.home as home9_1_1_, contactdat1_.lastname as lastnam10_1_1_, contactdat1_.middlename as middlen11_1_1_, contactdat1_.mobile as mobile12_1_1_, contactdat1_.photo as photo13_1_1_, contactdat1_.work as work14_1_1_ from address_in_groups contacts0_ inner join addressbook contactdat1_ on contacts0_.id=contactdat1_.id where contacts0_.group_id=?
Hibernate: select contacts0_.group_id as group_id2_0_0_, contacts0_.id as id1_0_0_, contactdat1_.id as id1_1_1_, contactdat1_.address as address2_1_1_, contactdat1_.bmonth as bmonth3_1_1_, contactdat1_.byear as byear4_1_1_, contactdat1_.email as email5_1_1_, contactdat1_.email2 as email6_1_1_, contactdat1_.email3 as email7_1_1_, contactdat1_.firstname as firstnam8_1_1_, contactdat1_.home as home9_1_1_, contactdat1_.lastname as lastnam10_1_1_, contactdat1_.middlename as middlen11_1_1_, contactdat1_.mobile as mobile12_1_1_, contactdat1_.photo as photo13_1_1_, contactdat1_.work as work14_1_1_ from address_in_groups contacts0_ inner join addressbook contactdat1_ on contacts0_.id=contactdat1_.id where contacts0_.group_id=?
Hibernate: select contacts0_.group_id as group_id2_0_0_, contacts0_.id as id1_0_0_, contactdat1_.id as id1_1_1_, contactdat1_.address as address2_1_1_, contactdat1_.bmonth as bmonth3_1_1_, contactdat1_.byear as byear4_1_1_, contactdat1_.email as email5_1_1_, contactdat1_.email2 as email6_1_1_, contactdat1_.email3 as email7_1_1_, contactdat1_.firstname as firstnam8_1_1_, contactdat1_.home as home9_1_1_, contactdat1_.lastname as lastnam10_1_1_, contactdat1_.middlename as middlen11_1_1_, contactdat1_.mobile as mobile12_1_1_, contactdat1_.photo as photo13_1_1_, contactdat1_.work as work14_1_1_ from address_in_groups contacts0_ inner join addressbook contactdat1_ on contacts0_.id=contactdat1_.id where contacts0_.group_id=?
Hibernate: select contacts0_.group_id as group_id2_0_0_, contacts0_.id as id1_0_0_, contactdat1_.id as id1_1_1_, contactdat1_.address as address2_1_1_, contactdat1_.bmonth as bmonth3_1_1_, contactdat1_.byear as byear4_1_1_, contactdat1_.email as email5_1_1_, contactdat1_.email2 as email6_1_1_, contactdat1_.email3 as email7_1_1_, contactdat1_.firstname as firstnam8_1_1_, contactdat1_.home as home9_1_1_, contactdat1_.lastname as lastnam10_1_1_, contactdat1_.middlename as middlen11_1_1_, contactdat1_.mobile as mobile12_1_1_, contactdat1_.photo as photo13_1_1_, contactdat1_.work as work14_1_1_ from address_in_groups contacts0_ inner join addressbook contactdat1_ on contacts0_.id=contactdat1_.id where contacts0_.group_id=?
Hibernate: select groupdata0_.group_id as group_id1_2_, groupdata0_.group_footer as group_fo2_2_, groupdata0_.group_header as group_he3_2_, groupdata0_.group_name as group_na4_2_ from group_list groupdata0_
Hibernate: select contacts0_.group_id as group_id2_0_0_, contacts0_.id as id1_0_0_, contactdat1_.id as id1_1_1_, contactdat1_.address as address2_1_1_, contactdat1_.bmonth as bmonth3_1_1_, contactdat1_.byear as byear4_1_1_, contactdat1_.email as email5_1_1_, contactdat1_.email2 as email6_1_1_, contactdat1_.email3 as email7_1_1_, contactdat1_.firstname as firstnam8_1_1_, contactdat1_.home as home9_1_1_, contactdat1_.lastname as lastnam10_1_1_, contactdat1_.middlename as middlen11_1_1_, contactdat1_.mobile as mobile12_1_1_, contactdat1_.photo as photo13_1_1_, contactdat1_.work as work14_1_1_ from address_in_groups contacts0_ inner join addressbook contactdat1_ on contacts0_.id=contactdat1_.id where contacts0_.group_id=?
Hibernate: select contacts0_.group_id as group_id2_0_0_, contacts0_.id as id1_0_0_, contactdat1_.id as id1_1_1_, contactdat1_.address as address2_1_1_, contactdat1_.bmonth as bmonth3_1_1_, contactdat1_.byear as byear4_1_1_, contactdat1_.email as email5_1_1_, contactdat1_.email2 as email6_1_1_, contactdat1_.email3 as email7_1_1_, contactdat1_.firstname as firstnam8_1_1_, contactdat1_.home as home9_1_1_, contactdat1_.lastname as lastnam10_1_1_, contactdat1_.middlename as middlen11_1_1_, contactdat1_.mobile as mobile12_1_1_, contactdat1_.photo as photo13_1_1_, contactdat1_.work as work14_1_1_ from address_in_groups contacts0_ inner join addressbook contactdat1_ on contacts0_.id=contactdat1_.id where contacts0_.group_id=?
Hibernate: select contacts0_.group_id as group_id2_0_0_, contacts0_.id as id1_0_0_, contactdat1_.id as id1_1_1_, contactdat1_.address as address2_1_1_, contactdat1_.bmonth as bmonth3_1_1_, contactdat1_.byear as byear4_1_1_, contactdat1_.email as email5_1_1_, contactdat1_.email2 as email6_1_1_, contactdat1_.email3 as email7_1_1_, contactdat1_.firstname as firstnam8_1_1_, contactdat1_.home as home9_1_1_, contactdat1_.lastname as lastnam10_1_1_, contactdat1_.middlename as middlen11_1_1_, contactdat1_.mobile as mobile12_1_1_, contactdat1_.photo as photo13_1_1_, contactdat1_.work as work14_1_1_ from address_in_groups contacts0_ inner join addressbook contactdat1_ on contacts0_.id=contactdat1_.id where contacts0_.group_id=?
Hibernate: select contacts0_.group_id as group_id2_0_0_, contacts0_.id as id1_0_0_, contactdat1_.id as id1_1_1_, contactdat1_.address as address2_1_1_, contactdat1_.bmonth as bmonth3_1_1_, contactdat1_.byear as byear4_1_1_, contactdat1_.email as email5_1_1_, contactdat1_.email2 as email6_1_1_, contactdat1_.email3 as email7_1_1_, contactdat1_.firstname as firstnam8_1_1_, contactdat1_.home as home9_1_1_, contactdat1_.lastname as lastnam10_1_1_, contactdat1_.middlename as middlen11_1_1_, contactdat1_.mobile as mobile12_1_1_, contactdat1_.photo as photo13_1_1_, contactdat1_.work as work14_1_1_ from address_in_groups contacts0_ inner join addressbook contactdat1_ on contacts0_.id=contactdat1_.id where contacts0_.group_id=?
Hibernate: select contacts0_.group_id as group_id2_0_0_, contacts0_.id as id1_0_0_, contactdat1_.id as id1_1_1_, contactdat1_.address as address2_1_1_, contactdat1_.bmonth as bmonth3_1_1_, contactdat1_.byear as byear4_1_1_, contactdat1_.email as email5_1_1_, contactdat1_.email2 as email6_1_1_, contactdat1_.email3 as email7_1_1_, contactdat1_.firstname as firstnam8_1_1_, contactdat1_.home as home9_1_1_, contactdat1_.lastname as lastnam10_1_1_, contactdat1_.middlename as middlen11_1_1_, contactdat1_.mobile as mobile12_1_1_, contactdat1_.photo as photo13_1_1_, contactdat1_.work as work14_1_1_ from address_in_groups contacts0_ inner join addressbook contactdat1_ on contacts0_.id=contactdat1_.id where contacts0_.group_id=?
Hibernate: select contacts0_.group_id as group_id2_0_0_, contacts0_.id as id1_0_0_, contactdat1_.id as id1_1_1_, contactdat1_.address as address2_1_1_, contactdat1_.bmonth as bmonth3_1_1_, contactdat1_.byear as byear4_1_1_, contactdat1_.email as email5_1_1_, contactdat1_.email2 as email6_1_1_, contactdat1_.email3 as email7_1_1_, contactdat1_.firstname as firstnam8_1_1_, contactdat1_.home as home9_1_1_, contactdat1_.lastname as lastnam10_1_1_, contactdat1_.middlename as middlen11_1_1_, contactdat1_.mobile as mobile12_1_1_, contactdat1_.photo as photo13_1_1_, contactdat1_.work as work14_1_1_ from address_in_groups contacts0_ inner join addressbook contactdat1_ on contacts0_.id=contactdat1_.id where contacts0_.group_id=?
Hibernate: select contacts0_.group_id as group_id2_0_0_, contacts0_.id as id1_0_0_, contactdat1_.id as id1_1_1_, contactdat1_.address as address2_1_1_, contactdat1_.bmonth as bmonth3_1_1_, contactdat1_.byear as byear4_1_1_, contactdat1_.email as email5_1_1_, contactdat1_.email2 as email6_1_1_, contactdat1_.email3 as email7_1_1_, contactdat1_.firstname as firstnam8_1_1_, contactdat1_.home as home9_1_1_, contactdat1_.lastname as lastnam10_1_1_, contactdat1_.middlename as middlen11_1_1_, contactdat1_.mobile as mobile12_1_1_, contactdat1_.photo as photo13_1_1_, contactdat1_.work as work14_1_1_ from address_in_groups contacts0_ inner join addressbook contactdat1_ on contacts0_.id=contactdat1_.id where contacts0_.group_id=?
Hibernate: select contacts0_.group_id as group_id2_0_0_, contacts0_.id as id1_0_0_, contactdat1_.id as id1_1_1_, contactdat1_.address as address2_1_1_, contactdat1_.bmonth as bmonth3_1_1_, contactdat1_.byear as byear4_1_1_, contactdat1_.email as email5_1_1_, contactdat1_.email2 as email6_1_1_, contactdat1_.email3 as email7_1_1_, contactdat1_.firstname as firstnam8_1_1_, contactdat1_.home as home9_1_1_, contactdat1_.lastname as lastnam10_1_1_, contactdat1_.middlename as middlen11_1_1_, contactdat1_.mobile as mobile12_1_1_, contactdat1_.photo as photo13_1_1_, contactdat1_.work as work14_1_1_ from address_in_groups contacts0_ inner join addressbook contactdat1_ on contacts0_.id=contactdat1_.id where contacts0_.group_id=?
Hibernate: select contacts0_.group_id as group_id2_0_0_, contacts0_.id as id1_0_0_, contactdat1_.id as id1_1_1_, contactdat1_.address as address2_1_1_, contactdat1_.bmonth as bmonth3_1_1_, contactdat1_.byear as byear4_1_1_, contactdat1_.email as email5_1_1_, contactdat1_.email2 as email6_1_1_, contactdat1_.email3 as email7_1_1_, contactdat1_.firstname as firstnam8_1_1_, contactdat1_.home as home9_1_1_, contactdat1_.lastname as lastnam10_1_1_, contactdat1_.middlename as middlen11_1_1_, contactdat1_.mobile as mobile12_1_1_, contactdat1_.photo as photo13_1_1_, contactdat1_.work as work14_1_1_ from address_in_groups contacts0_ inner join addressbook contactdat1_ on contacts0_.id=contactdat1_.id where contacts0_.group_id=?
Hibernate: select contacts0_.group_id as group_id2_0_0_, contacts0_.id as id1_0_0_, contactdat1_.id as id1_1_1_, contactdat1_.address as address2_1_1_, contactdat1_.bmonth as bmonth3_1_1_, contactdat1_.byear as byear4_1_1_, contactdat1_.email as email5_1_1_, contactdat1_.email2 as email6_1_1_, contactdat1_.email3 as email7_1_1_, contactdat1_.firstname as firstnam8_1_1_, contactdat1_.home as home9_1_1_, contactdat1_.lastname as lastnam10_1_1_, contactdat1_.middlename as middlen11_1_1_, contactdat1_.mobile as mobile12_1_1_, contactdat1_.photo as photo13_1_1_, contactdat1_.work as work14_1_1_ from address_in_groups contacts0_ inner join addressbook contactdat1_ on contacts0_.id=contactdat1_.id where contacts0_.group_id=?
Hibernate: select contacts0_.group_id as group_id2_0_0_, contacts0_.id as id1_0_0_, contactdat1_.id as id1_1_1_, contactdat1_.address as address2_1_1_, contactdat1_.bmonth as bmonth3_1_1_, contactdat1_.byear as byear4_1_1_, contactdat1_.email as email5_1_1_, contactdat1_.email2 as email6_1_1_, contactdat1_.email3 as email7_1_1_, contactdat1_.firstname as firstnam8_1_1_, contactdat1_.home as home9_1_1_, contactdat1_.lastname as lastnam10_1_1_, contactdat1_.middlename as middlen11_1_1_, contactdat1_.mobile as mobile12_1_1_, contactdat1_.photo as photo13_1_1_, contactdat1_.work as work14_1_1_ from address_in_groups contacts0_ inner join addressbook contactdat1_ on contacts0_.id=contactdat1_.id where contacts0_.group_id=?
Hibernate: select contacts0_.group_id as group_id2_0_0_, contacts0_.id as id1_0_0_, contactdat1_.id as id1_1_1_, contactdat1_.address as address2_1_1_, contactdat1_.bmonth as bmonth3_1_1_, contactdat1_.byear as byear4_1_1_, contactdat1_.email as email5_1_1_, contactdat1_.email2 as email6_1_1_, contactdat1_.email3 as email7_1_1_, contactdat1_.firstname as firstnam8_1_1_, contactdat1_.home as home9_1_1_, contactdat1_.lastname as lastnam10_1_1_, contactdat1_.middlename as middlen11_1_1_, contactdat1_.mobile as mobile12_1_1_, contactdat1_.photo as photo13_1_1_, contactdat1_.work as work14_1_1_ from address_in_groups contacts0_ inner join addressbook contactdat1_ on contacts0_.id=contactdat1_.id where contacts0_.group_id=?
Hibernate: select contacts0_.group_id as group_id2_0_0_, contacts0_.id as id1_0_0_, contactdat1_.id as id1_1_1_, contactdat1_.address as address2_1_1_, contactdat1_.bmonth as bmonth3_1_1_, contactdat1_.byear as byear4_1_1_, contactdat1_.email as email5_1_1_, contactdat1_.email2 as email6_1_1_, contactdat1_.email3 as email7_1_1_, contactdat1_.firstname as firstnam8_1_1_, contactdat1_.home as home9_1_1_, contactdat1_.lastname as lastnam10_1_1_, contactdat1_.middlename as middlen11_1_1_, contactdat1_.mobile as mobile12_1_1_, contactdat1_.photo as photo13_1_1_, contactdat1_.work as work14_1_1_ from address_in_groups contacts0_ inner join addressbook contactdat1_ on contacts0_.id=contactdat1_.id where contacts0_.group_id=?
Hibernate: select contacts0_.group_id as group_id2_0_0_, contacts0_.id as id1_0_0_, contactdat1_.id as id1_1_1_, contactdat1_.address as address2_1_1_, contactdat1_.bmonth as bmonth3_1_1_, contactdat1_.byear as byear4_1_1_, contactdat1_.email as email5_1_1_, contactdat1_.email2 as email6_1_1_, contactdat1_.email3 as email7_1_1_, contactdat1_.firstname as firstnam8_1_1_, contactdat1_.home as home9_1_1_, contactdat1_.lastname as lastnam10_1_1_, contactdat1_.middlename as middlen11_1_1_, contactdat1_.mobile as mobile12_1_1_, contactdat1_.photo as photo13_1_1_, contactdat1_.work as work14_1_1_ from address_in_groups contacts0_ inner join addressbook contactdat1_ on contacts0_.id=contactdat1_.id where contacts0_.group_id=?
Hibernate: select contacts0_.group_id as group_id2_0_0_, contacts0_.id as id1_0_0_, contactdat1_.id as id1_1_1_, contactdat1_.address as address2_1_1_, contactdat1_.bmonth as bmonth3_1_1_, contactdat1_.byear as byear4_1_1_, contactdat1_.email as email5_1_1_, contactdat1_.email2 as email6_1_1_, contactdat1_.email3 as email7_1_1_, contactdat1_.firstname as firstnam8_1_1_, contactdat1_.home as home9_1_1_, contactdat1_.lastname as lastnam10_1_1_, contactdat1_.middlename as middlen11_1_1_, contactdat1_.mobile as mobile12_1_1_, contactdat1_.photo as photo13_1_1_, contactdat1_.work as work14_1_1_ from address_in_groups contacts0_ inner join addressbook contactdat1_ on contacts0_.id=contactdat1_.id where contacts0_.group_id=?
Hibernate: select contacts0_.group_id as group_id2_0_0_, contacts0_.id as id1_0_0_, contactdat1_.id as id1_1_1_, contactdat1_.address as address2_1_1_, contactdat1_.bmonth as bmonth3_1_1_, contactdat1_.byear as byear4_1_1_, contactdat1_.email as email5_1_1_, contactdat1_.email2 as email6_1_1_, contactdat1_.email3 as email7_1_1_, contactdat1_.firstname as firstnam8_1_1_, contactdat1_.home as home9_1_1_, contactdat1_.lastname as lastnam10_1_1_, contactdat1_.middlename as middlen11_1_1_, contactdat1_.mobile as mobile12_1_1_, contactdat1_.photo as photo13_1_1_, contactdat1_.work as work14_1_1_ from address_in_groups contacts0_ inner join addressbook contactdat1_ on contacts0_.id=contactdat1_.id where contacts0_.group_id=?
Hibernate: select contacts0_.group_id as group_id2_0_0_, contacts0_.id as id1_0_0_, contactdat1_.id as id1_1_1_, contactdat1_.address as address2_1_1_, contactdat1_.bmonth as bmonth3_1_1_, contactdat1_.byear as byear4_1_1_, contactdat1_.email as email5_1_1_, contactdat1_.email2 as email6_1_1_, contactdat1_.email3 as email7_1_1_, contactdat1_.firstname as firstnam8_1_1_, contactdat1_.home as home9_1_1_, contactdat1_.lastname as lastnam10_1_1_, contactdat1_.middlename as middlen11_1_1_, contactdat1_.mobile as mobile12_1_1_, contactdat1_.photo as photo13_1_1_, contactdat1_.work as work14_1_1_ from address_in_groups contacts0_ inner join addressbook contactdat1_ on contacts0_.id=contactdat1_.id where contacts0_.group_id=?
Hibernate: select contacts0_.group_id as group_id2_0_0_, contacts0_.id as id1_0_0_, contactdat1_.id as id1_1_1_, contactdat1_.address as address2_1_1_, contactdat1_.bmonth as bmonth3_1_1_, contactdat1_.byear as byear4_1_1_, contactdat1_.email as email5_1_1_, contactdat1_.email2 as email6_1_1_, contactdat1_.email3 as email7_1_1_, contactdat1_.firstname as firstnam8_1_1_, contactdat1_.home as home9_1_1_, contactdat1_.lastname as lastnam10_1_1_, contactdat1_.middlename as middlen11_1_1_, contactdat1_.mobile as mobile12_1_1_, contactdat1_.photo as photo13_1_1_, contactdat1_.work as work14_1_1_ from address_in_groups contacts0_ inner join addressbook contactdat1_ on contacts0_.id=contactdat1_.id where contacts0_.group_id=?
Hibernate: select contacts0_.group_id as group_id2_0_0_, contacts0_.id as id1_0_0_, contactdat1_.id as id1_1_1_, contactdat1_.address as address2_1_1_, contactdat1_.bmonth as bmonth3_1_1_, contactdat1_.byear as byear4_1_1_, contactdat1_.email as email5_1_1_, contactdat1_.email2 as email6_1_1_, contactdat1_.email3 as email7_1_1_, contactdat1_.firstname as firstnam8_1_1_, contactdat1_.home as home9_1_1_, contactdat1_.lastname as lastnam10_1_1_, contactdat1_.middlename as middlen11_1_1_, contactdat1_.mobile as mobile12_1_1_, contactdat1_.photo as photo13_1_1_, contactdat1_.work as work14_1_1_ from address_in_groups contacts0_ inner join addressbook contactdat1_ on contacts0_.id=contactdat1_.id where contacts0_.group_id=?
Hibernate: select contacts0_.group_id as group_id2_0_0_, contacts0_.id as id1_0_0_, contactdat1_.id as id1_1_1_, contactdat1_.address as address2_1_1_, contactdat1_.bmonth as bmonth3_1_1_, contactdat1_.byear as byear4_1_1_, contactdat1_.email as email5_1_1_, contactdat1_.email2 as email6_1_1_, contactdat1_.email3 as email7_1_1_, contactdat1_.firstname as firstnam8_1_1_, contactdat1_.home as home9_1_1_, contactdat1_.lastname as lastnam10_1_1_, contactdat1_.middlename as middlen11_1_1_, contactdat1_.mobile as mobile12_1_1_, contactdat1_.photo as photo13_1_1_, contactdat1_.work as work14_1_1_ from address_in_groups contacts0_ inner join addressbook contactdat1_ on contacts0_.id=contactdat1_.id where contacts0_.group_id=?
20:17:31.032 [Test worker] INFO  r.s.pft.addressbook.tests.TestBase - End testtestGroupCreation
20:17:31.035 [Test worker] INFO  r.s.pft.addressbook.tests.TestBase - Start testtestGroupCreation with parameters [GroupData{id='2147483647', name='test 1'}]
Hibernate: select groupdata0_.group_id as group_id1_2_, groupdata0_.group_footer as group_fo2_2_, groupdata0_.group_header as group_he3_2_, groupdata0_.group_name as group_na4_2_ from group_list groupdata0_
Hibernate: select contacts0_.group_id as group_id2_0_0_, contacts0_.id as id1_0_0_, contactdat1_.id as id1_1_1_, contactdat1_.address as address2_1_1_, contactdat1_.bmonth as bmonth3_1_1_, contactdat1_.byear as byear4_1_1_, contactdat1_.email as email5_1_1_, contactdat1_.email2 as email6_1_1_, contactdat1_.email3 as email7_1_1_, contactdat1_.firstname as firstnam8_1_1_, contactdat1_.home as home9_1_1_, contactdat1_.lastname as lastnam10_1_1_, contactdat1_.middlename as middlen11_1_1_, contactdat1_.mobile as mobile12_1_1_, contactdat1_.photo as photo13_1_1_, contactdat1_.work as work14_1_1_ from address_in_groups contacts0_ inner join addressbook contactdat1_ on contacts0_.id=contactdat1_.id where contacts0_.group_id=?
Hibernate: select contacts0_.group_id as group_id2_0_0_, contacts0_.id as id1_0_0_, contactdat1_.id as id1_1_1_, contactdat1_.address as address2_1_1_, contactdat1_.bmonth as bmonth3_1_1_, contactdat1_.byear as byear4_1_1_, contactdat1_.email as email5_1_1_, contactdat1_.email2 as email6_1_1_, contactdat1_.email3 as email7_1_1_, contactdat1_.firstname as firstnam8_1_1_, contactdat1_.home as home9_1_1_, contactdat1_.lastname as lastnam10_1_1_, contactdat1_.middlename as middlen11_1_1_, contactdat1_.mobile as mobile12_1_1_, contactdat1_.photo as photo13_1_1_, contactdat1_.work as work14_1_1_ from address_in_groups contacts0_ inner join addressbook contactdat1_ on contacts0_.id=contactdat1_.id where contacts0_.group_id=?
Hibernate: select contacts0_.group_id as group_id2_0_0_, contacts0_.id as id1_0_0_, contactdat1_.id as id1_1_1_, contactdat1_.address as address2_1_1_, contactdat1_.bmonth as bmonth3_1_1_, contactdat1_.byear as byear4_1_1_, contactdat1_.email as email5_1_1_, contactdat1_.email2 as email6_1_1_, contactdat1_.email3 as email7_1_1_, contactdat1_.firstname as firstnam8_1_1_, contactdat1_.home as home9_1_1_, contactdat1_.lastname as lastnam10_1_1_, contactdat1_.middlename as middlen11_1_1_, contactdat1_.mobile as mobile12_1_1_, contactdat1_.photo as photo13_1_1_, contactdat1_.work as work14_1_1_ from address_in_groups contacts0_ inner join addressbook contactdat1_ on contacts0_.id=contactdat1_.id where contacts0_.group_id=?
Hibernate: select contacts0_.group_id as group_id2_0_0_, contacts0_.id as id1_0_0_, contactdat1_.id as id1_1_1_, contactdat1_.address as address2_1_1_, contactdat1_.bmonth as bmonth3_1_1_, contactdat1_.byear as byear4_1_1_, contactdat1_.email as email5_1_1_, contactdat1_.email2 as email6_1_1_, contactdat1_.email3 as email7_1_1_, contactdat1_.firstname as firstnam8_1_1_, contactdat1_.home as home9_1_1_, contactdat1_.lastname as lastnam10_1_1_, contactdat1_.middlename as middlen11_1_1_, contactdat1_.mobile as mobile12_1_1_, contactdat1_.photo as photo13_1_1_, contactdat1_.work as work14_1_1_ from address_in_groups contacts0_ inner join addressbook contactdat1_ on contacts0_.id=contactdat1_.id where contacts0_.group_id=?
Hibernate: select contacts0_.group_id as group_id2_0_0_, contacts0_.id as id1_0_0_, contactdat1_.id as id1_1_1_, contactdat1_.address as address2_1_1_, contactdat1_.bmonth as bmonth3_1_1_, contactdat1_.byear as byear4_1_1_, contactdat1_.email as email5_1_1_, contactdat1_.email2 as email6_1_1_, contactdat1_.email3 as email7_1_1_, contactdat1_.firstname as firstnam8_1_1_, contactdat1_.home as home9_1_1_, contactdat1_.lastname as lastnam10_1_1_, contactdat1_.middlename as middlen11_1_1_, contactdat1_.mobile as mobile12_1_1_, contactdat1_.photo as photo13_1_1_, contactdat1_.work as work14_1_1_ from address_in_groups contacts0_ inner join addressbook contactdat1_ on contacts0_.id=contactdat1_.id where contacts0_.group_id=?
Hibernate: select contacts0_.group_id as group_id2_0_0_, contacts0_.id as id1_0_0_, contactdat1_.id as id1_1_1_, contactdat1_.address as address2_1_1_, contactdat1_.bmonth as bmonth3_1_1_, contactdat1_.byear as byear4_1_1_, contactdat1_.email as email5_1_1_, contactdat1_.email2 as email6_1_1_, contactdat1_.email3 as email7_1_1_, contactdat1_.firstname as firstnam8_1_1_, contactdat1_.home as home9_1_1_, contactdat1_.lastname as lastnam10_1_1_, contactdat1_.middlename as middlen11_1_1_, contactdat1_.mobile as mobile12_1_1_, contactdat1_.photo as photo13_1_1_, contactdat1_.work as work14_1_1_ from address_in_groups contacts0_ inner join addressbook contactdat1_ on contacts0_.id=contactdat1_.id where contacts0_.group_id=?
Hibernate: select contacts0_.group_id as group_id2_0_0_, contacts0_.id as id1_0_0_, contactdat1_.id as id1_1_1_, contactdat1_.address as address2_1_1_, contactdat1_.bmonth as bmonth3_1_1_, contactdat1_.byear as byear4_1_1_, contactdat1_.email as email5_1_1_, contactdat1_.email2 as email6_1_1_, contactdat1_.email3 as email7_1_1_, contactdat1_.firstname as firstnam8_1_1_, contactdat1_.home as home9_1_1_, contactdat1_.lastname as lastnam10_1_1_, contactdat1_.middlename as middlen11_1_1_, contactdat1_.mobile as mobile12_1_1_, contactdat1_.photo as photo13_1_1_, contactdat1_.work as work14_1_1_ from address_in_groups contacts0_ inner join addressbook contactdat1_ on contacts0_.id=contactdat1_.id where contacts0_.group_id=?
Hibernate: select contacts0_.group_id as group_id2_0_0_, contacts0_.id as id1_0_0_, contactdat1_.id as id1_1_1_, contactdat1_.address as address2_1_1_, contactdat1_.bmonth as bmonth3_1_1_, contactdat1_.byear as byear4_1_1_, contactdat1_.email as email5_1_1_, contactdat1_.email2 as email6_1_1_, contactdat1_.email3 as email7_1_1_, contactdat1_.firstname as firstnam8_1_1_, contactdat1_.home as home9_1_1_, contactdat1_.lastname as lastnam10_1_1_, contactdat1_.middlename as middlen11_1_1_, contactdat1_.mobile as mobile12_1_1_, contactdat1_.photo as photo13_1_1_, contactdat1_.work as work14_1_1_ from address_in_groups contacts0_ inner join addressbook contactdat1_ on contacts0_.id=contactdat1_.id where contacts0_.group_id=?
Hibernate: select contacts0_.group_id as group_id2_0_0_, contacts0_.id as id1_0_0_, contactdat1_.id as id1_1_1_, contactdat1_.address as address2_1_1_, contactdat1_.bmonth as bmonth3_1_1_, contactdat1_.byear as byear4_1_1_, contactdat1_.email as email5_1_1_, contactdat1_.email2 as email6_1_1_, contactdat1_.email3 as email7_1_1_, contactdat1_.firstname as firstnam8_1_1_, contactdat1_.home as home9_1_1_, contactdat1_.lastname as lastnam10_1_1_, contactdat1_.middlename as middlen11_1_1_, contactdat1_.mobile as mobile12_1_1_, contactdat1_.photo as photo13_1_1_, contactdat1_.work as work14_1_1_ from address_in_groups contacts0_ inner join addressbook contactdat1_ on contacts0_.id=contactdat1_.id where contacts0_.group_id=?
Hibernate: select contacts0_.group_id as group_id2_0_0_, contacts0_.id as id1_0_0_, contactdat1_.id as id1_1_1_, contactdat1_.address as address2_1_1_, contactdat1_.bmonth as bmonth3_1_1_, contactdat1_.byear as byear4_1_1_, contactdat1_.email as email5_1_1_, contactdat1_.email2 as email6_1_1_, contactdat1_.email3 as email7_1_1_, contactdat1_.firstname as firstnam8_1_1_, contactdat1_.home as home9_1_1_, contactdat1_.lastname as lastnam10_1_1_, contactdat1_.middlename as middlen11_1_1_, contactdat1_.mobile as mobile12_1_1_, contactdat1_.photo as photo13_1_1_, contactdat1_.work as work14_1_1_ from address_in_groups contacts0_ inner join addressbook contactdat1_ on contacts0_.id=contactdat1_.id where contacts0_.group_id=?
Hibernate: select contacts0_.group_id as group_id2_0_0_, contacts0_.id as id1_0_0_, contactdat1_.id as id1_1_1_, contactdat1_.address as address2_1_1_, contactdat1_.bmonth as bmonth3_1_1_, contactdat1_.byear as byear4_1_1_, contactdat1_.email as email5_1_1_, contactdat1_.email2 as email6_1_1_, contactdat1_.email3 as email7_1_1_, contactdat1_.firstname as firstnam8_1_1_, contactdat1_.home as home9_1_1_, contactdat1_.lastname as lastnam10_1_1_, contactdat1_.middlename as middlen11_1_1_, contactdat1_.mobile as mobile12_1_1_, contactdat1_.photo as photo13_1_1_, contactdat1_.work as work14_1_1_ from address_in_groups contacts0_ inner join addressbook contactdat1_ on contacts0_.id=contactdat1_.id where contacts0_.group_id=?
Hibernate: select contacts0_.group_id as group_id2_0_0_, contacts0_.id as id1_0_0_, contactdat1_.id as id1_1_1_, contactdat1_.address as address2_1_1_, contactdat1_.bmonth as bmonth3_1_1_, contactdat1_.byear as byear4_1_1_, contactdat1_.email as email5_1_1_, contactdat1_.email2 as email6_1_1_, contactdat1_.email3 as email7_1_1_, contactdat1_.firstname as firstnam8_1_1_, contactdat1_.home as home9_1_1_, contactdat1_.lastname as lastnam10_1_1_, contactdat1_.middlename as middlen11_1_1_, contactdat1_.mobile as mobile12_1_1_, contactdat1_.photo as photo13_1_1_, contactdat1_.work as work14_1_1_ from address_in_groups contacts0_ inner join addressbook contactdat1_ on contacts0_.id=contactdat1_.id where contacts0_.group_id=?
Hibernate: select contacts0_.group_id as group_id2_0_0_, contacts0_.id as id1_0_0_, contactdat1_.id as id1_1_1_, contactdat1_.address as address2_1_1_, contactdat1_.bmonth as bmonth3_1_1_, contactdat1_.byear as byear4_1_1_, contactdat1_.email as email5_1_1_, contactdat1_.email2 as email6_1_1_, contactdat1_.email3 as email7_1_1_, contactdat1_.firstname as firstnam8_1_1_, contactdat1_.home as home9_1_1_, contactdat1_.lastname as lastnam10_1_1_, contactdat1_.middlename as middlen11_1_1_, contactdat1_.mobile as mobile12_1_1_, contactdat1_.photo as photo13_1_1_, contactdat1_.work as work14_1_1_ from address_in_groups contacts0_ inner join addressbook contactdat1_ on contacts0_.id=contactdat1_.id where contacts0_.group_id=?
Hibernate: select contacts0_.group_id as group_id2_0_0_, contacts0_.id as id1_0_0_, contactdat1_.id as id1_1_1_, contactdat1_.address as address2_1_1_, contactdat1_.bmonth as bmonth3_1_1_, contactdat1_.byear as byear4_1_1_, contactdat1_.email as email5_1_1_, contactdat1_.email2 as email6_1_1_, contactdat1_.email3 as email7_1_1_, contactdat1_.firstname as firstnam8_1_1_, contactdat1_.home as home9_1_1_, contactdat1_.lastname as lastnam10_1_1_, contactdat1_.middlename as middlen11_1_1_, contactdat1_.mobile as mobile12_1_1_, contactdat1_.photo as photo13_1_1_, contactdat1_.work as work14_1_1_ from address_in_groups contacts0_ inner join addressbook contactdat1_ on contacts0_.id=contactdat1_.id where contacts0_.group_id=?
Hibernate: select contacts0_.group_id as group_id2_0_0_, contacts0_.id as id1_0_0_, contactdat1_.id as id1_1_1_, contactdat1_.address as address2_1_1_, contactdat1_.bmonth as bmonth3_1_1_, contactdat1_.byear as byear4_1_1_, contactdat1_.email as email5_1_1_, contactdat1_.email2 as email6_1_1_, contactdat1_.email3 as email7_1_1_, contactdat1_.firstname as firstnam8_1_1_, contactdat1_.home as home9_1_1_, contactdat1_.lastname as lastnam10_1_1_, contactdat1_.middlename as middlen11_1_1_, contactdat1_.mobile as mobile12_1_1_, contactdat1_.photo as photo13_1_1_, contactdat1_.work as work14_1_1_ from address_in_groups contacts0_ inner join addressbook contactdat1_ on contacts0_.id=contactdat1_.id where contacts0_.group_id=?
Hibernate: select contacts0_.group_id as group_id2_0_0_, contacts0_.id as id1_0_0_, contactdat1_.id as id1_1_1_, contactdat1_.address as address2_1_1_, contactdat1_.bmonth as bmonth3_1_1_, contactdat1_.byear as byear4_1_1_, contactdat1_.email as email5_1_1_, contactdat1_.email2 as email6_1_1_, contactdat1_.email3 as email7_1_1_, contactdat1_.firstname as firstnam8_1_1_, contactdat1_.home as home9_1_1_, contactdat1_.lastname as lastnam10_1_1_, contactdat1_.middlename as middlen11_1_1_, contactdat1_.mobile as mobile12_1_1_, contactdat1_.photo as photo13_1_1_, contactdat1_.work as work14_1_1_ from address_in_groups contacts0_ inner join addressbook contactdat1_ on contacts0_.id=contactdat1_.id where contacts0_.group_id=?
Hibernate: select contacts0_.group_id as group_id2_0_0_, contacts0_.id as id1_0_0_, contactdat1_.id as id1_1_1_, contactdat1_.address as address2_1_1_, contactdat1_.bmonth as bmonth3_1_1_, contactdat1_.byear as byear4_1_1_, contactdat1_.email as email5_1_1_, contactdat1_.email2 as email6_1_1_, contactdat1_.email3 as email7_1_1_, contactdat1_.firstname as firstnam8_1_1_, contactdat1_.home as home9_1_1_, contactdat1_.lastname as lastnam10_1_1_, contactdat1_.middlename as middlen11_1_1_, contactdat1_.mobile as mobile12_1_1_, contactdat1_.photo as photo13_1_1_, contactdat1_.work as work14_1_1_ from address_in_groups contacts0_ inner join addressbook contactdat1_ on contacts0_.id=contactdat1_.id where contacts0_.group_id=?
Hibernate: select contacts0_.group_id as group_id2_0_0_, contacts0_.id as id1_0_0_, contactdat1_.id as id1_1_1_, contactdat1_.address as address2_1_1_, contactdat1_.bmonth as bmonth3_1_1_, contactdat1_.byear as byear4_1_1_, contactdat1_.email as email5_1_1_, contactdat1_.email2 as email6_1_1_, contactdat1_.email3 as email7_1_1_, contactdat1_.firstname as firstnam8_1_1_, contactdat1_.home as home9_1_1_, contactdat1_.lastname as lastnam10_1_1_, contactdat1_.middlename as middlen11_1_1_, contactdat1_.mobile as mobile12_1_1_, contactdat1_.photo as photo13_1_1_, contactdat1_.work as work14_1_1_ from address_in_groups contacts0_ inner join addressbook contactdat1_ on contacts0_.id=contactdat1_.id where contacts0_.group_id=?
Hibernate: select contacts0_.group_id as group_id2_0_0_, contacts0_.id as id1_0_0_, contactdat1_.id as id1_1_1_, contactdat1_.address as address2_1_1_, contactdat1_.bmonth as bmonth3_1_1_, contactdat1_.byear as byear4_1_1_, contactdat1_.email as email5_1_1_, contactdat1_.email2 as email6_1_1_, contactdat1_.email3 as email7_1_1_, contactdat1_.firstname as firstnam8_1_1_, contactdat1_.home as home9_1_1_, contactdat1_.lastname as lastnam10_1_1_, contactdat1_.middlename as middlen11_1_1_, contactdat1_.mobile as mobile12_1_1_, contactdat1_.photo as photo13_1_1_, contactdat1_.work as work14_1_1_ from address_in_groups contacts0_ inner join addressbook contactdat1_ on contacts0_.id=contactdat1_.id where contacts0_.group_id=?
Hibernate: select contacts0_.group_id as group_id2_0_0_, contacts0_.id as id1_0_0_, contactdat1_.id as id1_1_1_, contactdat1_.address as address2_1_1_, contactdat1_.bmonth as bmonth3_1_1_, contactdat1_.byear as byear4_1_1_, contactdat1_.email as email5_1_1_, contactdat1_.email2 as email6_1_1_, contactdat1_.email3 as email7_1_1_, contactdat1_.firstname as firstnam8_1_1_, contactdat1_.home as home9_1_1_, contactdat1_.lastname as lastnam10_1_1_, contactdat1_.middlename as middlen11_1_1_, contactdat1_.mobile as mobile12_1_1_, contactdat1_.photo as photo13_1_1_, contactdat1_.work as work14_1_1_ from address_in_groups contacts0_ inner join addressbook contactdat1_ on contacts0_.id=contactdat1_.id where contacts0_.group_id=?
Hibernate: select groupdata0_.group_id as group_id1_2_, groupdata0_.group_footer as group_fo2_2_, groupdata0_.group_header as group_he3_2_, groupdata0_.group_name as group_na4_2_ from group_list groupdata0_
Hibernate: select contacts0_.group_id as group_id2_0_0_, contacts0_.id as id1_0_0_, contactdat1_.id as id1_1_1_, contactdat1_.address as address2_1_1_, contactdat1_.bmonth as bmonth3_1_1_, contactdat1_.byear as byear4_1_1_, contactdat1_.email as email5_1_1_, contactdat1_.email2 as email6_1_1_, contactdat1_.email3 as email7_1_1_, contactdat1_.firstname as firstnam8_1_1_, contactdat1_.home as home9_1_1_, contactdat1_.lastname as lastnam10_1_1_, contactdat1_.middlename as middlen11_1_1_, contactdat1_.mobile as mobile12_1_1_, contactdat1_.photo as photo13_1_1_, contactdat1_.work as work14_1_1_ from address_in_groups contacts0_ inner join addressbook contactdat1_ on contacts0_.id=contactdat1_.id where contacts0_.group_id=?
Hibernate: select contacts0_.group_id as group_id2_0_0_, contacts0_.id as id1_0_0_, contactdat1_.id as id1_1_1_, contactdat1_.address as address2_1_1_, contactdat1_.bmonth as bmonth3_1_1_, contactdat1_.byear as byear4_1_1_, contactdat1_.email as email5_1_1_, contactdat1_.email2 as email6_1_1_, contactdat1_.email3 as email7_1_1_, contactdat1_.firstname as firstnam8_1_1_, contactdat1_.home as home9_1_1_, contactdat1_.lastname as lastnam10_1_1_, contactdat1_.middlename as middlen11_1_1_, contactdat1_.mobile as mobile12_1_1_, contactdat1_.photo as photo13_1_1_, contactdat1_.work as work14_1_1_ from address_in_groups contacts0_ inner join addressbook contactdat1_ on contacts0_.id=contactdat1_.id where contacts0_.group_id=?
Hibernate: select contacts0_.group_id as group_id2_0_0_, contacts0_.id as id1_0_0_, contactdat1_.id as id1_1_1_, contactdat1_.address as address2_1_1_, contactdat1_.bmonth as bmonth3_1_1_, contactdat1_.byear as byear4_1_1_, contactdat1_.email as email5_1_1_, contactdat1_.email2 as email6_1_1_, contactdat1_.email3 as email7_1_1_, contactdat1_.firstname as firstnam8_1_1_, contactdat1_.home as home9_1_1_, contactdat1_.lastname as lastnam10_1_1_, contactdat1_.middlename as middlen11_1_1_, contactdat1_.mobile as mobile12_1_1_, contactdat1_.photo as photo13_1_1_, contactdat1_.work as work14_1_1_ from address_in_groups contacts0_ inner join addressbook contactdat1_ on contacts0_.id=contactdat1_.id where contacts0_.group_id=?
Hibernate: select contacts0_.group_id as group_id2_0_0_, contacts0_.id as id1_0_0_, contactdat1_.id as id1_1_1_, contactdat1_.address as address2_1_1_, contactdat1_.bmonth as bmonth3_1_1_, contactdat1_.byear as byear4_1_1_, contactdat1_.email as email5_1_1_, contactdat1_.email2 as email6_1_1_, contactdat1_.email3 as email7_1_1_, contactdat1_.firstname as firstnam8_1_1_, contactdat1_.home as home9_1_1_, contactdat1_.lastname as lastnam10_1_1_, contactdat1_.middlename as middlen11_1_1_, contactdat1_.mobile as mobile12_1_1_, contactdat1_.photo as photo13_1_1_, contactdat1_.work as work14_1_1_ from address_in_groups contacts0_ inner join addressbook contactdat1_ on contacts0_.id=contactdat1_.id where contacts0_.group_id=?
Hibernate: select contacts0_.group_id as group_id2_0_0_, contacts0_.id as id1_0_0_, contactdat1_.id as id1_1_1_, contactdat1_.address as address2_1_1_, contactdat1_.bmonth as bmonth3_1_1_, contactdat1_.byear as byear4_1_1_, contactdat1_.email as email5_1_1_, contactdat1_.email2 as email6_1_1_, contactdat1_.email3 as email7_1_1_, contactdat1_.firstname as firstnam8_1_1_, contactdat1_.home as home9_1_1_, contactdat1_.lastname as lastnam10_1_1_, contactdat1_.middlename as middlen11_1_1_, contactdat1_.mobile as mobile12_1_1_, contactdat1_.photo as photo13_1_1_, contactdat1_.work as work14_1_1_ from address_in_groups contacts0_ inner join addressbook contactdat1_ on contacts0_.id=contactdat1_.id where contacts0_.group_id=?
Hibernate: select contacts0_.group_id as group_id2_0_0_, contacts0_.id as id1_0_0_, contactdat1_.id as id1_1_1_, contactdat1_.address as address2_1_1_, contactdat1_.bmonth as bmonth3_1_1_, contactdat1_.byear as byear4_1_1_, contactdat1_.email as email5_1_1_, contactdat1_.email2 as email6_1_1_, contactdat1_.email3 as email7_1_1_, contactdat1_.firstname as firstnam8_1_1_, contactdat1_.home as home9_1_1_, contactdat1_.lastname as lastnam10_1_1_, contactdat1_.middlename as middlen11_1_1_, contactdat1_.mobile as mobile12_1_1_, contactdat1_.photo as photo13_1_1_, contactdat1_.work as work14_1_1_ from address_in_groups contacts0_ inner join addressbook contactdat1_ on contacts0_.id=contactdat1_.id where contacts0_.group_id=?
Hibernate: select contacts0_.group_id as group_id2_0_0_, contacts0_.id as id1_0_0_, contactdat1_.id as id1_1_1_, contactdat1_.address as address2_1_1_, contactdat1_.bmonth as bmonth3_1_1_, contactdat1_.byear as byear4_1_1_, contactdat1_.email as email5_1_1_, contactdat1_.email2 as email6_1_1_, contactdat1_.email3 as email7_1_1_, contactdat1_.firstname as firstnam8_1_1_, contactdat1_.home as home9_1_1_, contactdat1_.lastname as lastnam10_1_1_, contactdat1_.middlename as middlen11_1_1_, contactdat1_.mobile as mobile12_1_1_, contactdat1_.photo as photo13_1_1_, contactdat1_.work as work14_1_1_ from address_in_groups contacts0_ inner join addressbook contactdat1_ on contacts0_.id=contactdat1_.id where contacts0_.group_id=?
[...]
Hibernate: select contacts0_.group_id as group_id2_0_0_, contacts0_.id as id1_0_0_, contactdat1_.id as id1_1_1_, contactdat1_.address as address2_1_1_, contactdat1_.bmonth as bmonth3_1_1_, contactdat1_.byear as byear4_1_1_, contactdat1_.email as email5_1_1_, contactdat1_.email2 as email6_1_1_, contactdat1_.email3 as email7_1_1_, contactdat1_.firstname as firstnam8_1_1_, contactdat1_.home as home9_1_1_, contactdat1_.lastname as lastnam10_1_1_, contactdat1_.middlename as middlen11_1_1_, contactdat1_.mobile as mobile12_1_1_, contactdat1_.photo as photo13_1_1_, contactdat1_.work as work14_1_1_ from address_in_groups contacts0_ inner join addressbook contactdat1_ on contacts0_.id=contactdat1_.id where contacts0_.group_id=?
Hibernate: select contacts0_.group_id as group_id2_0_0_, contacts0_.id as id1_0_0_, contactdat1_.id as id1_1_1_, contactdat1_.address as address2_1_1_, contactdat1_.bmonth as bmonth3_1_1_, contactdat1_.byear as byear4_1_1_, contactdat1_.email as email5_1_1_, contactdat1_.email2 as email6_1_1_, contactdat1_.email3 as email7_1_1_, contactdat1_.firstname as firstnam8_1_1_, contactdat1_.home as home9_1_1_, contactdat1_.lastname as lastnam10_1_1_, contactdat1_.middlename as middlen11_1_1_, contactdat1_.mobile as mobile12_1_1_, contactdat1_.photo as photo13_1_1_, contactdat1_.work as work14_1_1_ from address_in_groups contacts0_ inner join addressbook contactdat1_ on contacts0_.id=contactdat1_.id where contacts0_.group_id=?
Hibernate: select contacts0_.group_id as group_id2_0_0_, contacts0_.id as id1_0_0_, contactdat1_.id as id1_1_1_, contactdat1_.address as address2_1_1_, contactdat1_.bmonth as bmonth3_1_1_, contactdat1_.byear as byear4_1_1_, contactdat1_.email as email5_1_1_, contactdat1_.email2 as email6_1_1_, contactdat1_.email3 as email7_1_1_, contactdat1_.firstname as firstnam8_1_1_, contactdat1_.home as home9_1_1_, contactdat1_.lastname as lastnam10_1_1_, contactdat1_.middlename as middlen11_1_1_, contactdat1_.mobile as mobile12_1_1_, contactdat1_.photo as photo13_1_1_, contactdat1_.work as work14_1_1_ from address_in_groups contacts0_ inner join addressbook contactdat1_ on contacts0_.id=contactdat1_.id where contacts0_.group_id=?
Hibernate: select contacts0_.group_id as group_id2_0_0_, contacts0_.id as id1_0_0_, contactdat1_.id as id1_1_1_, contactdat1_.address as address2_1_1_, contactdat1_.bmonth as bmonth3_1_1_, contactdat1_.byear as byear4_1_1_, contactdat1_.email as email5_1_1_, contactdat1_.email2 as email6_1_1_, contactdat1_.email3 as email7_1_1_, contactdat1_.firstname as firstnam8_1_1_, contactdat1_.home as home9_1_1_, contactdat1_.lastname as lastnam10_1_1_, contactdat1_.middlename as middlen11_1_1_, contactdat1_.mobile as mobile12_1_1_, contactdat1_.photo as photo13_1_1_, contactdat1_.work as work14_1_1_ from address_in_groups contacts0_ inner join addressbook contactdat1_ on contacts0_.id=contactdat1_.id where contacts0_.group_id=?
Hibernate: select contacts0_.group_id as group_id2_0_0_, contacts0_.id as id1_0_0_, contactdat1_.id as id1_1_1_, contactdat1_.address as address2_1_1_, contactdat1_.bmonth as bmonth3_1_1_, contactdat1_.byear as byear4_1_1_, contactdat1_.email as email5_1_1_, contactdat1_.email2 as email6_1_1_, contactdat1_.email3 as email7_1_1_, contactdat1_.firstname as firstnam8_1_1_, contactdat1_.home as home9_1_1_, contactdat1_.lastname as lastnam10_1_1_, contactdat1_.middlename as middlen11_1_1_, contactdat1_.mobile as mobile12_1_1_, contactdat1_.photo as photo13_1_1_, contactdat1_.work as work14_1_1_ from address_in_groups contacts0_ inner join addressbook contactdat1_ on contacts0_.id=contactdat1_.id where contacts0_.group_id=?
Hibernate: select contacts0_.group_id as group_id2_0_0_, contacts0_.id as id1_0_0_, contactdat1_.id as id1_1_1_, contactdat1_.address as address2_1_1_, contactdat1_.bmonth as bmonth3_1_1_, contactdat1_.byear as byear4_1_1_, contactdat1_.email as email5_1_1_, contactdat1_.email2 as email6_1_1_, contactdat1_.email3 as email7_1_1_, contactdat1_.firstname as firstnam8_1_1_, contactdat1_.home as home9_1_1_, contactdat1_.lastname as lastnam10_1_1_, contactdat1_.middlename as middlen11_1_1_, contactdat1_.mobile as mobile12_1_1_, contactdat1_.photo as photo13_1_1_, contactdat1_.work as work14_1_1_ from address_in_groups contacts0_ inner join addressbook contactdat1_ on contacts0_.id=contactdat1_.id where contacts0_.group_id=?
Hibernate: select contacts0_.group_id as group_id2_0_0_, contacts0_.id as id1_0_0_, contactdat1_.id as id1_1_1_, contactdat1_.address as address2_1_1_, contactdat1_.bmonth as bmonth3_1_1_, contactdat1_.byear as byear4_1_1_, contactdat1_.email as email5_1_1_, contactdat1_.email2 as email6_1_1_, contactdat1_.email3 as email7_1_1_, contactdat1_.firstname as firstnam8_1_1_, contactdat1_.home as home9_1_1_, contactdat1_.lastname as lastnam10_1_1_, contactdat1_.middlename as middlen11_1_1_, contactdat1_.mobile as mobile12_1_1_, contactdat1_.photo as photo13_1_1_, contactdat1_.work as work14_1_1_ from address_in_groups contacts0_ inner join addressbook contactdat1_ on contacts0_.id=contactdat1_.id where contacts0_.group_id=?
Hibernate: select contacts0_.group_id as group_id2_0_0_, contacts0_.id as id1_0_0_, contactdat1_.id as id1_1_1_, contactdat1_.address as address2_1_1_, contactdat1_.bmonth as bmonth3_1_1_, contactdat1_.byear as byear4_1_1_, contactdat1_.email as email5_1_1_, contactdat1_.email2 as email6_1_1_, contactdat1_.email3 as email7_1_1_, contactdat1_.firstname as firstnam8_1_1_, contactdat1_.home as home9_1_1_, contactdat1_.lastname as lastnam10_1_1_, contactdat1_.middlename as middlen11_1_1_, contactdat1_.mobile as mobile12_1_1_, contactdat1_.photo as photo13_1_1_, contactdat1_.work as work14_1_1_ from address_in_groups contacts0_ inner join addressbook contactdat1_ on contacts0_.id=contactdat1_.id where contacts0_.group_id=?
Hibernate: select contacts0_.group_id as group_id2_0_0_, contacts0_.id as id1_0_0_, contactdat1_.id as id1_1_1_, contactdat1_.address as address2_1_1_, contactdat1_.bmonth as bmonth3_1_1_, contactdat1_.byear as byear4_1_1_, contactdat1_.email as email5_1_1_, contactdat1_.email2 as email6_1_1_, contactdat1_.email3 as email7_1_1_, contactdat1_.firstname as firstnam8_1_1_, contactdat1_.home as home9_1_1_, contactdat1_.lastname as lastnam10_1_1_, contactdat1_.middlename as middlen11_1_1_, contactdat1_.mobile as mobile12_1_1_, contactdat1_.photo as photo13_1_1_, contactdat1_.work as work14_1_1_ from address_in_groups contacts0_ inner join addressbook contactdat1_ on contacts0_.id=contactdat1_.id where contacts0_.group_id=?
Hibernate: select contacts0_.group_id as group_id2_0_0_, contacts0_.id as id1_0_0_, contactdat1_.id as id1_1_1_, contactdat1_.address as address2_1_1_, contactdat1_.bmonth as bmonth3_1_1_, contactdat1_.byear as byear4_1_1_, contactdat1_.email as email5_1_1_, contactdat1_.email2 as email6_1_1_, contactdat1_.email3 as email7_1_1_, contactdat1_.firstname as firstnam8_1_1_, contactdat1_.home as home9_1_1_, contactdat1_.lastname as lastnam10_1_1_, contactdat1_.middlename as middlen11_1_1_, contactdat1_.mobile as mobile12_1_1_, contactdat1_.photo as photo13_1_1_, contactdat1_.work as work14_1_1_ from address_in_groups contacts0_ inner join addressbook contactdat1_ on contacts0_.id=contactdat1_.id where contacts0_.group_id=?
Hibernate: select contacts0_.group_id as group_id2_0_0_, contacts0_.id as id1_0_0_, contactdat1_.id as id1_1_1_, contactdat1_.address as address2_1_1_, contactdat1_.bmonth as bmonth3_1_1_, contactdat1_.byear as byear4_1_1_, contactdat1_.email as email5_1_1_, contactdat1_.email2 as email6_1_1_, contactdat1_.email3 as email7_1_1_, contactdat1_.firstname as firstnam8_1_1_, contactdat1_.home as home9_1_1_, contactdat1_.lastname as lastnam10_1_1_, contactdat1_.middlename as middlen11_1_1_, contactdat1_.mobile as mobile12_1_1_, contactdat1_.photo as photo13_1_1_, contactdat1_.work as work14_1_1_ from address_in_groups contacts0_ inner join addressbook contactdat1_ on contacts0_.id=contactdat1_.id where contacts0_.group_id=?
Hibernate: select contacts0_.group_id as group_id2_0_0_, contacts0_.id as id1_0_0_, contactdat1_.id as id1_1_1_, contactdat1_.address as address2_1_1_, contactdat1_.bmonth as bmonth3_1_1_, contactdat1_.byear as byear4_1_1_, contactdat1_.email as email5_1_1_, contactdat1_.email2 as email6_1_1_, contactdat1_.email3 as email7_1_1_, contactdat1_.firstname as firstnam8_1_1_, contactdat1_.home as home9_1_1_, contactdat1_.lastname as lastnam10_1_1_, contactdat1_.middlename as middlen11_1_1_, contactdat1_.mobile as mobile12_1_1_, contactdat1_.photo as photo13_1_1_, contactdat1_.work as work14_1_1_ from address_in_groups contacts0_ inner join addressbook contactdat1_ on contacts0_.id=contactdat1_.id where contacts0_.group_id=?
Hibernate: select contacts0_.group_id as group_id2_0_0_, contacts0_.id as id1_0_0_, contactdat1_.id as id1_1_1_, contactdat1_.address as address2_1_1_, contactdat1_.bmonth as bmonth3_1_1_, contactdat1_.byear as byear4_1_1_, contactdat1_.email as email5_1_1_, contactdat1_.email2 as email6_1_1_, contactdat1_.email3 as email7_1_1_, contactdat1_.firstname as firstnam8_1_1_, contactdat1_.home as home9_1_1_, contactdat1_.lastname as lastnam10_1_1_, contactdat1_.middlename as middlen11_1_1_, contactdat1_.mobile as mobile12_1_1_, contactdat1_.photo as photo13_1_1_, contactdat1_.work as work14_1_1_ from address_in_groups contacts0_ inner join addressbook contactdat1_ on contacts0_.id=contactdat1_.id where contacts0_.group_id=?
Hibernate: select contacts0_.group_id as group_id2_0_0_, contacts0_.id as id1_0_0_, contactdat1_.id as id1_1_1_, contactdat1_.address as address2_1_1_, contactdat1_.bmonth as bmonth3_1_1_, contactdat1_.byear as byear4_1_1_, contactdat1_.email as email5_1_1_, contactdat1_.email2 as email6_1_1_, contactdat1_.email3 as email7_1_1_, contactdat1_.firstname as firstnam8_1_1_, contactdat1_.home as home9_1_1_, contactdat1_.lastname as lastnam10_1_1_, contactdat1_.middlename as middlen11_1_1_, contactdat1_.mobile as mobile12_1_1_, contactdat1_.photo as photo13_1_1_, contactdat1_.work as work14_1_1_ from address_in_groups contacts0_ inner join addressbook contactdat1_ on contacts0_.id=contactdat1_.id where contacts0_.group_id=?
Hibernate: select contacts0_.group_id as group_id2_0_0_, contacts0_.id as id1_0_0_, contactdat1_.id as id1_1_1_, contactdat1_.address as address2_1_1_, contactdat1_.bmonth as bmonth3_1_1_, contactdat1_.byear as byear4_1_1_, contactdat1_.email as email5_1_1_, contactdat1_.email2 as email6_1_1_, contactdat1_.email3 as email7_1_1_, contactdat1_.firstname as firstnam8_1_1_, contactdat1_.home as home9_1_1_, contactdat1_.lastname as lastnam10_1_1_, contactdat1_.middlename as middlen11_1_1_, contactdat1_.mobile as mobile12_1_1_, contactdat1_.photo as photo13_1_1_, contactdat1_.work as work14_1_1_ from address_in_groups contacts0_ inner join addressbook contactdat1_ on contacts0_.id=contactdat1_.id where contacts0_.group_id=?
Hibernate: select contacts0_.group_id as group_id2_0_0_, contacts0_.id as id1_0_0_, contactdat1_.id as id1_1_1_, contactdat1_.address as address2_1_1_, contactdat1_.bmonth as bmonth3_1_1_, contactdat1_.byear as byear4_1_1_, contactdat1_.email as email5_1_1_, contactdat1_.email2 as email6_1_1_, contactdat1_.email3 as email7_1_1_, contactdat1_.firstname as firstnam8_1_1_, contactdat1_.home as home9_1_1_, contactdat1_.lastname as lastnam10_1_1_, contactdat1_.middlename as middlen11_1_1_, contactdat1_.mobile as mobile12_1_1_, contactdat1_.photo as photo13_1_1_, contactdat1_.work as work14_1_1_ from address_in_groups contacts0_ inner join addressbook contactdat1_ on contacts0_.id=contactdat1_.id where contacts0_.group_id=?
Hibernate: select contacts0_.group_id as group_id2_0_0_, contacts0_.id as id1_0_0_, contactdat1_.id as id1_1_1_, contactdat1_.address as address2_1_1_, contactdat1_.bmonth as bmonth3_1_1_, contactdat1_.byear as byear4_1_1_, contactdat1_.email as email5_1_1_, contactdat1_.email2 as email6_1_1_, contactdat1_.email3 as email7_1_1_, contactdat1_.firstname as firstnam8_1_1_, contactdat1_.home as home9_1_1_, contactdat1_.lastname as lastnam10_1_1_, contactdat1_.middlename as middlen11_1_1_, contactdat1_.mobile as mobile12_1_1_, contactdat1_.photo as photo13_1_1_, contactdat1_.work as work14_1_1_ from address_in_groups contacts0_ inner join addressbook contactdat1_ on contacts0_.id=contactdat1_.id where contacts0_.group_id=?
Hibernate: select contacts0_.group_id as group_id2_0_0_, contacts0_.id as id1_0_0_, contactdat1_.id as id1_1_1_, contactdat1_.address as address2_1_1_, contactdat1_.bmonth as bmonth3_1_1_, contactdat1_.byear as byear4_1_1_, contactdat1_.email as email5_1_1_, contactdat1_.email2 as email6_1_1_, contactdat1_.email3 as email7_1_1_, contactdat1_.firstname as firstnam8_1_1_, contactdat1_.home as home9_1_1_, contactdat1_.lastname as lastnam10_1_1_, contactdat1_.middlename as middlen11_1_1_, contactdat1_.mobile as mobile12_1_1_, contactdat1_.photo as photo13_1_1_, contactdat1_.work as work14_1_1_ from address_in_groups contacts0_ inner join addressbook contactdat1_ on contacts0_.id=contactdat1_.id where contacts0_.group_id=?
Hibernate: select contacts0_.group_id as group_id2_0_0_, contacts0_.id as id1_0_0_, contactdat1_.id as id1_1_1_, contactdat1_.address as address2_1_1_, contactdat1_.bmonth as bmonth3_1_1_, contactdat1_.byear as byear4_1_1_, contactdat1_.email as email5_1_1_, contactdat1_.email2 as email6_1_1_, contactdat1_.email3 as email7_1_1_, contactdat1_.firstname as firstnam8_1_1_, contactdat1_.home as home9_1_1_, contactdat1_.lastname as lastnam10_1_1_, contactdat1_.middlename as middlen11_1_1_, contactdat1_.mobile as mobile12_1_1_, contactdat1_.photo as photo13_1_1_, contactdat1_.work as work14_1_1_ from address_in_groups contacts0_ inner join addressbook contactdat1_ on contacts0_.id=contactdat1_.id where contacts0_.group_id=?
Hibernate: select contacts0_.group_id as group_id2_0_0_, contacts0_.id as id1_0_0_, contactdat1_.id as id1_1_1_, contactdat1_.address as address2_1_1_, contactdat1_.bmonth as bmonth3_1_1_, contactdat1_.byear as byear4_1_1_, contactdat1_.email as email5_1_1_, contactdat1_.email2 as email6_1_1_, contactdat1_.email3 as email7_1_1_, contactdat1_.firstname as firstnam8_1_1_, contactdat1_.home as home9_1_1_, contactdat1_.lastname as lastnam10_1_1_, contactdat1_.middlename as middlen11_1_1_, contactdat1_.mobile as mobile12_1_1_, contactdat1_.photo as photo13_1_1_, contactdat1_.work as work14_1_1_ from address_in_groups contacts0_ inner join addressbook contactdat1_ on contacts0_.id=contactdat1_.id where contacts0_.group_id=?
Hibernate: select contacts0_.group_id as group_id2_0_0_, contacts0_.id as id1_0_0_, contactdat1_.id as id1_1_1_, contactdat1_.address as address2_1_1_, contactdat1_.bmonth as bmonth3_1_1_, contactdat1_.byear as byear4_1_1_, contactdat1_.email as email5_1_1_, contactdat1_.email2 as email6_1_1_, contactdat1_.email3 as email7_1_1_, contactdat1_.firstname as firstnam8_1_1_, contactdat1_.home as home9_1_1_, contactdat1_.lastname as lastnam10_1_1_, contactdat1_.middlename as middlen11_1_1_, contactdat1_.mobile as mobile12_1_1_, contactdat1_.photo as photo13_1_1_, contactdat1_.work as work14_1_1_ from address_in_groups contacts0_ inner join addressbook contactdat1_ on contacts0_.id=contactdat1_.id where contacts0_.group_id=?
Hibernate: select contacts0_.group_id as group_id2_0_0_, contacts0_.id as id1_0_0_, contactdat1_.id as id1_1_1_, contactdat1_.address as address2_1_1_, contactdat1_.bmonth as bmonth3_1_1_, contactdat1_.byear as byear4_1_1_, contactdat1_.email as email5_1_1_, contactdat1_.email2 as email6_1_1_, contactdat1_.email3 as email7_1_1_, contactdat1_.firstname as firstnam8_1_1_, contactdat1_.home as home9_1_1_, contactdat1_.lastname as lastnam10_1_1_, contactdat1_.middlename as middlen11_1_1_, contactdat1_.mobile as mobile12_1_1_, contactdat1_.photo as photo13_1_1_, contactdat1_.work as work14_1_1_ from address_in_groups contacts0_ inner join addressbook contactdat1_ on contacts0_.id=contactdat1_.id where contacts0_.group_id=?
Hibernate: select contacts0_.group_id as group_id2_0_0_, contacts0_.id as id1_0_0_, contactdat1_.id as id1_1_1_, contactdat1_.address as address2_1_1_, contactdat1_.bmonth as bmonth3_1_1_, contactdat1_.byear as byear4_1_1_, contactdat1_.email as email5_1_1_, contactdat1_.email2 as email6_1_1_, contactdat1_.email3 as email7_1_1_, contactdat1_.firstname as firstnam8_1_1_, contactdat1_.home as home9_1_1_, contactdat1_.lastname as lastnam10_1_1_, contactdat1_.middlename as middlen11_1_1_, contactdat1_.mobile as mobile12_1_1_, contactdat1_.photo as photo13_1_1_, contactdat1_.work as work14_1_1_ from address_in_groups contacts0_ inner join addressbook contactdat1_ on contacts0_.id=contactdat1_.id where contacts0_.group_id=?
Hibernate: select contacts0_.group_id as group_id2_0_0_, contacts0_.id as id1_0_0_, contactdat1_.id as id1_1_1_, contactdat1_.address as address2_1_1_, contactdat1_.bmonth as bmonth3_1_1_, contactdat1_.byear as byear4_1_1_, contactdat1_.email as email5_1_1_, contactdat1_.email2 as email6_1_1_, contactdat1_.email3 as email7_1_1_, contactdat1_.firstname as firstnam8_1_1_, contactdat1_.home as home9_1_1_, contactdat1_.lastname as lastnam10_1_1_, contactdat1_.middlename as middlen11_1_1_, contactdat1_.mobile as mobile12_1_1_, contactdat1_.photo as photo13_1_1_, contactdat1_.work as work14_1_1_ from address_in_groups contacts0_ inner join addressbook contactdat1_ on contacts0_.id=contactdat1_.id where contacts0_.group_id=?
Hibernate: select contacts0_.group_id as group_id2_0_0_, contacts0_.id as id1_0_0_, contactdat1_.id as id1_1_1_, contactdat1_.address as address2_1_1_, contactdat1_.bmonth as bmonth3_1_1_, contactdat1_.byear as byear4_1_1_, contactdat1_.email as email5_1_1_, contactdat1_.email2 as email6_1_1_, contactdat1_.email3 as email7_1_1_, contactdat1_.firstname as firstnam8_1_1_, contactdat1_.home as home9_1_1_, contactdat1_.lastname as lastnam10_1_1_, contactdat1_.middlename as middlen11_1_1_, contactdat1_.mobile as mobile12_1_1_, contactdat1_.photo as photo13_1_1_, contactdat1_.work as work14_1_1_ from address_in_groups contacts0_ inner join addressbook contactdat1_ on contacts0_.id=contactdat1_.id where contacts0_.group_id=?
Hibernate: select contacts0_.group_id as group_id2_0_0_, contacts0_.id as id1_0_0_, contactdat1_.id as id1_1_1_, contactdat1_.address as address2_1_1_, contactdat1_.bmonth as bmonth3_1_1_, contactdat1_.byear as byear4_1_1_, contactdat1_.email as email5_1_1_, contactdat1_.email2 as email6_1_1_, contactdat1_.email3 as email7_1_1_, contactdat1_.firstname as firstnam8_1_1_, contactdat1_.home as home9_1_1_, contactdat1_.lastname as lastnam10_1_1_, contactdat1_.middlename as middlen11_1_1_, contactdat1_.mobile as mobile12_1_1_, contactdat1_.photo as photo13_1_1_, contactdat1_.work as work14_1_1_ from address_in_groups contacts0_ inner join addressbook contactdat1_ on contacts0_.id=contactdat1_.id where contacts0_.group_id=?
Hibernate: select contacts0_.group_id as group_id2_0_0_, contacts0_.id as id1_0_0_, contactdat1_.id as id1_1_1_, contactdat1_.address as address2_1_1_, contactdat1_.bmonth as bmonth3_1_1_, contactdat1_.byear as byear4_1_1_, contactdat1_.email as email5_1_1_, contactdat1_.email2 as email6_1_1_, contactdat1_.email3 as email7_1_1_, contactdat1_.firstname as firstnam8_1_1_, contactdat1_.home as home9_1_1_, contactdat1_.lastname as lastnam10_1_1_, contactdat1_.middlename as middlen11_1_1_, contactdat1_.mobile as mobile12_1_1_, contactdat1_.photo as photo13_1_1_, contactdat1_.work as work14_1_1_ from address_in_groups contacts0_ inner join addressbook contactdat1_ on contacts0_.id=contactdat1_.id where contacts0_.group_id=?
20:17:44.660 [Test worker] INFO  r.s.pft.addressbook.tests.TestBase - End testtestGroupCreation
]]></system-out>
  <system-err><![CDATA[]]></system-err>
</testsuite>
